#
# There is insufficient memory for the Java Runtime Environment to continue.
# Native memory allocation (mmap) failed to map 299892736 bytes for Failed to commit area from 0x0000000094d00000 to 0x00000000a6b00000 of length 299892736.
# Possible reasons:
#   The system is out of physical RAM or swap space
#   The process is running with CompressedOops enabled, and the Java Heap may be blocking the growth of the native heap
# Possible solutions:
#   Reduce memory load on the system
#   Increase physical memory or swap space
#   Check if swap backing store is full
#   Decrease Java heap size (-Xmx/-Xms)
#   Decrease number of Java threads
#   Decrease Java thread stack sizes (-Xss)
#   Set larger code cache with -XX:ReservedCodeCacheSize=
#   JVM is running with Unscaled Compressed Oops mode in which the Java heap is
#     placed in the first 4GB address space. The Java Heap base address is the
#     maximum limit for the native heap growth. Please use -XX:HeapBaseMinAddress
#     to set the Java Heap base and to place the Java Heap above 4GB virtual address.
# This output file may be truncated or incomplete.
#
#  Out of Memory Error (./src/hotspot/os/windows/os_windows.cpp:3619), pid=2988, tid=12876
#
# JRE version: OpenJDK Runtime Environment (11.0.13) (build 11.0.13+0-b1751.21-8125866)
# Java VM: OpenJDK 64-Bit Server VM (11.0.13+0-b1751.21-8125866, mixed mode, tiered, compressed oops, g1 gc, windows-amd64)
# No core dump will be written. Minidumps are not enabled by default on client versions of Windows
#

---------------  S U M M A R Y ------------

Command Line: --add-opens=java.base/java.util=ALL-UNNAMED --add-opens=java.base/java.lang=ALL-UNNAMED --add-opens=java.base/java.lang.invoke=ALL-UNNAMED --add-opens=java.base/java.util=ALL-UNNAMED --add-opens=java.prefs/java.util.prefs=ALL-UNNAMED --add-opens=java.prefs/java.util.prefs=ALL-UNNAMED --add-opens=java.base/java.nio.charset=ALL-UNNAMED --add-opens=java.base/java.net=ALL-UNNAMED --add-opens=java.base/java.util.concurrent.atomic=ALL-UNNAMED -Xmx2048m -Dfile.encoding=UTF-8 -Duser.country=US -Duser.language=en -Duser.variant org.gradle.launcher.daemon.bootstrap.GradleDaemon 7.4

Host: Intel(R) Core(TM) i5-4310U CPU @ 2.00GHz, 4 cores, 7G,  Windows 10 , 64 bit Build 19041 (10.0.19041.2364)
Time: Sun May  7 16:09:15 2023 Egypt Standard Time elapsed time: 71.781465 seconds (0d 0h 1m 11s)

---------------  T H R E A D  ---------------

Current thread (0x00000182ed996000):  VMThread "VM Thread" [stack: 0x0000004519700000,0x0000004519800000] [id=12876]

Stack: [0x0000004519700000,0x0000004519800000]
[error occurred during error reporting (printing stack bounds), id 0xc0000005, EXCEPTION_ACCESS_VIOLATION (0xc0000005) at pc=0x00000182d712112d]

Native frames: (J=compiled Java code, j=interpreted, Vv=VM code, C=native code)
V  [jvm.dll+0x6100fa]
V  [jvm.dll+0x747090]
V  [jvm.dll+0x7486ad]
V  [jvm.dll+0x748ce5]
V  [jvm.dll+0x748c9b]
V  [jvm.dll+0x60f224]
V  [jvm.dll+0x60f9b8]
C  [ntdll.dll+0xa241f]
C  [ntdll.dll+0x514a4]
C  [ntdll.dll+0xa0f4e]
C  0x00000182d712112d

VM_Operation (0x000000451fafdee0): G1CollectForAllocation, mode: safepoint, requested by thread 0x00000182f2e39000


---------------  P R O C E S S  ---------------

Threads class SMR info:
_java_thread_list=0x00000182fd9f9000, length=100, elements={
0x00000182d1e2c000, 0x00000182ed99b000, 0x00000182ed99e800, 0x00000182ee333800,
0x00000182ed9b9000, 0x00000182ed9bc800, 0x00000182ed9c1000, 0x00000182ed9c6000,
0x00000182ed9cd000, 0x00000182ee46e800, 0x00000182f0e9a000, 0x00000182efde1000,
0x00000182eed82000, 0x00000182eee22800, 0x00000182eeebe800, 0x00000182f0aaa800,
0x00000182f0aa9800, 0x00000182f0aa4800, 0x00000182f0aa7000, 0x00000182f0aa8000,
0x00000182f0aa8800, 0x00000182f0aab000, 0x00000182f0aa5800, 0x00000182f0aa6000,
0x00000182ef65f000, 0x00000182ef65e000, 0x00000182f24c3000, 0x00000182f24c2800,
0x00000182f24c6800, 0x00000182f5978000, 0x00000182f597a800, 0x00000182f5979800,
0x00000182f597d000, 0x00000182f597c000, 0x00000182f5977800, 0x00000182f597e000,
0x00000182f597e800, 0x00000182f5979000, 0x00000182f5984800, 0x00000182f5981000,
0x00000182f5985000, 0x00000182f597f800, 0x00000182f5983800, 0x00000182f5986000,
0x00000182f5982000, 0x00000182f5980000, 0x00000182f5982800, 0x00000182f24b8800,
0x00000182f24b8000, 0x00000182f24ba000, 0x00000182f24b9800, 0x00000182f24c0000,
0x00000182f24bb000, 0x00000182f24c1800, 0x00000182f24bc000, 0x00000182f24bc800,
0x00000182f24bd800, 0x00000182f24be800, 0x00000182f24c1000, 0x00000182f24bf000,
0x00000182f24c4000, 0x00000182f24c5000, 0x00000182f24c5800, 0x00000182ef65f800,
0x00000182ef666000, 0x00000182ef662000, 0x00000182ef660800, 0x00000182ef663800,
0x00000182ef663000, 0x00000182ef668000, 0x00000182ef668800, 0x00000182ef66a800,
0x00000182ef66c000, 0x00000182ef66c800, 0x00000182ef667000, 0x00000182ef669800,
0x00000182ef66b000, 0x00000182f2e2b000, 0x00000182f2e30000, 0x00000182f2e31800,
0x00000182f2e30800, 0x00000182f2e2c000, 0x00000182f2e2f000, 0x00000182f2e32800,
0x00000182f2e2c800, 0x00000182f2e33000, 0x00000182f2e2d800, 0x00000182f2e34000,
0x00000182f2e2e000, 0x00000182f2e34800, 0x00000182f2e39800, 0x00000182f2e36800,
0x00000182f2e37000, 0x00000182f2e35800, 0x00000182f2e38000, 0x00000182fc4fc800,
0x00000182f2e39000, 0x00000182f0c07000, 0x00000182f0c02800, 0x00000182f0c04800
}

Java Threads: ( => current thread )
  0x00000182d1e2c000 JavaThread "main" [_thread_blocked, id=9792, stack(0x0000004519100000,0x0000004519200000)]
  0x00000182ed99b000 JavaThread "Reference Handler" daemon [_thread_blocked, id=10328, stack(0x0000004519800000,0x0000004519900000)]
  0x00000182ed99e800 JavaThread "Finalizer" daemon [_thread_blocked, id=5408, stack(0x0000004519900000,0x0000004519a00000)]
  0x00000182ee333800 JavaThread "Signal Dispatcher" daemon [_thread_blocked, id=892, stack(0x0000004519a00000,0x0000004519b00000)]
  0x00000182ed9b9000 JavaThread "Attach Listener" daemon [_thread_blocked, id=2764, stack(0x0000004519b00000,0x0000004519c00000)]
  0x00000182ed9bc800 JavaThread "Service Thread" daemon [_thread_blocked, id=13300, stack(0x0000004519c00000,0x0000004519d00000)]
  0x00000182ed9c1000 JavaThread "C2 CompilerThread0" daemon [_thread_blocked, id=9672, stack(0x0000004519d00000,0x0000004519e00000)]
  0x00000182ed9c6000 JavaThread "C1 CompilerThread0" daemon [_thread_blocked, id=8216, stack(0x0000004519e00000,0x0000004519f00000)]
  0x00000182ed9cd000 JavaThread "Sweeper thread" daemon [_thread_blocked, id=9472, stack(0x0000004519f00000,0x000000451a000000)]
  0x00000182ee46e800 JavaThread "Common-Cleaner" daemon [_thread_blocked, id=4412, stack(0x000000451a000000,0x000000451a100000)]
  0x00000182f0e9a000 JavaThread "Daemon health stats" [_thread_blocked, id=11176, stack(0x000000451a500000,0x000000451a600000)]
  0x00000182efde1000 JavaThread "Incoming local TCP Connector on port 2247" [_thread_in_native, id=2472, stack(0x000000451a400000,0x000000451a500000)]
  0x00000182eed82000 JavaThread "Daemon periodic checks" [_thread_blocked, id=3060, stack(0x000000451a600000,0x000000451a700000)]
  0x00000182eee22800 JavaThread "Daemon" [_thread_blocked, id=13272, stack(0x000000451a700000,0x000000451a800000)]
  0x00000182eeebe800 JavaThread "Daemon worker" [_thread_blocked, id=13088, stack(0x000000451aa00000,0x000000451ab00000)]
  0x00000182f0aaa800 JavaThread "Cache worker for journal cache (D:\caches\journal-1)" [_thread_blocked, id=452, stack(0x000000451af00000,0x000000451b000000)]
  0x00000182f0aa9800 JavaThread "File lock request listener" [_thread_in_native, id=7264, stack(0x000000451b000000,0x000000451b100000)]
  0x00000182f0aa4800 JavaThread "Cache worker for file hash cache (D:\caches\7.4\fileHashes)" [_thread_blocked, id=10096, stack(0x000000451b100000,0x000000451b200000)]
  0x00000182f0aa7000 JavaThread "File watcher server" daemon [_thread_blocked, id=10268, stack(0x000000451b300000,0x000000451b400000)]
  0x00000182f0aa8000 JavaThread "File watcher consumer" daemon [_thread_blocked, id=12388, stack(0x000000451b400000,0x000000451b500000)]
  0x00000182f0aa8800 JavaThread "jar transforms" [_thread_blocked, id=1780, stack(0x000000451b500000,0x000000451b600000)]
  0x00000182f0aab000 JavaThread "jar transforms Thread 2" [_thread_blocked, id=2756, stack(0x000000451b600000,0x000000451b700000)]
  0x00000182f0aa5800 JavaThread "jar transforms Thread 3" [_thread_blocked, id=10536, stack(0x000000451b700000,0x000000451b800000)]
  0x00000182f0aa6000 JavaThread "jar transforms Thread 4" [_thread_blocked, id=11692, stack(0x000000451b800000,0x000000451b900000)]
  0x00000182ef65f000 JavaThread "Cache worker for execution history cache (D:\caches\7.4\executionHistory)" [_thread_blocked, id=13240, stack(0x000000451bd00000,0x000000451be00000)]
  0x00000182ef65e000 JavaThread "Cache worker for file content cache (D:\caches\7.4\fileContent)" [_thread_blocked, id=1800, stack(0x000000451be00000,0x000000451bf00000)]
  0x00000182f24c3000 JavaThread "Memory manager" [_thread_blocked, id=6760, stack(0x000000451e900000,0x000000451ea00000)]
  0x00000182f24c2800 JavaThread "pool-3-thread-1" [_thread_blocked, id=11768, stack(0x000000451ea00000,0x000000451eb00000)]
  0x00000182f24c6800 JavaThread "included builds" [_thread_blocked, id=5948, stack(0x000000451b200000,0x000000451b300000)]
  0x00000182f5978000 JavaThread "Handler for socket connection from /127.0.0.1:2247 to /127.0.0.1:2257" [_thread_in_native, id=1592, stack(0x0000004518f00000,0x0000004519000000)]
  0x00000182f597a800 JavaThread "Cancel handler" [_thread_blocked, id=6596, stack(0x000000451a800000,0x000000451a900000)]
  0x00000182f5979800 JavaThread "Asynchronous log dispatcher for DefaultDaemonConnection: socket connection from /127.0.0.1:2247 to /127.0.0.1:2257" [_thread_blocked, id=10520, stack(0x000000451a900000,0x000000451aa00000)]
  0x00000182f597d000 JavaThread "Stdin handler" [_thread_blocked, id=2608, stack(0x000000451ab00000,0x000000451ac00000)]
  0x00000182f597c000 JavaThread "Daemon client event forwarder" [_thread_blocked, id=768, stack(0x000000451ac00000,0x000000451ad00000)]
  0x00000182f5977800 JavaThread "Cache worker for checksums cache (C:\Users\Sammy\AndroidStudioProjects\SaidalyTech\.gradle\7.4\checksums)" [_thread_blocked, id=12868, stack(0x000000451ad00000,0x000000451ae00000)]
  0x00000182f597e000 JavaThread "Cache worker for cache directory md-rule (D:\caches\7.4\md-rule)" [_thread_blocked, id=7212, stack(0x000000451b900000,0x000000451ba00000)]
  0x00000182f597e800 JavaThread "Cache worker for file hash cache (C:\Users\Sammy\AndroidStudioProjects\SaidalyTech\.gradle\7.4\fileHashes)" [_thread_blocked, id=1264, stack(0x000000451bb00000,0x000000451bc00000)]
  0x00000182f5979000 JavaThread "Cache worker for cache directory md-supplier (D:\caches\7.4\md-supplier)" [_thread_blocked, id=8584, stack(0x000000451bc00000,0x000000451bd00000)]
  0x00000182f5984800 JavaThread "Cache worker for dependencies-accessors (C:\Users\Sammy\AndroidStudioProjects\SaidalyTech\.gradle\7.4\dependencies-accessors)" [_thread_blocked, id=10868, stack(0x000000451bf00000,0x000000451c000000)]
  0x00000182f5981000 JavaThread "Cache worker for Build Output Cleanup Cache (C:\Users\Sammy\AndroidStudioProjects\SaidalyTech\.gradle\buildOutputCleanup)" [_thread_blocked, id=12808, stack(0x000000451c000000,0x000000451c100000)]
  0x00000182f5985000 JavaThread "Unconstrained build operations" [_thread_blocked, id=8456, stack(0x000000451c100000,0x000000451c200000)]
  0x00000182f597f800 JavaThread "Unconstrained build operations Thread 2" [_thread_blocked, id=3432, stack(0x000000451c200000,0x000000451c300000)]
  0x00000182f5983800 JavaThread "Unconstrained build operations Thread 3" [_thread_blocked, id=5284, stack(0x000000451c300000,0x000000451c400000)]
  0x00000182f5986000 JavaThread "Unconstrained build operations Thread 4" [_thread_blocked, id=10780, stack(0x000000451c400000,0x000000451c500000)]
  0x00000182f5982000 JavaThread "Unconstrained build operations Thread 5" [_thread_blocked, id=188, stack(0x000000451c500000,0x000000451c600000)]
  0x00000182f5980000 JavaThread "Unconstrained build operations Thread 6" [_thread_blocked, id=12600, stack(0x000000451c600000,0x000000451c700000)]
  0x00000182f5982800 JavaThread "Unconstrained build operations Thread 7" [_thread_blocked, id=4756, stack(0x000000451c700000,0x000000451c800000)]
  0x00000182f24b8800 JavaThread "Unconstrained build operations Thread 8" [_thread_blocked, id=12348, stack(0x000000451c800000,0x000000451c900000)]
  0x00000182f24b8000 JavaThread "Unconstrained build operations Thread 9" [_thread_blocked, id=2612, stack(0x000000451c900000,0x000000451ca00000)]
  0x00000182f24ba000 JavaThread "Unconstrained build operations Thread 10" [_thread_blocked, id=6816, stack(0x000000451ca00000,0x000000451cb00000)]
  0x00000182f24b9800 JavaThread "Unconstrained build operations Thread 11" [_thread_blocked, id=6084, stack(0x000000451cb00000,0x000000451cc00000)]
  0x00000182f24c0000 JavaThread "Unconstrained build operations Thread 12" [_thread_blocked, id=8264, stack(0x000000451cc00000,0x000000451cd00000)]
  0x00000182f24bb000 JavaThread "Unconstrained build operations Thread 13" [_thread_blocked, id=13128, stack(0x000000451cd00000,0x000000451ce00000)]
  0x00000182f24c1800 JavaThread "Unconstrained build operations Thread 14" [_thread_blocked, id=1192, stack(0x000000451ce00000,0x000000451cf00000)]
  0x00000182f24bc000 JavaThread "Unconstrained build operations Thread 15" [_thread_blocked, id=2052, stack(0x000000451cf00000,0x000000451d000000)]
  0x00000182f24bc800 JavaThread "Unconstrained build operations Thread 16" [_thread_blocked, id=2716, stack(0x000000451d000000,0x000000451d100000)]
  0x00000182f24bd800 JavaThread "Unconstrained build operations Thread 17" [_thread_blocked, id=5176, stack(0x000000451d100000,0x000000451d200000)]
  0x00000182f24be800 JavaThread "Unconstrained build operations Thread 18" [_thread_blocked, id=6340, stack(0x000000451d200000,0x000000451d300000)]
  0x00000182f24c1000 JavaThread "Unconstrained build operations Thread 19" [_thread_blocked, id=11140, stack(0x000000451d300000,0x000000451d400000)]
  0x00000182f24bf000 JavaThread "Unconstrained build operations Thread 20" [_thread_blocked, id=192, stack(0x000000451d400000,0x000000451d500000)]
  0x00000182f24c4000 JavaThread "Unconstrained build operations Thread 21" [_thread_blocked, id=13116, stack(0x000000451d500000,0x000000451d600000)]
  0x00000182f24c5000 JavaThread "Unconstrained build operations Thread 22" [_thread_blocked, id=5180, stack(0x000000451d600000,0x000000451d700000)]
  0x00000182f24c5800 JavaThread "Unconstrained build operations Thread 23" [_thread_blocked, id=5416, stack(0x000000451d700000,0x000000451d800000)]
  0x00000182ef65f800 JavaThread "Unconstrained build operations Thread 24" [_thread_blocked, id=10732, stack(0x000000451d800000,0x000000451d900000)]
  0x00000182ef666000 JavaThread "Unconstrained build operations Thread 25" [_thread_blocked, id=13200, stack(0x000000451d900000,0x000000451da00000)]
  0x00000182ef662000 JavaThread "Unconstrained build operations Thread 26" [_thread_blocked, id=2820, stack(0x000000451da00000,0x000000451db00000)]
  0x00000182ef660800 JavaThread "Unconstrained build operations Thread 27" [_thread_blocked, id=11284, stack(0x000000451db00000,0x000000451dc00000)]
  0x00000182ef663800 JavaThread "Unconstrained build operations Thread 28" [_thread_blocked, id=12456, stack(0x000000451dc00000,0x000000451dd00000)]
  0x00000182ef663000 JavaThread "Unconstrained build operations Thread 29" [_thread_blocked, id=10956, stack(0x000000451dd00000,0x000000451de00000)]
  0x00000182ef668000 JavaThread "Unconstrained build operations Thread 30" [_thread_blocked, id=10332, stack(0x000000451de00000,0x000000451df00000)]
  0x00000182ef668800 JavaThread "Unconstrained build operations Thread 31" [_thread_blocked, id=3524, stack(0x000000451df00000,0x000000451e000000)]
  0x00000182ef66a800 JavaThread "Unconstrained build operations Thread 32" [_thread_blocked, id=2692, stack(0x000000451e000000,0x000000451e100000)]
  0x00000182ef66c000 JavaThread "Unconstrained build operations Thread 33" [_thread_blocked, id=10776, stack(0x000000451e100000,0x000000451e200000)]
  0x00000182ef66c800 JavaThread "Unconstrained build operations Thread 34" [_thread_blocked, id=5868, stack(0x000000451e200000,0x000000451e300000)]
  0x00000182ef667000 JavaThread "Unconstrained build operations Thread 35" [_thread_blocked, id=6912, stack(0x000000451e300000,0x000000451e400000)]
  0x00000182ef669800 JavaThread "Unconstrained build operations Thread 36" [_thread_blocked, id=1804, stack(0x000000451e400000,0x000000451e500000)]
  0x00000182ef66b000 JavaThread "Unconstrained build operations Thread 37" [_thread_blocked, id=13280, stack(0x000000451e500000,0x000000451e600000)]
  0x00000182f2e2b000 JavaThread "Unconstrained build operations Thread 38" [_thread_blocked, id=7484, stack(0x000000451e600000,0x000000451e700000)]
  0x00000182f2e30000 JavaThread "Unconstrained build operations Thread 39" [_thread_blocked, id=8564, stack(0x000000451e700000,0x000000451e800000)]
  0x00000182f2e31800 JavaThread "Unconstrained build operations Thread 40" [_thread_blocked, id=10420, stack(0x000000451e800000,0x000000451e900000)]
  0x00000182f2e30800 JavaThread "build event listener" [_thread_blocked, id=7772, stack(0x0000004519000000,0x0000004519100000)]
  0x00000182f2e2c000 JavaThread "pool-6-thread-1" [_thread_blocked, id=7944, stack(0x000000451ba00000,0x000000451bb00000)]
  0x00000182f2e2f000 JavaThread "build event listener" [_thread_blocked, id=12488, stack(0x000000451ed00000,0x000000451ee00000)]
  0x00000182f2e32800 JavaThread "included builds" [_thread_blocked, id=8368, stack(0x000000451ee00000,0x000000451ef00000)]
  0x00000182f2e2c800 JavaThread "Execution worker for ':'" [_thread_blocked, id=12340, stack(0x000000451ef00000,0x000000451f000000)]
  0x00000182f2e33000 JavaThread "Execution worker for ':' Thread 2" [_thread_blocked, id=10132, stack(0x000000451f000000,0x000000451f100000)]
  0x00000182f2e2d800 JavaThread "Execution worker for ':' Thread 3" [_thread_blocked, id=12132, stack(0x000000451f100000,0x000000451f200000)]
  0x00000182f2e34000 JavaThread "Cache worker for execution history cache (C:\Users\Sammy\AndroidStudioProjects\SaidalyTech\.gradle\7.4\executionHistory)" [_thread_blocked, id=11796, stack(0x000000451f200000,0x000000451f300000)]
  0x00000182f2e2e000 JavaThread "WorkerExecutor Queue" [_thread_blocked, id=13092, stack(0x000000451f300000,0x000000451f400000)]
  0x00000182f2e34800 JavaThread "WorkerExecutor Queue Thread 2" [_thread_blocked, id=12468, stack(0x000000451f400000,0x000000451f500000)]
  0x00000182f2e39800 JavaThread "WorkerExecutor Queue Thread 3" [_thread_blocked, id=10936, stack(0x000000451f500000,0x000000451f600000)]
  0x00000182f2e36800 JavaThread "WorkerExecutor Queue Thread 4" [_thread_blocked, id=9624, stack(0x000000451f600000,0x000000451f700000)]
  0x00000182f2e37000 JavaThread "pool-7-thread-1" [_thread_blocked, id=2396, stack(0x000000451f700000,0x000000451f800000)]
  0x00000182f2e35800 JavaThread "stderr" [_thread_in_native, id=5444, stack(0x0000004518e00000,0x0000004518f00000)]
  0x00000182f2e38000 JavaThread "stdout" [_thread_in_native, id=9212, stack(0x000000451f800000,0x000000451f900000)]
  0x00000182fc4fc800 JavaThread "C2 CompilerThread1" daemon [_thread_blocked, id=1500, stack(0x000000451f900000,0x000000451fa00000)]
  0x00000182f2e39000 JavaThread "ForkJoinPool-1-worker-3" daemon [_thread_blocked, id=4400, stack(0x000000451fa00000,0x000000451fb00000)]
  0x00000182f0c07000 JavaThread "ForkJoinPool-1-worker-5" daemon [_thread_blocked, id=8348, stack(0x000000451fb00000,0x000000451fc00000)]
  0x00000182f0c02800 JavaThread "ForkJoinPool-1-worker-7" daemon [_thread_blocked, id=10400, stack(0x000000451fc00000,0x000000451fd00000)]
  0x00000182f0c04800 JavaThread "ForkJoinPool-1-worker-1" daemon [_thread_blocked, id=12992, stack(0x000000451fd00000,0x000000451fe00000)]

Other Threads:
=>0x00000182ed996000 VMThread "VM Thread" [stack: 0x0000004519700000,0x0000004519800000] [id=12876]
  0x00000182ee491800 WatcherThread [stack: 0x000000451a100000,0x000000451a200000] [id=5004]
  0x00000182d1e44000 GCTaskThread "GC Thread#0" [stack: 0x0000004519200000,0x0000004519300000] [id=5188]
  0x00000182ee96d800 GCTaskThread "GC Thread#1" [stack: 0x000000451a200000,0x000000451a300000] [id=10300]
  0x00000182ee7ed800 GCTaskThread "GC Thread#2" [stack: 0x000000451a300000,0x000000451a400000] [id=12296]
  0x00000182ef309800 GCTaskThread "GC Thread#3" [stack: 0x000000451ae00000,0x000000451af00000] [id=6424]
  0x00000182d1e77800 ConcurrentGCThread "G1 Main Marker" [stack: 0x0000004519300000,0x0000004519400000] [id=7236]
  0x00000182d1e78800 ConcurrentGCThread "G1 Conc#0" [stack: 0x0000004519400000,0x0000004519500000] [id=2868]
  0x00000182d1f04000 ConcurrentGCThread "G1 Refine#0" [stack: 0x0000004519500000,0x0000004519600000] [id=11004]
  0x00000182d1f05000 ConcurrentGCThread "G1 Young RemSet Sampling" [stack: 0x0000004519600000,0x0000004519700000] [id=6988]

Threads with active compile tasks:
C2 CompilerThread0  71801 16205       4       com.android.tools.r8.dex.i::a (829 bytes)
C1 CompilerThread0  71801 16392       2       com.android.tools.r8.graph.N2::b (157 bytes)
C2 CompilerThread1  71801 16174 %     4       com.android.tools.r8.dex.i::a @ 310 (1036 bytes)

VM state:at safepoint (normal execution)

VM Mutex/Monitor currently owned by a thread:  ([mutex/lock_event])
[0x00000182d1e28a10] Threads_lock - owner thread: 0x00000182ed996000
[0x00000182d1e26cd0] Heap_lock - owner thread: 0x00000182f2e39000

Heap address: 0x0000000080000000, size: 2048 MB, Compressed Oops mode: 32-bit
Narrow klass base: 0x0000000000000000, Narrow klass shift: 3
Compressed class space size: 1073741824 Address: 0x0000000100000000

Heap:
 garbage-first heap   total 633856K, used 285344K [0x0000000080000000, 0x0000000100000000)
  region size 1024K, 2 young (2048K), 2 survivors (2048K)
 Metaspace       used 124872K, capacity 128101K, committed 128328K, reserved 1161216K
  class space    used 15667K, capacity 16841K, committed 16896K, reserved 1048576K
Heap Regions: E=young(eden), S=young(survivor), O=old, HS=humongous(starts), HC=humongous(continues), CS=collection set, F=free, A=archive, TAMS=top-at-mark-start (previous, next)
|   0|0x0000000080000000, 0x0000000080100000, 0x0000000080100000|100%| O|  |TAMS 0x0000000080100000, 0x0000000080100000| Untracked 
|   1|0x0000000080100000, 0x0000000080200000, 0x0000000080200000|100%| O|  |TAMS 0x0000000080200000, 0x0000000080200000| Untracked 
|   2|0x0000000080200000, 0x0000000080300000, 0x0000000080300000|100%| O|  |TAMS 0x0000000080300000, 0x0000000080300000| Untracked 
|   3|0x0000000080300000, 0x0000000080400000, 0x0000000080400000|100%|HS|  |TAMS 0x0000000080400000, 0x0000000080400000| Complete 
|   4|0x0000000080400000, 0x0000000080500000, 0x0000000080500000|100%|HC|  |TAMS 0x0000000080500000, 0x0000000080500000| Complete 
|   5|0x0000000080500000, 0x0000000080600000, 0x0000000080600000|100%|HC|  |TAMS 0x0000000080600000, 0x0000000080600000| Complete 
|   6|0x0000000080600000, 0x0000000080700000, 0x0000000080700000|100%| O|  |TAMS 0x0000000080700000, 0x0000000080700000| Untracked 
|   7|0x0000000080700000, 0x0000000080800000, 0x0000000080800000|100%| O|  |TAMS 0x0000000080800000, 0x0000000080800000| Untracked 
|   8|0x0000000080800000, 0x0000000080900000, 0x0000000080900000|100%| O|  |TAMS 0x0000000080900000, 0x0000000080900000| Untracked 
|   9|0x0000000080900000, 0x0000000080a00000, 0x0000000080a00000|100%| O|  |TAMS 0x0000000080a00000, 0x0000000080a00000| Untracked 
|  10|0x0000000080a00000, 0x0000000080b00000, 0x0000000080b00000|100%| O|  |TAMS 0x0000000080b00000, 0x0000000080b00000| Untracked 
|  11|0x0000000080b00000, 0x0000000080c00000, 0x0000000080c00000|100%| O|  |TAMS 0x0000000080c00000, 0x0000000080c00000| Untracked 
|  12|0x0000000080c00000, 0x0000000080d00000, 0x0000000080d00000|100%| O|  |TAMS 0x0000000080d00000, 0x0000000080d00000| Untracked 
|  13|0x0000000080d00000, 0x0000000080e00000, 0x0000000080e00000|100%| O|  |TAMS 0x0000000080e00000, 0x0000000080e00000| Untracked 
|  14|0x0000000080e00000, 0x0000000080f00000, 0x0000000080f00000|100%| O|  |TAMS 0x0000000080f00000, 0x0000000080f00000| Untracked 
|  15|0x0000000080f00000, 0x0000000081000000, 0x0000000081000000|100%| O|  |TAMS 0x0000000081000000, 0x0000000081000000| Untracked 
|  16|0x0000000081000000, 0x0000000081100000, 0x0000000081100000|100%| O|  |TAMS 0x0000000081100000, 0x0000000081100000| Untracked 
|  17|0x0000000081100000, 0x0000000081200000, 0x0000000081200000|100%|HS|  |TAMS 0x0000000081200000, 0x0000000081200000| Complete 
|  18|0x0000000081200000, 0x0000000081300000, 0x0000000081300000|100%|HC|  |TAMS 0x0000000081300000, 0x0000000081300000| Complete 
|  19|0x0000000081300000, 0x0000000081400000, 0x0000000081400000|100%|HS|  |TAMS 0x0000000081400000, 0x0000000081400000| Complete 
|  20|0x0000000081400000, 0x0000000081500000, 0x0000000081500000|100%|HC|  |TAMS 0x0000000081500000, 0x0000000081500000| Complete 
|  21|0x0000000081500000, 0x0000000081600000, 0x0000000081600000|100%|HC|  |TAMS 0x0000000081600000, 0x0000000081600000| Complete 
|  22|0x0000000081600000, 0x0000000081700000, 0x0000000081700000|100%|HS|  |TAMS 0x0000000081700000, 0x0000000081700000| Complete 
|  23|0x0000000081700000, 0x0000000081800000, 0x0000000081800000|100%|HC|  |TAMS 0x0000000081800000, 0x0000000081800000| Complete 
|  24|0x0000000081800000, 0x0000000081900000, 0x0000000081900000|100%|HC|  |TAMS 0x0000000081900000, 0x0000000081900000| Complete 
|  25|0x0000000081900000, 0x0000000081a00000, 0x0000000081a00000|100%|HC|  |TAMS 0x0000000081a00000, 0x0000000081a00000| Complete 
|  26|0x0000000081a00000, 0x0000000081b00000, 0x0000000081b00000|100%|HC|  |TAMS 0x0000000081b00000, 0x0000000081b00000| Complete 
|  27|0x0000000081b00000, 0x0000000081c00000, 0x0000000081c00000|100%|HS|  |TAMS 0x0000000081c00000, 0x0000000081c00000| Complete 
|  28|0x0000000081c00000, 0x0000000081d00000, 0x0000000081d00000|100%|HC|  |TAMS 0x0000000081d00000, 0x0000000081d00000| Complete 
|  29|0x0000000081d00000, 0x0000000081e00000, 0x0000000081e00000|100%|HC|  |TAMS 0x0000000081e00000, 0x0000000081e00000| Complete 
|  30|0x0000000081e00000, 0x0000000081f00000, 0x0000000081f00000|100%|HS|  |TAMS 0x0000000081f00000, 0x0000000081f00000| Complete 
|  31|0x0000000081f00000, 0x0000000082000000, 0x0000000082000000|100%|HS|  |TAMS 0x0000000082000000, 0x0000000082000000| Complete 
|  32|0x0000000082000000, 0x0000000082100000, 0x0000000082100000|100%|HC|  |TAMS 0x0000000082100000, 0x0000000082100000| Complete 
|  33|0x0000000082100000, 0x0000000082200000, 0x0000000082200000|100%|HC|  |TAMS 0x0000000082200000, 0x0000000082200000| Complete 
|  34|0x0000000082200000, 0x0000000082300000, 0x0000000082300000|100%|HC|  |TAMS 0x0000000082300000, 0x0000000082300000| Complete 
|  35|0x0000000082300000, 0x0000000082400000, 0x0000000082400000|100%| O|  |TAMS 0x0000000082400000, 0x0000000082400000| Untracked 
|  36|0x0000000082400000, 0x0000000082500000, 0x0000000082500000|100%| O|  |TAMS 0x0000000082500000, 0x0000000082500000| Untracked 
|  37|0x0000000082500000, 0x0000000082600000, 0x0000000082600000|100%| O|  |TAMS 0x0000000082600000, 0x0000000082600000| Untracked 
|  38|0x0000000082600000, 0x0000000082700000, 0x0000000082700000|100%| O|  |TAMS 0x0000000082700000, 0x0000000082700000| Untracked 
|  39|0x0000000082700000, 0x0000000082800000, 0x0000000082800000|100%| O|  |TAMS 0x0000000082800000, 0x0000000082800000| Untracked 
|  40|0x0000000082800000, 0x0000000082900000, 0x0000000082900000|100%| O|  |TAMS 0x0000000082900000, 0x0000000082900000| Untracked 
|  41|0x0000000082900000, 0x0000000082a00000, 0x0000000082a00000|100%| O|  |TAMS 0x0000000082a00000, 0x0000000082a00000| Untracked 
|  42|0x0000000082a00000, 0x0000000082b00000, 0x0000000082b00000|100%| O|  |TAMS 0x0000000082b00000, 0x0000000082b00000| Untracked 
|  43|0x0000000082b00000, 0x0000000082c00000, 0x0000000082c00000|100%| O|  |TAMS 0x0000000082c00000, 0x0000000082c00000| Untracked 
|  44|0x0000000082c00000, 0x0000000082d00000, 0x0000000082d00000|100%| O|  |TAMS 0x0000000082d00000, 0x0000000082d00000| Untracked 
|  45|0x0000000082d00000, 0x0000000082e00000, 0x0000000082e00000|100%| O|  |TAMS 0x0000000082e00000, 0x0000000082e00000| Untracked 
|  46|0x0000000082e00000, 0x0000000082f00000, 0x0000000082f00000|100%| O|  |TAMS 0x0000000082f00000, 0x0000000082f00000| Untracked 
|  47|0x0000000082f00000, 0x0000000083000000, 0x0000000083000000|100%| O|  |TAMS 0x0000000083000000, 0x0000000083000000| Untracked 
|  48|0x0000000083000000, 0x0000000083100000, 0x0000000083100000|100%| O|  |TAMS 0x0000000083100000, 0x0000000083100000| Untracked 
|  49|0x0000000083100000, 0x0000000083200000, 0x0000000083200000|100%|HS|  |TAMS 0x0000000083200000, 0x0000000083200000| Complete 
|  50|0x0000000083200000, 0x0000000083300000, 0x0000000083300000|100%|HC|  |TAMS 0x0000000083300000, 0x0000000083300000| Complete 
|  51|0x0000000083300000, 0x0000000083400000, 0x0000000083400000|100%|HC|  |TAMS 0x0000000083400000, 0x0000000083400000| Complete 
|  52|0x0000000083400000, 0x0000000083500000, 0x0000000083500000|100%|HS|  |TAMS 0x0000000083500000, 0x0000000083500000| Complete 
|  53|0x0000000083500000, 0x0000000083600000, 0x0000000083600000|100%|HC|  |TAMS 0x0000000083600000, 0x0000000083600000| Complete 
|  54|0x0000000083600000, 0x0000000083700000, 0x0000000083700000|100%|HS|  |TAMS 0x0000000083700000, 0x0000000083700000| Complete 
|  55|0x0000000083700000, 0x0000000083800000, 0x0000000083800000|100%|HC|  |TAMS 0x0000000083800000, 0x0000000083800000| Complete 
|  56|0x0000000083800000, 0x0000000083900000, 0x0000000083900000|100%|HC|  |TAMS 0x0000000083900000, 0x0000000083900000| Complete 
|  57|0x0000000083900000, 0x0000000083a00000, 0x0000000083a00000|100%|HS|  |TAMS 0x0000000083a00000, 0x0000000083a00000| Complete 
|  58|0x0000000083a00000, 0x0000000083b00000, 0x0000000083b00000|100%|HC|  |TAMS 0x0000000083b00000, 0x0000000083b00000| Complete 
|  59|0x0000000083b00000, 0x0000000083c00000, 0x0000000083c00000|100%|HC|  |TAMS 0x0000000083c00000, 0x0000000083c00000| Complete 
|  60|0x0000000083c00000, 0x0000000083d00000, 0x0000000083d00000|100%|HC|  |TAMS 0x0000000083d00000, 0x0000000083d00000| Complete 
|  61|0x0000000083d00000, 0x0000000083e00000, 0x0000000083e00000|100%| O|  |TAMS 0x0000000083e00000, 0x0000000083e00000| Untracked 
|  62|0x0000000083e00000, 0x0000000083f00000, 0x0000000083f00000|100%| O|  |TAMS 0x0000000083f00000, 0x0000000083f00000| Untracked 
|  63|0x0000000083f00000, 0x0000000084000000, 0x0000000084000000|100%| O|  |TAMS 0x0000000084000000, 0x0000000084000000| Untracked 
|  64|0x0000000084000000, 0x0000000084100000, 0x0000000084100000|100%| O|  |TAMS 0x0000000084100000, 0x0000000084100000| Untracked 
|  65|0x0000000084100000, 0x0000000084200000, 0x0000000084200000|100%| O|  |TAMS 0x0000000084200000, 0x0000000084200000| Untracked 
|  66|0x0000000084200000, 0x0000000084300000, 0x0000000084300000|100%| O|  |TAMS 0x0000000084300000, 0x0000000084300000| Untracked 
|  67|0x0000000084300000, 0x0000000084400000, 0x0000000084400000|100%| O|  |TAMS 0x0000000084400000, 0x0000000084400000| Untracked 
|  68|0x0000000084400000, 0x0000000084500000, 0x0000000084500000|100%| O|  |TAMS 0x0000000084500000, 0x0000000084500000| Untracked 
|  69|0x0000000084500000, 0x0000000084600000, 0x0000000084600000|100%|HS|  |TAMS 0x0000000084600000, 0x0000000084600000| Complete 
|  70|0x0000000084600000, 0x0000000084700000, 0x0000000084700000|100%|HC|  |TAMS 0x0000000084700000, 0x0000000084700000| Complete 
|  71|0x0000000084700000, 0x0000000084800000, 0x0000000084800000|100%|HC|  |TAMS 0x0000000084800000, 0x0000000084800000| Complete 
|  72|0x0000000084800000, 0x0000000084900000, 0x0000000084900000|100%|HC|  |TAMS 0x0000000084900000, 0x0000000084900000| Complete 
|  73|0x0000000084900000, 0x0000000084a00000, 0x0000000084a00000|100%|HC|  |TAMS 0x0000000084a00000, 0x0000000084a00000| Complete 
|  74|0x0000000084a00000, 0x0000000084b00000, 0x0000000084b00000|100%| O|  |TAMS 0x0000000084b00000, 0x0000000084b00000| Untracked 
|  75|0x0000000084b00000, 0x0000000084c00000, 0x0000000084c00000|100%| O|  |TAMS 0x0000000084c00000, 0x0000000084c00000| Untracked 
|  76|0x0000000084c00000, 0x0000000084d00000, 0x0000000084d00000|100%| O|  |TAMS 0x0000000084d00000, 0x0000000084d00000| Untracked 
|  77|0x0000000084d00000, 0x0000000084e00000, 0x0000000084e00000|100%| O|  |TAMS 0x0000000084e00000, 0x0000000084e00000| Untracked 
|  78|0x0000000084e00000, 0x0000000084f00000, 0x0000000084f00000|100%| O|  |TAMS 0x0000000084f00000, 0x0000000084f00000| Untracked 
|  79|0x0000000084f00000, 0x0000000085000000, 0x0000000085000000|100%| O|  |TAMS 0x0000000085000000, 0x0000000085000000| Untracked 
|  80|0x0000000085000000, 0x0000000085100000, 0x0000000085100000|100%|HS|  |TAMS 0x0000000085100000, 0x0000000085100000| Complete 
|  81|0x0000000085100000, 0x0000000085200000, 0x0000000085200000|100%|HS|  |TAMS 0x0000000085200000, 0x0000000085200000| Complete 
|  82|0x0000000085200000, 0x0000000085300000, 0x0000000085300000|100%|HS|  |TAMS 0x0000000085300000, 0x0000000085300000| Complete 
|  83|0x0000000085300000, 0x0000000085400000, 0x0000000085400000|100%|HS|  |TAMS 0x0000000085400000, 0x0000000085400000| Complete 
|  84|0x0000000085400000, 0x0000000085500000, 0x0000000085500000|100%|HC|  |TAMS 0x0000000085500000, 0x0000000085500000| Complete 
|  85|0x0000000085500000, 0x0000000085600000, 0x0000000085600000|100%|HC|  |TAMS 0x0000000085600000, 0x0000000085600000| Complete 
|  86|0x0000000085600000, 0x0000000085700000, 0x0000000085700000|100%| O|  |TAMS 0x0000000085700000, 0x0000000085700000| Untracked 
|  87|0x0000000085700000, 0x0000000085800000, 0x0000000085800000|100%| O|  |TAMS 0x0000000085800000, 0x0000000085800000| Untracked 
|  88|0x0000000085800000, 0x0000000085900000, 0x0000000085900000|100%|HS|  |TAMS 0x0000000085900000, 0x0000000085900000| Complete 
|  89|0x0000000085900000, 0x0000000085a00000, 0x0000000085a00000|100%| O|  |TAMS 0x0000000085a00000, 0x0000000085a00000| Untracked 
|  90|0x0000000085a00000, 0x0000000085b00000, 0x0000000085b00000|100%|HS|  |TAMS 0x0000000085b00000, 0x0000000085b00000| Complete 
|  91|0x0000000085b00000, 0x0000000085c00000, 0x0000000085c00000|100%|HS|  |TAMS 0x0000000085c00000, 0x0000000085c00000| Complete 
|  92|0x0000000085c00000, 0x0000000085d00000, 0x0000000085d00000|100%|HC|  |TAMS 0x0000000085d00000, 0x0000000085d00000| Complete 
|  93|0x0000000085d00000, 0x0000000085e00000, 0x0000000085e00000|100%| O|  |TAMS 0x0000000085e00000, 0x0000000085e00000| Untracked 
|  94|0x0000000085e00000, 0x0000000085f00000, 0x0000000085f00000|100%|HS|  |TAMS 0x0000000085f00000, 0x0000000085f00000| Complete 
|  95|0x0000000085f00000, 0x0000000086000000, 0x0000000086000000|100%| O|  |TAMS 0x0000000086000000, 0x0000000086000000| Untracked 
|  96|0x0000000086000000, 0x0000000086100000, 0x0000000086100000|100%| O|  |TAMS 0x0000000086100000, 0x0000000086100000| Untracked 
|  97|0x0000000086100000, 0x0000000086200000, 0x0000000086200000|100%| O|  |TAMS 0x0000000086200000, 0x0000000086200000| Untracked 
|  98|0x0000000086200000, 0x0000000086300000, 0x0000000086300000|100%| O|  |TAMS 0x0000000086300000, 0x0000000086300000| Untracked 
|  99|0x0000000086300000, 0x0000000086400000, 0x0000000086400000|100%| O|  |TAMS 0x0000000086400000, 0x0000000086400000| Untracked 
| 100|0x0000000086400000, 0x0000000086500000, 0x0000000086500000|100%| O|  |TAMS 0x0000000086500000, 0x0000000086500000| Untracked 
| 101|0x0000000086500000, 0x0000000086600000, 0x0000000086600000|100%| O|  |TAMS 0x0000000086600000, 0x0000000086600000| Untracked 
| 102|0x0000000086600000, 0x0000000086700000, 0x0000000086700000|100%| O|  |TAMS 0x0000000086700000, 0x0000000086700000| Untracked 
| 103|0x0000000086700000, 0x0000000086800000, 0x0000000086800000|100%| O|  |TAMS 0x0000000086800000, 0x0000000086800000| Untracked 
| 104|0x0000000086800000, 0x0000000086900000, 0x0000000086900000|100%| O|  |TAMS 0x0000000086900000, 0x0000000086900000| Untracked 
| 105|0x0000000086900000, 0x0000000086a00000, 0x0000000086a00000|100%| O|  |TAMS 0x0000000086a00000, 0x0000000086a00000| Untracked 
| 106|0x0000000086a00000, 0x0000000086b00000, 0x0000000086b00000|100%| O|  |TAMS 0x0000000086b00000, 0x0000000086b00000| Untracked 
| 107|0x0000000086b00000, 0x0000000086c00000, 0x0000000086c00000|100%| O|  |TAMS 0x0000000086c00000, 0x0000000086c00000| Untracked 
| 108|0x0000000086c00000, 0x0000000086d00000, 0x0000000086d00000|100%| O|  |TAMS 0x0000000086d00000, 0x0000000086d00000| Untracked 
| 109|0x0000000086d00000, 0x0000000086e00000, 0x0000000086e00000|100%| O|  |TAMS 0x0000000086e00000, 0x0000000086e00000| Untracked 
| 110|0x0000000086e00000, 0x0000000086f00000, 0x0000000086f00000|100%| O|  |TAMS 0x0000000086f00000, 0x0000000086f00000| Untracked 
| 111|0x0000000086f00000, 0x0000000087000000, 0x0000000087000000|100%| O|  |TAMS 0x0000000087000000, 0x0000000087000000| Untracked 
| 112|0x0000000087000000, 0x0000000087100000, 0x0000000087100000|100%|HS|  |TAMS 0x0000000087100000, 0x0000000087100000| Complete 
| 113|0x0000000087100000, 0x0000000087200000, 0x0000000087200000|100%|HC|  |TAMS 0x0000000087200000, 0x0000000087200000| Complete 
| 114|0x0000000087200000, 0x0000000087300000, 0x0000000087300000|100%|HS|  |TAMS 0x0000000087300000, 0x0000000087300000| Complete 
| 115|0x0000000087300000, 0x0000000087400000, 0x0000000087400000|100%|HC|  |TAMS 0x0000000087400000, 0x0000000087400000| Complete 
| 116|0x0000000087400000, 0x0000000087500000, 0x0000000087500000|100%|HC|  |TAMS 0x0000000087500000, 0x0000000087500000| Complete 
| 117|0x0000000087500000, 0x0000000087600000, 0x0000000087600000|100%|HS|  |TAMS 0x0000000087600000, 0x0000000087600000| Complete 
| 118|0x0000000087600000, 0x0000000087700000, 0x0000000087700000|100%|HC|  |TAMS 0x0000000087700000, 0x0000000087700000| Complete 
| 119|0x0000000087700000, 0x0000000087800000, 0x0000000087800000|100%|HC|  |TAMS 0x0000000087800000, 0x0000000087800000| Complete 
| 120|0x0000000087800000, 0x0000000087900000, 0x0000000087900000|100%|HC|  |TAMS 0x0000000087900000, 0x0000000087900000| Complete 
| 121|0x0000000087900000, 0x0000000087a00000, 0x0000000087a00000|100%|HC|  |TAMS 0x0000000087a00000, 0x0000000087a00000| Complete 
| 122|0x0000000087a00000, 0x0000000087b00000, 0x0000000087b00000|100%|HS|  |TAMS 0x0000000087b00000, 0x0000000087b00000| Complete 
| 123|0x0000000087b00000, 0x0000000087c00000, 0x0000000087c00000|100%|HC|  |TAMS 0x0000000087c00000, 0x0000000087c00000| Complete 
| 124|0x0000000087c00000, 0x0000000087d00000, 0x0000000087d00000|100%|HC|  |TAMS 0x0000000087d00000, 0x0000000087d00000| Complete 
| 125|0x0000000087d00000, 0x0000000087e00000, 0x0000000087e00000|100%|HS|  |TAMS 0x0000000087e00000, 0x0000000087e00000| Complete 
| 126|0x0000000087e00000, 0x0000000087f00000, 0x0000000087f00000|100%|HS|  |TAMS 0x0000000087f00000, 0x0000000087f00000| Complete 
| 127|0x0000000087f00000, 0x0000000088000000, 0x0000000088000000|100%|HC|  |TAMS 0x0000000088000000, 0x0000000088000000| Complete 
| 128|0x0000000088000000, 0x0000000088100000, 0x0000000088100000|100%|HC|  |TAMS 0x0000000088100000, 0x0000000088100000| Complete 
| 129|0x0000000088100000, 0x0000000088200000, 0x0000000088200000|100%|HC|  |TAMS 0x0000000088200000, 0x0000000088200000| Complete 
| 130|0x0000000088200000, 0x0000000088300000, 0x0000000088300000|100%| O|  |TAMS 0x0000000088300000, 0x0000000088300000| Untracked 
| 131|0x0000000088300000, 0x0000000088400000, 0x0000000088400000|100%| O|  |TAMS 0x0000000088400000, 0x0000000088400000| Untracked 
| 132|0x0000000088400000, 0x0000000088500000, 0x0000000088500000|100%| O|  |TAMS 0x0000000088500000, 0x0000000088500000| Untracked 
| 133|0x0000000088500000, 0x0000000088600000, 0x0000000088600000|100%| O|  |TAMS 0x0000000088600000, 0x0000000088600000| Untracked 
| 134|0x0000000088600000, 0x0000000088700000, 0x0000000088700000|100%| O|  |TAMS 0x0000000088700000, 0x0000000088700000| Untracked 
| 135|0x0000000088700000, 0x0000000088800000, 0x0000000088800000|100%| O|  |TAMS 0x0000000088800000, 0x0000000088800000| Untracked 
| 136|0x0000000088800000, 0x0000000088900000, 0x0000000088900000|100%| O|  |TAMS 0x0000000088900000, 0x0000000088900000| Untracked 
| 137|0x0000000088900000, 0x0000000088a00000, 0x0000000088a00000|100%| O|  |TAMS 0x0000000088a00000, 0x0000000088a00000| Untracked 
| 138|0x0000000088a00000, 0x0000000088b00000, 0x0000000088b00000|100%| O|  |TAMS 0x0000000088b00000, 0x0000000088b00000| Untracked 
| 139|0x0000000088b00000, 0x0000000088c00000, 0x0000000088c00000|100%| O|  |TAMS 0x0000000088c00000, 0x0000000088c00000| Untracked 
| 140|0x0000000088c00000, 0x0000000088d00000, 0x0000000088d00000|100%| O|  |TAMS 0x0000000088d00000, 0x0000000088d00000| Untracked 
| 141|0x0000000088d00000, 0x0000000088e00000, 0x0000000088e00000|100%| O|  |TAMS 0x0000000088e00000, 0x0000000088e00000| Untracked 
| 142|0x0000000088e00000, 0x0000000088f00000, 0x0000000088f00000|100%| O|  |TAMS 0x0000000088f00000, 0x0000000088f00000| Untracked 
| 143|0x0000000088f00000, 0x0000000089000000, 0x0000000089000000|100%| O|  |TAMS 0x0000000089000000, 0x0000000089000000| Untracked 
| 144|0x0000000089000000, 0x0000000089100000, 0x0000000089100000|100%| O|  |TAMS 0x0000000089100000, 0x0000000089100000| Untracked 
| 145|0x0000000089100000, 0x0000000089200000, 0x0000000089200000|100%| O|  |TAMS 0x0000000089200000, 0x0000000089200000| Untracked 
| 146|0x0000000089200000, 0x0000000089300000, 0x0000000089300000|100%| O|  |TAMS 0x0000000089300000, 0x0000000089300000| Untracked 
| 147|0x0000000089300000, 0x0000000089400000, 0x0000000089400000|100%| O|  |TAMS 0x0000000089400000, 0x0000000089400000| Untracked 
| 148|0x0000000089400000, 0x0000000089500000, 0x0000000089500000|100%| O|  |TAMS 0x0000000089500000, 0x0000000089500000| Untracked 
| 149|0x0000000089500000, 0x0000000089600000, 0x0000000089600000|100%|HS|  |TAMS 0x0000000089500000, 0x0000000089600000| Complete 
| 150|0x0000000089600000, 0x0000000089700000, 0x0000000089700000|100%| O|  |TAMS 0x0000000089700000, 0x0000000089700000| Untracked 
| 151|0x0000000089700000, 0x0000000089800000, 0x0000000089800000|100%| O|  |TAMS 0x0000000089800000, 0x0000000089800000| Untracked 
| 152|0x0000000089800000, 0x0000000089900000, 0x0000000089900000|100%| O|  |TAMS 0x0000000089900000, 0x0000000089900000| Untracked 
| 153|0x0000000089900000, 0x0000000089a00000, 0x0000000089a00000|100%| O|  |TAMS 0x0000000089a00000, 0x0000000089a00000| Untracked 
| 154|0x0000000089a00000, 0x0000000089b00000, 0x0000000089b00000|100%| O|  |TAMS 0x0000000089b00000, 0x0000000089b00000| Untracked 
| 155|0x0000000089b00000, 0x0000000089c00000, 0x0000000089c00000|100%| O|  |TAMS 0x0000000089c00000, 0x0000000089c00000| Untracked 
| 156|0x0000000089c00000, 0x0000000089d00000, 0x0000000089d00000|100%| O|  |TAMS 0x0000000089d00000, 0x0000000089d00000| Untracked 
| 157|0x0000000089d00000, 0x0000000089e00000, 0x0000000089e00000|100%| O|  |TAMS 0x0000000089e00000, 0x0000000089e00000| Untracked 
| 158|0x0000000089e00000, 0x0000000089f00000, 0x0000000089f00000|100%| O|  |TAMS 0x0000000089f00000, 0x0000000089f00000| Untracked 
| 159|0x0000000089f00000, 0x000000008a000000, 0x000000008a000000|100%| O|  |TAMS 0x000000008a000000, 0x000000008a000000| Untracked 
| 160|0x000000008a000000, 0x000000008a100000, 0x000000008a100000|100%| O|  |TAMS 0x000000008a100000, 0x000000008a100000| Untracked 
| 161|0x000000008a100000, 0x000000008a200000, 0x000000008a200000|100%|HS|  |TAMS 0x000000008a200000, 0x000000008a200000| Complete 
| 162|0x000000008a200000, 0x000000008a300000, 0x000000008a300000|100%| O|  |TAMS 0x000000008a300000, 0x000000008a300000| Untracked 
| 163|0x000000008a300000, 0x000000008a400000, 0x000000008a400000|100%| O|  |TAMS 0x000000008a400000, 0x000000008a400000| Untracked 
| 164|0x000000008a400000, 0x000000008a500000, 0x000000008a500000|100%| O|  |TAMS 0x000000008a500000, 0x000000008a500000| Untracked 
| 165|0x000000008a500000, 0x000000008a600000, 0x000000008a600000|100%| O|  |TAMS 0x000000008a600000, 0x000000008a600000| Untracked 
| 166|0x000000008a600000, 0x000000008a700000, 0x000000008a700000|100%| O|  |TAMS 0x000000008a700000, 0x000000008a700000| Untracked 
| 167|0x000000008a700000, 0x000000008a800000, 0x000000008a800000|100%| O|  |TAMS 0x000000008a800000, 0x000000008a800000| Untracked 
| 168|0x000000008a800000, 0x000000008a900000, 0x000000008a900000|100%| O|  |TAMS 0x000000008a900000, 0x000000008a900000| Untracked 
| 169|0x000000008a900000, 0x000000008aa00000, 0x000000008aa00000|100%| O|  |TAMS 0x000000008aa00000, 0x000000008aa00000| Untracked 
| 170|0x000000008aa00000, 0x000000008ab00000, 0x000000008ab00000|100%| O|  |TAMS 0x000000008ab00000, 0x000000008ab00000| Untracked 
| 171|0x000000008ab00000, 0x000000008ac00000, 0x000000008ac00000|100%| O|  |TAMS 0x000000008ac00000, 0x000000008ac00000| Untracked 
| 172|0x000000008ac00000, 0x000000008ad00000, 0x000000008ad00000|100%| O|  |TAMS 0x000000008ad00000, 0x000000008ad00000| Untracked 
| 173|0x000000008ad00000, 0x000000008ae00000, 0x000000008ae00000|100%| O|  |TAMS 0x000000008ae00000, 0x000000008ae00000| Untracked 
| 174|0x000000008ae00000, 0x000000008af00000, 0x000000008af00000|100%| O|  |TAMS 0x000000008af00000, 0x000000008af00000| Untracked 
| 175|0x000000008af00000, 0x000000008b000000, 0x000000008b000000|100%| O|  |TAMS 0x000000008b000000, 0x000000008b000000| Untracked 
| 176|0x000000008b000000, 0x000000008b100000, 0x000000008b100000|100%| O|  |TAMS 0x000000008b100000, 0x000000008b100000| Untracked 
| 177|0x000000008b100000, 0x000000008b200000, 0x000000008b200000|100%| O|  |TAMS 0x000000008b200000, 0x000000008b200000| Untracked 
| 178|0x000000008b200000, 0x000000008b300000, 0x000000008b300000|100%| O|  |TAMS 0x000000008b300000, 0x000000008b300000| Untracked 
| 179|0x000000008b300000, 0x000000008b400000, 0x000000008b400000|100%| O|  |TAMS 0x000000008b400000, 0x000000008b400000| Untracked 
| 180|0x000000008b400000, 0x000000008b500000, 0x000000008b500000|100%| O|  |TAMS 0x000000008b500000, 0x000000008b500000| Untracked 
| 181|0x000000008b500000, 0x000000008b600000, 0x000000008b600000|100%| O|  |TAMS 0x000000008b600000, 0x000000008b600000| Untracked 
| 182|0x000000008b600000, 0x000000008b700000, 0x000000008b700000|100%| O|  |TAMS 0x000000008b700000, 0x000000008b700000| Untracked 
| 183|0x000000008b700000, 0x000000008b800000, 0x000000008b800000|100%| O|  |TAMS 0x000000008b800000, 0x000000008b800000| Untracked 
| 184|0x000000008b800000, 0x000000008b900000, 0x000000008b900000|100%| O|  |TAMS 0x000000008b900000, 0x000000008b900000| Untracked 
| 185|0x000000008b900000, 0x000000008ba00000, 0x000000008ba00000|100%| O|  |TAMS 0x000000008ba00000, 0x000000008ba00000| Untracked 
| 186|0x000000008ba00000, 0x000000008bb00000, 0x000000008bb00000|100%| O|  |TAMS 0x000000008bb00000, 0x000000008bb00000| Untracked 
| 187|0x000000008bb00000, 0x000000008bc00000, 0x000000008bc00000|100%| O|  |TAMS 0x000000008bc00000, 0x000000008bc00000| Untracked 
| 188|0x000000008bc00000, 0x000000008bd00000, 0x000000008bd00000|100%| O|  |TAMS 0x000000008bd00000, 0x000000008bd00000| Untracked 
| 189|0x000000008bd00000, 0x000000008be00000, 0x000000008be00000|100%| O|  |TAMS 0x000000008be00000, 0x000000008be00000| Untracked 
| 190|0x000000008be00000, 0x000000008bf00000, 0x000000008bf00000|100%| O|  |TAMS 0x000000008bf00000, 0x000000008bf00000| Untracked 
| 191|0x000000008bf00000, 0x000000008c000000, 0x000000008c000000|100%| O|  |TAMS 0x000000008c000000, 0x000000008c000000| Untracked 
| 192|0x000000008c000000, 0x000000008c100000, 0x000000008c100000|100%| O|  |TAMS 0x000000008c100000, 0x000000008c100000| Untracked 
| 193|0x000000008c100000, 0x000000008c200000, 0x000000008c200000|100%|HS|  |TAMS 0x000000008c200000, 0x000000008c200000| Complete 
| 194|0x000000008c200000, 0x000000008c300000, 0x000000008c300000|100%|HC|  |TAMS 0x000000008c300000, 0x000000008c300000| Complete 
| 195|0x000000008c300000, 0x000000008c400000, 0x000000008c400000|100%|HS|  |TAMS 0x000000008c400000, 0x000000008c400000| Complete 
| 196|0x000000008c400000, 0x000000008c500000, 0x000000008c500000|100%|HC|  |TAMS 0x000000008c500000, 0x000000008c500000| Complete 
| 197|0x000000008c500000, 0x000000008c600000, 0x000000008c600000|100%|HS|  |TAMS 0x000000008c600000, 0x000000008c600000| Complete 
| 198|0x000000008c600000, 0x000000008c700000, 0x000000008c700000|100%|HC|  |TAMS 0x000000008c700000, 0x000000008c700000| Complete 
| 199|0x000000008c700000, 0x000000008c800000, 0x000000008c800000|100%|HS|  |TAMS 0x000000008c800000, 0x000000008c800000| Complete 
| 200|0x000000008c800000, 0x000000008c900000, 0x000000008c900000|100%|HC|  |TAMS 0x000000008c900000, 0x000000008c900000| Complete 
| 201|0x000000008c900000, 0x000000008ca00000, 0x000000008ca00000|100%|HC|  |TAMS 0x000000008ca00000, 0x000000008ca00000| Complete 
| 202|0x000000008ca00000, 0x000000008cb00000, 0x000000008cb00000|100%| O|  |TAMS 0x000000008cb00000, 0x000000008cb00000| Untracked 
| 203|0x000000008cb00000, 0x000000008cc00000, 0x000000008cc00000|100%| O|  |TAMS 0x000000008cc00000, 0x000000008cc00000| Untracked 
| 204|0x000000008cc00000, 0x000000008cd00000, 0x000000008cd00000|100%| O|  |TAMS 0x000000008cd00000, 0x000000008cd00000| Untracked 
| 205|0x000000008cd00000, 0x000000008ce00000, 0x000000008ce00000|100%| O|  |TAMS 0x000000008ce00000, 0x000000008ce00000| Untracked 
| 206|0x000000008ce00000, 0x000000008cf00000, 0x000000008cf00000|100%| O|  |TAMS 0x000000008ce00000, 0x000000008cf00000| Untracked 
| 207|0x000000008cf00000, 0x000000008d000000, 0x000000008d000000|100%| O|  |TAMS 0x000000008cf00000, 0x000000008d000000| Untracked 
| 208|0x000000008d000000, 0x000000008d100000, 0x000000008d100000|100%| O|  |TAMS 0x000000008d100000, 0x000000008d100000| Untracked 
| 209|0x000000008d100000, 0x000000008d200000, 0x000000008d200000|100%| O|  |TAMS 0x000000008d200000, 0x000000008d200000| Untracked 
| 210|0x000000008d200000, 0x000000008d300000, 0x000000008d300000|100%| O|  |TAMS 0x000000008d300000, 0x000000008d300000| Untracked 
| 211|0x000000008d300000, 0x000000008d400000, 0x000000008d400000|100%| O|  |TAMS 0x000000008d400000, 0x000000008d400000| Untracked 
| 212|0x000000008d400000, 0x000000008d500000, 0x000000008d500000|100%|HS|  |TAMS 0x000000008d500000, 0x000000008d500000| Complete 
| 213|0x000000008d500000, 0x000000008d600000, 0x000000008d600000|100%|HC|  |TAMS 0x000000008d600000, 0x000000008d600000| Complete 
| 214|0x000000008d600000, 0x000000008d700000, 0x000000008d700000|100%| O|  |TAMS 0x000000008d700000, 0x000000008d700000| Untracked 
| 215|0x000000008d700000, 0x000000008d800000, 0x000000008d800000|100%|HS|  |TAMS 0x000000008d800000, 0x000000008d800000| Complete 
| 216|0x000000008d800000, 0x000000008d900000, 0x000000008d900000|100%| O|  |TAMS 0x000000008d900000, 0x000000008d900000| Untracked 
| 217|0x000000008d900000, 0x000000008da00000, 0x000000008da00000|100%|HS|  |TAMS 0x000000008da00000, 0x000000008da00000| Complete 
| 218|0x000000008da00000, 0x000000008db00000, 0x000000008db00000|100%| O|  |TAMS 0x000000008db00000, 0x000000008db00000| Untracked 
| 219|0x000000008db00000, 0x000000008dc00000, 0x000000008dc00000|100%|HS|  |TAMS 0x000000008dc00000, 0x000000008dc00000| Complete 
| 220|0x000000008dc00000, 0x000000008dd00000, 0x000000008dd00000|100%|HS|  |TAMS 0x000000008dd00000, 0x000000008dd00000| Complete 
| 221|0x000000008dd00000, 0x000000008de00000, 0x000000008de00000|100%|HC|  |TAMS 0x000000008de00000, 0x000000008de00000| Complete 
| 222|0x000000008de00000, 0x000000008df00000, 0x000000008df00000|100%|HC|  |TAMS 0x000000008df00000, 0x000000008df00000| Complete 
| 223|0x000000008df00000, 0x000000008e000000, 0x000000008e000000|100%|HS|  |TAMS 0x000000008e000000, 0x000000008e000000| Complete 
| 224|0x000000008e000000, 0x000000008e100000, 0x000000008e100000|100%|HC|  |TAMS 0x000000008e100000, 0x000000008e100000| Complete 
| 225|0x000000008e100000, 0x000000008e200000, 0x000000008e200000|100%| O|  |TAMS 0x000000008e200000, 0x000000008e200000| Untracked 
| 226|0x000000008e200000, 0x000000008e300000, 0x000000008e300000|100%|HS|  |TAMS 0x000000008e300000, 0x000000008e300000| Complete 
| 227|0x000000008e300000, 0x000000008e400000, 0x000000008e400000|100%| O|  |TAMS 0x000000008e400000, 0x000000008e400000| Untracked 
| 228|0x000000008e400000, 0x000000008e500000, 0x000000008e500000|100%| O|  |TAMS 0x000000008e500000, 0x000000008e500000| Untracked 
| 229|0x000000008e500000, 0x000000008e600000, 0x000000008e600000|100%| O|  |TAMS 0x000000008e600000, 0x000000008e600000| Untracked 
| 230|0x000000008e600000, 0x000000008e700000, 0x000000008e700000|100%|HS|  |TAMS 0x000000008e700000, 0x000000008e700000| Complete 
| 231|0x000000008e700000, 0x000000008e800000, 0x000000008e800000|100%|HC|  |TAMS 0x000000008e800000, 0x000000008e800000| Complete 
| 232|0x000000008e800000, 0x000000008e900000, 0x000000008e900000|100%| O|  |TAMS 0x000000008e900000, 0x000000008e900000| Untracked 
| 233|0x000000008e900000, 0x000000008ea00000, 0x000000008ea00000|100%| O|  |TAMS 0x000000008ea00000, 0x000000008ea00000| Untracked 
| 234|0x000000008ea00000, 0x000000008eb00000, 0x000000008eb00000|100%| O|  |TAMS 0x000000008eb00000, 0x000000008eb00000| Untracked 
| 235|0x000000008eb00000, 0x000000008ec00000, 0x000000008ec00000|100%| O|  |TAMS 0x000000008ec00000, 0x000000008ec00000| Untracked 
| 236|0x000000008ec00000, 0x000000008ed00000, 0x000000008ed00000|100%|HS|  |TAMS 0x000000008ed00000, 0x000000008ed00000| Complete 
| 237|0x000000008ed00000, 0x000000008ee00000, 0x000000008ee00000|100%| O|  |TAMS 0x000000008ee00000, 0x000000008ee00000| Untracked 
| 238|0x000000008ee00000, 0x000000008ef00000, 0x000000008ef00000|100%| O|  |TAMS 0x000000008ef00000, 0x000000008ef00000| Untracked 
| 239|0x000000008ef00000, 0x000000008f000000, 0x000000008f000000|100%| O|  |TAMS 0x000000008ef00000, 0x000000008f000000| Untracked 
| 240|0x000000008f000000, 0x000000008f100000, 0x000000008f100000|100%| O|  |TAMS 0x000000008f100000, 0x000000008f100000| Untracked 
| 241|0x000000008f100000, 0x000000008f200000, 0x000000008f200000|100%| O|  |TAMS 0x000000008f200000, 0x000000008f200000| Untracked 
| 242|0x000000008f200000, 0x000000008f300000, 0x000000008f300000|100%| O|  |TAMS 0x000000008f300000, 0x000000008f300000| Untracked 
| 243|0x000000008f300000, 0x000000008f400000, 0x000000008f400000|100%| O|  |TAMS 0x000000008f400000, 0x000000008f400000| Untracked 
| 244|0x000000008f400000, 0x000000008f500000, 0x000000008f500000|100%| O|  |TAMS 0x000000008f500000, 0x000000008f500000| Untracked 
| 245|0x000000008f500000, 0x000000008f600000, 0x000000008f600000|100%| O|  |TAMS 0x000000008f600000, 0x000000008f600000| Untracked 
| 246|0x000000008f600000, 0x000000008f700000, 0x000000008f700000|100%| O|  |TAMS 0x000000008f700000, 0x000000008f700000| Untracked 
| 247|0x000000008f700000, 0x000000008f800000, 0x000000008f800000|100%| O|  |TAMS 0x000000008f800000, 0x000000008f800000| Untracked 
| 248|0x000000008f800000, 0x000000008f900000, 0x000000008f900000|100%| O|  |TAMS 0x000000008f900000, 0x000000008f900000| Untracked 
| 249|0x000000008f900000, 0x000000008fa00000, 0x000000008fa00000|100%| O|  |TAMS 0x000000008f900000, 0x000000008fa00000| Untracked 
| 250|0x000000008fa00000, 0x000000008fb00000, 0x000000008fb00000|100%| O|  |TAMS 0x000000008fa00000, 0x000000008fb00000| Untracked 
| 251|0x000000008fb00000, 0x000000008fc00000, 0x000000008fc00000|100%| O|  |TAMS 0x000000008fb00000, 0x000000008fc00000| Untracked 
| 252|0x000000008fc00000, 0x000000008fd00000, 0x000000008fd00000|100%| O|  |TAMS 0x000000008fc00000, 0x000000008fd00000| Untracked 
| 253|0x000000008fd00000, 0x000000008fe00000, 0x000000008fe00000|100%| O|  |TAMS 0x000000008fd00000, 0x000000008fe00000| Untracked 
| 254|0x000000008fe00000, 0x000000008ff00000, 0x000000008ff00000|100%| O|  |TAMS 0x000000008fe00000, 0x000000008ff00000| Untracked 
| 255|0x000000008ff00000, 0x0000000090000000, 0x0000000090000000|100%| O|  |TAMS 0x000000008ff00000, 0x0000000090000000| Untracked 
| 256|0x0000000090000000, 0x0000000090100000, 0x0000000090100000|100%| O|  |TAMS 0x0000000090000000, 0x0000000090100000| Untracked 
| 257|0x0000000090100000, 0x0000000090200000, 0x0000000090200000|100%| O|  |TAMS 0x0000000090100000, 0x0000000090200000| Untracked 
| 258|0x0000000090200000, 0x0000000090300000, 0x0000000090300000|100%| O|  |TAMS 0x0000000090200000, 0x0000000090300000| Untracked 
| 259|0x0000000090300000, 0x0000000090400000, 0x0000000090400000|100%| O|  |TAMS 0x0000000090300000, 0x0000000090400000| Untracked 
| 260|0x0000000090400000, 0x0000000090500000, 0x0000000090500000|100%| O|  |TAMS 0x0000000090400000, 0x0000000090500000| Untracked 
| 261|0x0000000090500000, 0x0000000090600000, 0x0000000090600000|100%| O|  |TAMS 0x0000000090500000, 0x0000000090600000| Untracked 
| 262|0x0000000090600000, 0x0000000090700000, 0x0000000090700000|100%| O|  |TAMS 0x0000000090600000, 0x0000000090700000| Untracked 
| 263|0x0000000090700000, 0x0000000090800000, 0x0000000090800000|100%| O|  |TAMS 0x0000000090700000, 0x0000000090800000| Untracked 
| 264|0x0000000090800000, 0x0000000090900000, 0x0000000090900000|100%| O|  |TAMS 0x0000000090800000, 0x0000000090900000| Untracked 
| 265|0x0000000090900000, 0x0000000090a00000, 0x0000000090a00000|100%| O|  |TAMS 0x0000000090900000, 0x0000000090a00000| Untracked 
| 266|0x0000000090a00000, 0x0000000090b00000, 0x0000000090b00000|100%| O|  |TAMS 0x0000000090a00000, 0x0000000090b00000| Untracked 
| 267|0x0000000090b00000, 0x0000000090c00000, 0x0000000090c00000|100%| O|  |TAMS 0x0000000090b00000, 0x0000000090c00000| Untracked 
| 268|0x0000000090c00000, 0x0000000090d00000, 0x0000000090d00000|100%| O|  |TAMS 0x0000000090c00000, 0x0000000090d00000| Untracked 
| 269|0x0000000090d00000, 0x0000000090e00000, 0x0000000090e00000|100%| O|  |TAMS 0x0000000090d00000, 0x0000000090e00000| Untracked 
| 270|0x0000000090e00000, 0x0000000090f00000, 0x0000000090f00000|100%| O|  |TAMS 0x0000000090e00000, 0x0000000090f00000| Untracked 
| 271|0x0000000090f00000, 0x0000000091000000, 0x0000000091000000|100%| O|  |TAMS 0x0000000090f00000, 0x0000000091000000| Untracked 
| 272|0x0000000091000000, 0x0000000091100000, 0x0000000091100000|100%| O|  |TAMS 0x0000000091000000, 0x0000000091100000| Untracked 
| 273|0x0000000091100000, 0x0000000091200000, 0x0000000091200000|100%| O|  |TAMS 0x0000000091100000, 0x0000000091200000| Untracked 
| 274|0x0000000091200000, 0x0000000091300000, 0x0000000091300000|100%| O|  |TAMS 0x0000000091200000, 0x0000000091300000| Untracked 
| 275|0x0000000091300000, 0x0000000091400000, 0x0000000091400000|100%| O|  |TAMS 0x0000000091300000, 0x0000000091400000| Untracked 
| 276|0x0000000091400000, 0x00000000914a8000, 0x0000000091500000| 65%| O|  |TAMS 0x0000000091400000, 0x00000000914a8000| Untracked 
| 277|0x0000000091500000, 0x0000000091500000, 0x0000000091600000|  0%| F|  |TAMS 0x0000000091500000, 0x0000000091500000| Untracked 
| 278|0x0000000091600000, 0x0000000091600000, 0x0000000091700000|  0%| F|  |TAMS 0x0000000091600000, 0x0000000091600000| Untracked 
| 279|0x0000000091700000, 0x0000000091700000, 0x0000000091800000|  0%| F|  |TAMS 0x0000000091700000, 0x0000000091700000| Untracked 
| 280|0x0000000091800000, 0x0000000091800000, 0x0000000091900000|  0%| F|  |TAMS 0x0000000091800000, 0x0000000091800000| Untracked 
| 281|0x0000000091900000, 0x0000000091900000, 0x0000000091a00000|  0%| F|  |TAMS 0x0000000091900000, 0x0000000091900000| Untracked 
| 282|0x0000000091a00000, 0x0000000091a00000, 0x0000000091b00000|  0%| F|  |TAMS 0x0000000091a00000, 0x0000000091a00000| Untracked 
| 283|0x0000000091b00000, 0x0000000091b00000, 0x0000000091c00000|  0%| F|  |TAMS 0x0000000091b00000, 0x0000000091b00000| Untracked 
| 284|0x0000000091c00000, 0x0000000091c00000, 0x0000000091d00000|  0%| F|  |TAMS 0x0000000091c00000, 0x0000000091c00000| Untracked 
| 285|0x0000000091d00000, 0x0000000091d00000, 0x0000000091e00000|  0%| F|  |TAMS 0x0000000091d00000, 0x0000000091d00000| Untracked 
| 286|0x0000000091e00000, 0x0000000091e00000, 0x0000000091f00000|  0%| F|  |TAMS 0x0000000091e00000, 0x0000000091e00000| Untracked 
| 287|0x0000000091f00000, 0x0000000091f00000, 0x0000000092000000|  0%| F|  |TAMS 0x0000000091f00000, 0x0000000091f00000| Untracked 
| 288|0x0000000092000000, 0x0000000092000000, 0x0000000092100000|  0%| F|  |TAMS 0x0000000092000000, 0x0000000092000000| Untracked 
| 289|0x0000000092100000, 0x0000000092100000, 0x0000000092200000|  0%| F|  |TAMS 0x0000000092100000, 0x0000000092100000| Untracked 
| 290|0x0000000092200000, 0x0000000092200000, 0x0000000092300000|  0%| F|  |TAMS 0x0000000092200000, 0x0000000092200000| Untracked 
| 291|0x0000000092300000, 0x0000000092300000, 0x0000000092400000|  0%| F|  |TAMS 0x0000000092300000, 0x0000000092300000| Untracked 
| 292|0x0000000092400000, 0x0000000092400000, 0x0000000092500000|  0%| F|  |TAMS 0x0000000092400000, 0x0000000092400000| Untracked 
| 293|0x0000000092500000, 0x0000000092500000, 0x0000000092600000|  0%| F|  |TAMS 0x0000000092500000, 0x0000000092500000| Untracked 
| 294|0x0000000092600000, 0x0000000092600000, 0x0000000092700000|  0%| F|  |TAMS 0x0000000092600000, 0x0000000092600000| Untracked 
| 295|0x0000000092700000, 0x0000000092700000, 0x0000000092800000|  0%| F|  |TAMS 0x0000000092700000, 0x0000000092700000| Untracked 
| 296|0x0000000092800000, 0x0000000092800000, 0x0000000092900000|  0%| F|  |TAMS 0x0000000092800000, 0x0000000092800000| Untracked 
| 297|0x0000000092900000, 0x0000000092900000, 0x0000000092a00000|  0%| F|  |TAMS 0x0000000092900000, 0x0000000092900000| Untracked 
| 298|0x0000000092a00000, 0x0000000092a00000, 0x0000000092b00000|  0%| F|  |TAMS 0x0000000092a00000, 0x0000000092a00000| Untracked 
| 299|0x0000000092b00000, 0x0000000092b00000, 0x0000000092c00000|  0%| F|  |TAMS 0x0000000092b00000, 0x0000000092b00000| Untracked 
| 300|0x0000000092c00000, 0x0000000092c00000, 0x0000000092d00000|  0%| F|  |TAMS 0x0000000092c00000, 0x0000000092c00000| Untracked 
| 301|0x0000000092d00000, 0x0000000092d00000, 0x0000000092e00000|  0%| F|  |TAMS 0x0000000092d00000, 0x0000000092d00000| Untracked 
| 302|0x0000000092e00000, 0x0000000092e00000, 0x0000000092f00000|  0%| F|  |TAMS 0x0000000092e00000, 0x0000000092e00000| Untracked 
| 303|0x0000000092f00000, 0x0000000092f00000, 0x0000000093000000|  0%| F|  |TAMS 0x0000000092f00000, 0x0000000092f00000| Untracked 
| 304|0x0000000093000000, 0x0000000093000000, 0x0000000093100000|  0%| F|  |TAMS 0x0000000093000000, 0x0000000093000000| Untracked 
| 305|0x0000000093100000, 0x0000000093100000, 0x0000000093200000|  0%| F|  |TAMS 0x0000000093100000, 0x0000000093100000| Untracked 
| 306|0x0000000093200000, 0x0000000093200000, 0x0000000093300000|  0%| F|  |TAMS 0x0000000093200000, 0x0000000093200000| Untracked 
| 307|0x0000000093300000, 0x0000000093300000, 0x0000000093400000|  0%| F|  |TAMS 0x0000000093300000, 0x0000000093300000| Untracked 
| 308|0x0000000093400000, 0x0000000093400000, 0x0000000093500000|  0%| F|  |TAMS 0x0000000093400000, 0x0000000093400000| Untracked 
| 309|0x0000000093500000, 0x0000000093500000, 0x0000000093600000|  0%| F|  |TAMS 0x0000000093500000, 0x0000000093500000| Untracked 
| 310|0x0000000093600000, 0x0000000093600000, 0x0000000093700000|  0%| F|  |TAMS 0x0000000093600000, 0x0000000093600000| Untracked 
| 311|0x0000000093700000, 0x0000000093700000, 0x0000000093800000|  0%| F|  |TAMS 0x0000000093700000, 0x0000000093700000| Untracked 
| 312|0x0000000093800000, 0x0000000093800000, 0x0000000093900000|  0%| F|  |TAMS 0x0000000093800000, 0x0000000093800000| Untracked 
| 313|0x0000000093900000, 0x0000000093900000, 0x0000000093a00000|  0%| F|  |TAMS 0x0000000093900000, 0x0000000093900000| Untracked 
| 314|0x0000000093a00000, 0x0000000093a00000, 0x0000000093b00000|  0%| F|  |TAMS 0x0000000093a00000, 0x0000000093a00000| Untracked 
| 315|0x0000000093b00000, 0x0000000093c00000, 0x0000000093c00000|100%| S|CS|TAMS 0x0000000093b00000, 0x0000000093b00000| Complete 
| 316|0x0000000093c00000, 0x0000000093d00000, 0x0000000093d00000|100%| S|CS|TAMS 0x0000000093c00000, 0x0000000093c00000| Complete 
| 317|0x0000000093d00000, 0x0000000093d00000, 0x0000000093e00000|  0%| F|  |TAMS 0x0000000093d00000, 0x0000000093d00000| Untracked 
| 318|0x0000000093e00000, 0x0000000093e00000, 0x0000000093f00000|  0%| F|  |TAMS 0x0000000093e00000, 0x0000000093e00000| Untracked 
| 319|0x0000000093f00000, 0x0000000093f00000, 0x0000000094000000|  0%| F|  |TAMS 0x0000000093f00000, 0x0000000093f00000| Untracked 
| 320|0x0000000094000000, 0x0000000094000000, 0x0000000094100000|  0%| F|  |TAMS 0x0000000094000000, 0x0000000094000000| Untracked 
| 321|0x0000000094100000, 0x0000000094100000, 0x0000000094200000|  0%| F|  |TAMS 0x0000000094100000, 0x0000000094100000| Untracked 
| 322|0x0000000094200000, 0x0000000094200000, 0x0000000094300000|  0%| F|  |TAMS 0x0000000094200000, 0x0000000094200000| Untracked 
| 323|0x0000000094300000, 0x0000000094300000, 0x0000000094400000|  0%| F|  |TAMS 0x0000000094300000, 0x0000000094300000| Untracked 
| 324|0x0000000094400000, 0x0000000094400000, 0x0000000094500000|  0%| F|  |TAMS 0x0000000094400000, 0x0000000094400000| Untracked 
| 325|0x0000000094500000, 0x0000000094500000, 0x0000000094600000|  0%| F|  |TAMS 0x0000000094500000, 0x0000000094500000| Untracked 
| 326|0x0000000094600000, 0x0000000094600000, 0x0000000094700000|  0%| F|  |TAMS 0x0000000094600000, 0x0000000094600000| Untracked 
| 327|0x0000000094700000, 0x0000000094700000, 0x0000000094800000|  0%| F|  |TAMS 0x0000000094700000, 0x0000000094700000| Untracked 
| 328|0x0000000094800000, 0x0000000094800000, 0x0000000094900000|  0%| F|  |TAMS 0x0000000094800000, 0x0000000094800000| Untracked 
| 329|0x0000000094900000, 0x0000000094900000, 0x0000000094a00000|  0%| F|  |TAMS 0x0000000094900000, 0x0000000094900000| Untracked 
| 330|0x0000000094a00000, 0x0000000094a00000, 0x0000000094b00000|  0%| F|  |TAMS 0x0000000094a00000, 0x0000000094a00000| Untracked 
| 331|0x0000000094b00000, 0x0000000094b00000, 0x0000000094c00000|  0%| F|  |TAMS 0x0000000094b00000, 0x0000000094b00000| Untracked 
| 332|0x0000000094c00000, 0x0000000094c00000, 0x0000000094d00000|  0%| F|  |TAMS 0x0000000094c00000, 0x0000000094c00000| Untracked 

Card table byte_map: [0x00000182e6b50000,0x00000182e6f50000] _byte_map_base: 0x00000182e6750000

Marking Bits (Prev, Next): (CMBitMap*) 0x00000182d1e6ec80, (CMBitMap*) 0x00000182d1e6ec48
 Prev Bits: [0x00000182e9350000, 0x00000182eb350000)
 Next Bits: [0x00000182e7350000, 0x00000182e9350000)

Polling page: 0x00000182d1ce0000

Metaspace:

Usage:
  Non-class:    108.65 MB capacity,   106.64 MB ( 98%) used,     1.65 MB (  2%) free+waste,   365.00 KB ( <1%) overhead. 
      Class:     16.45 MB capacity,    15.30 MB ( 93%) used,  1012.70 KB (  6%) free+waste,   160.50 KB ( <1%) overhead. 
       Both:    125.10 MB capacity,   121.95 MB ( 97%) used,     2.64 MB (  2%) free+waste,   525.50 KB ( <1%) overhead. 

Virtual space:
  Non-class space:      110.00 MB reserved,     108.82 MB ( 99%) committed 
      Class space:        1.00 GB reserved,      16.50 MB (  2%) committed 
             Both:        1.11 GB reserved,     125.32 MB ( 11%) committed 

Chunk freelists:
   Non-Class:  44.00 KB
       Class:  23.00 KB
        Both:  67.00 KB

MaxMetaspaceSize: 17179869184.00 GB
CompressedClassSpaceSize: 1.00 GB
Initial GC threshold: 20.80 MB
Current GC threshold: 208.87 MB
CDS: off

CodeHeap 'non-profiled nmethods': size=120064Kb used=11001Kb max_used=11001Kb free=109062Kb
 bounds [0x00000182debe0000, 0x00000182df6a0000, 0x00000182e6120000]
CodeHeap 'profiled nmethods': size=120000Kb used=36396Kb max_used=36396Kb free=83603Kb
 bounds [0x00000182d76b0000, 0x00000182d9a40000, 0x00000182debe0000]
CodeHeap 'non-nmethods': size=5696Kb used=2462Kb max_used=2518Kb free=3233Kb
 bounds [0x00000182d7120000, 0x00000182d73a0000, 0x00000182d76b0000]
 total_blobs=17208 nmethods=16210 adapters=910
 compilation: enabled
              stopped_count=0, restarted_count=0
 full_count=0

Compilation events (20 events):
Event: 71.701 Thread 0x00000182ed9c6000 nmethod 16377 0x00000182d9a37210 code [0x00000182d9a373c0, 0x00000182d9a37518]
Event: 71.705 Thread 0x00000182ed9c6000 16380       2       com.android.tools.r8.code.h::<init> (7 bytes)
Event: 71.705 Thread 0x00000182ed9c6000 nmethod 16380 0x00000182d9a37610 code [0x00000182d9a377e0, 0x00000182d9a37a18]
Event: 71.714 Thread 0x00000182ed9c6000 16381       2       com.android.tools.r8.code.U2::hashCode (30 bytes)
Event: 71.714 Thread 0x00000182ed9c6000 nmethod 16381 0x00000182d9a37c10 code [0x00000182d9a37dc0, 0x00000182d9a37f08]
Event: 71.719 Thread 0x00000182ed9c6000 16382       2       com.android.tools.r8.graph.s0$$Lambda$1337/0x0000000101058440::apply (15 bytes)
Event: 71.720 Thread 0x00000182ed9c6000 nmethod 16382 0x00000182d9a37f90 code [0x00000182d9a38140, 0x00000182d9a382d8]
Event: 71.720 Thread 0x00000182ed9c6000 16383       2       com.android.tools.r8.graph.Q::<init> (10 bytes)
Event: 71.720 Thread 0x00000182ed9c6000 nmethod 16383 0x00000182d9a38410 code [0x00000182d9a385c0, 0x00000182d9a386b8]
Event: 71.732 Thread 0x00000182ed9c6000 16385       2       com.android.tools.r8.code.V3::<init> (7 bytes)
Event: 71.732 Thread 0x00000182ed9c6000 nmethod 16385 0x00000182d9a38790 code [0x00000182d9a38940, 0x00000182d9a38a78]
Event: 71.736 Thread 0x00000182ed9c6000 16386       2       com.android.tools.r8.graph.N2::g (64 bytes)
Event: 71.737 Thread 0x00000182ed9c6000 nmethod 16386 0x00000182d9a38b90 code [0x00000182d9a38da0, 0x00000182d9a390b8]
Event: 71.738 Thread 0x00000182ed9c6000 16388       2       com.android.tools.r8.code.u::<init> (7 bytes)
Event: 71.739 Thread 0x00000182ed9c6000 nmethod 16388 0x00000182d9a39290 code [0x00000182d9a39460, 0x00000182d9a39698]
Event: 71.740 Thread 0x00000182ed9c6000 16390       2       com.android.tools.r8.code.U2::<init> (58 bytes)
Event: 71.741 Thread 0x00000182ed9c6000 nmethod 16390 0x00000182d9a39890 code [0x00000182d9a39aa0, 0x00000182d9a3a028]
Event: 71.747 Thread 0x00000182ed9c6000 16391       2       com.android.tools.r8.graph.N2::a (157 bytes)
Event: 71.748 Thread 0x00000182ed9c6000 nmethod 16391 0x00000182d9a3a490 code [0x00000182d9a3a6c0, 0x00000182d9a3ae58]
Event: 71.748 Thread 0x00000182ed9c6000 16392       2       com.android.tools.r8.graph.N2::b (157 bytes)

GC Heap History (20 events):
Event: 69.639 GC heap after
{Heap after GC invocations=71 (full 0):
 garbage-first heap   total 273408K, used 236544K [0x0000000080000000, 0x0000000100000000)
  region size 1024K, 3 young (3072K), 3 survivors (3072K)
 Metaspace       used 122177K, capacity 125347K, committed 125512K, reserved 1159168K
  class space    used 15159K, capacity 16307K, committed 16384K, reserved 1048576K
}
Event: 69.951 GC heap before
{Heap before GC invocations=71 (full 0):
 garbage-first heap   total 273408K, used 248832K [0x0000000080000000, 0x0000000100000000)
  region size 1024K, 13 young (13312K), 3 survivors (3072K)
 Metaspace       used 122499K, capacity 125707K, committed 125768K, reserved 1159168K
  class space    used 15202K, capacity 16341K, committed 16384K, reserved 1048576K
}
Event: 69.960 GC heap after
{Heap after GC invocations=72 (full 0):
 garbage-first heap   total 273408K, used 236662K [0x0000000080000000, 0x0000000100000000)
  region size 1024K, 2 young (2048K), 2 survivors (2048K)
 Metaspace       used 122499K, capacity 125707K, committed 125768K, reserved 1159168K
  class space    used 15202K, capacity 16341K, committed 16384K, reserved 1048576K
}
Event: 70.195 GC heap before
{Heap before GC invocations=72 (full 0):
 garbage-first heap   total 273408K, used 246902K [0x0000000080000000, 0x0000000100000000)
  region size 1024K, 13 young (13312K), 2 survivors (2048K)
 Metaspace       used 122500K, capacity 125707K, committed 125768K, reserved 1159168K
  class space    used 15202K, capacity 16341K, committed 16384K, reserved 1048576K
}
Event: 70.209 GC heap after
{Heap after GC invocations=73 (full 0):
 garbage-first heap   total 273408K, used 241664K [0x0000000080000000, 0x0000000100000000)
  region size 1024K, 2 young (2048K), 2 survivors (2048K)
 Metaspace       used 122500K, capacity 125707K, committed 125768K, reserved 1159168K
  class space    used 15202K, capacity 16341K, committed 16384K, reserved 1048576K
}
Event: 70.468 GC heap before
{Heap before GC invocations=74 (full 0):
 garbage-first heap   total 273408K, used 251904K [0x0000000080000000, 0x0000000100000000)
  region size 1024K, 13 young (13312K), 2 survivors (2048K)
 Metaspace       used 122501K, capacity 125707K, committed 125768K, reserved 1159168K
  class space    used 15202K, capacity 16341K, committed 16384K, reserved 1048576K
}
Event: 70.487 GC heap after
{Heap after GC invocations=75 (full 0):
 garbage-first heap   total 273408K, used 246268K [0x0000000080000000, 0x0000000100000000)
  region size 1024K, 2 young (2048K), 2 survivors (2048K)
 Metaspace       used 122501K, capacity 125707K, committed 125768K, reserved 1159168K
  class space    used 15202K, capacity 16341K, committed 16384K, reserved 1048576K
}
Event: 70.549 GC heap before
{Heap before GC invocations=75 (full 0):
 garbage-first heap   total 273408K, used 257532K [0x0000000080000000, 0x0000000100000000)
  region size 1024K, 13 young (13312K), 2 survivors (2048K)
 Metaspace       used 122501K, capacity 125707K, committed 125768K, reserved 1159168K
  class space    used 15202K, capacity 16341K, committed 16384K, reserved 1048576K
}
Event: 70.578 GC heap after
{Heap after GC invocations=76 (full 0):
 garbage-first heap   total 273408K, used 250378K [0x0000000080000000, 0x0000000100000000)
  region size 1024K, 2 young (2048K), 2 survivors (2048K)
 Metaspace       used 122501K, capacity 125707K, committed 125768K, reserved 1159168K
  class space    used 15202K, capacity 16341K, committed 16384K, reserved 1048576K
}
Event: 70.586 GC heap before
{Heap before GC invocations=76 (full 0):
 garbage-first heap   total 273408K, used 251402K [0x0000000080000000, 0x0000000100000000)
  region size 1024K, 4 young (4096K), 2 survivors (2048K)
 Metaspace       used 122501K, capacity 125707K, committed 125768K, reserved 1159168K
  class space    used 15202K, capacity 16341K, committed 16384K, reserved 1048576K
}
Event: 70.601 GC heap after
{Heap after GC invocations=77 (full 0):
 garbage-first heap   total 273408K, used 251670K [0x0000000080000000, 0x0000000100000000)
  region size 1024K, 1 young (1024K), 1 survivors (1024K)
 Metaspace       used 122501K, capacity 125707K, committed 125768K, reserved 1159168K
  class space    used 15202K, capacity 16341K, committed 16384K, reserved 1048576K
}
Event: 70.707 GC heap before
{Heap before GC invocations=77 (full 0):
 garbage-first heap   total 273408K, used 264982K [0x0000000080000000, 0x0000000100000000)
  region size 1024K, 13 young (13312K), 1 survivors (1024K)
 Metaspace       used 122501K, capacity 125707K, committed 125768K, reserved 1159168K
  class space    used 15202K, capacity 16341K, committed 16384K, reserved 1048576K
}
Event: 70.737 GC heap after
{Heap after GC invocations=78 (full 0):
 garbage-first heap   total 340992K, used 257831K [0x0000000080000000, 0x0000000100000000)
  region size 1024K, 2 young (2048K), 2 survivors (2048K)
 Metaspace       used 122501K, capacity 125707K, committed 125768K, reserved 1159168K
  class space    used 15202K, capacity 16341K, committed 16384K, reserved 1048576K
}
Event: 71.186 GC heap before
{Heap before GC invocations=78 (full 0):
 garbage-first heap   total 340992K, used 271143K [0x0000000080000000, 0x0000000100000000)
  region size 1024K, 16 young (16384K), 2 survivors (2048K)
 Metaspace       used 124736K, capacity 128022K, committed 128328K, reserved 1161216K
  class space    used 15665K, capacity 16839K, committed 16896K, reserved 1048576K
}
Event: 71.208 GC heap after
{Heap after GC invocations=79 (full 0):
 garbage-first heap   total 340992K, used 262310K [0x0000000080000000, 0x0000000100000000)
  region size 1024K, 2 young (2048K), 2 survivors (2048K)
 Metaspace       used 124736K, capacity 128022K, committed 128328K, reserved 1161216K
  class space    used 15665K, capacity 16839K, committed 16896K, reserved 1048576K
}
Event: 71.439 GC heap before
{Heap before GC invocations=79 (full 0):
 garbage-first heap   total 340992K, used 276646K [0x0000000080000000, 0x0000000100000000)
  region size 1024K, 16 young (16384K), 2 survivors (2048K)
 Metaspace       used 124781K, capacity 128027K, committed 128328K, reserved 1161216K
  class space    used 15666K, capacity 16839K, committed 16896K, reserved 1048576K
}
Event: 71.464 GC heap after
{Heap after GC invocations=80 (full 0):
 garbage-first heap   total 340992K, used 269866K [0x0000000080000000, 0x0000000100000000)
  region size 1024K, 2 young (2048K), 2 survivors (2048K)
 Metaspace       used 124781K, capacity 128027K, committed 128328K, reserved 1161216K
  class space    used 15666K, capacity 16839K, committed 16896K, reserved 1048576K
}
Event: 71.626 GC heap before
{Heap before GC invocations=81 (full 0):
 garbage-first heap   total 340992K, used 284202K [0x0000000080000000, 0x0000000100000000)
  region size 1024K, 16 young (16384K), 2 survivors (2048K)
 Metaspace       used 124797K, capacity 128028K, committed 128328K, reserved 1161216K
  class space    used 15666K, capacity 16839K, committed 16896K, reserved 1048576K
}
Event: 71.650 GC heap after
{Heap after GC invocations=82 (full 0):
 garbage-first heap   total 340992K, used 277405K [0x0000000080000000, 0x0000000100000000)
  region size 1024K, 2 young (2048K), 2 survivors (2048K)
 Metaspace       used 124797K, capacity 128028K, committed 128328K, reserved 1161216K
  class space    used 15666K, capacity 16839K, committed 16896K, reserved 1048576K
}
Event: 71.750 GC heap before
{Heap before GC invocations=82 (full 0):
 garbage-first heap   total 340992K, used 290717K [0x0000000080000000, 0x0000000100000000)
  region size 1024K, 16 young (16384K), 2 survivors (2048K)
 Metaspace       used 124872K, capacity 128101K, committed 128328K, reserved 1161216K
  class space    used 15667K, capacity 16841K, committed 16896K, reserved 1048576K
}

Deoptimization events (20 events):
Event: 70.805 Thread 0x00000182f0c02800 DEOPT PACKING pc=0x00000182df655530 sp=0x000000451fcfe740
Event: 70.805 Thread 0x00000182f0c02800 DEOPT UNPACKING pc=0x00000182d716a1af sp=0x000000451fcfe740 mode 2
Event: 70.805 Thread 0x00000182f0c07000 DEOPT PACKING pc=0x00000182df655530 sp=0x000000451fbfed60
Event: 70.805 Thread 0x00000182f0c07000 DEOPT UNPACKING pc=0x00000182d716a1af sp=0x000000451fbfed60 mode 2
Event: 70.939 Thread 0x00000182f0c07000 Uncommon trap: trap_request=0xffffff4d fr.pc=0x00000182df664554 relative=0x00000000000002d4
Event: 70.940 Thread 0x00000182f0c07000 Uncommon trap: reason=unstable_if action=reinterpret pc=0x00000182df664554 method=com.android.tools.r8.graph.P0.h(Ljava/lang/Object;)Z @ 37 c2
Event: 70.940 Thread 0x00000182f0c07000 DEOPT PACKING pc=0x00000182df664554 sp=0x000000451fbfee70
Event: 70.940 Thread 0x00000182f0c07000 DEOPT UNPACKING pc=0x00000182d716a1af sp=0x000000451fbfee10 mode 2
Event: 71.174 Thread 0x00000182f0c02800 Uncommon trap: trap_request=0xffffff4d fr.pc=0x00000182df68a91c relative=0x0000000000000fdc
Event: 71.174 Thread 0x00000182f0c02800 Uncommon trap: reason=unstable_if action=reinterpret pc=0x00000182df68a91c method=com.android.tools.r8.dex.i.h()Lcom/android/tools/r8/graph/f1; @ 50 c2
Event: 71.175 Thread 0x00000182f0c02800 DEOPT PACKING pc=0x00000182df68a91c sp=0x000000451fcfe7a0
Event: 71.175 Thread 0x00000182f0c02800 DEOPT UNPACKING pc=0x00000182d716a1af sp=0x000000451fcfe788 mode 2
Event: 71.265 Thread 0x00000182f2e39000 Uncommon trap: trap_request=0xffffff4d fr.pc=0x00000182df0db414 relative=0x0000000000000354
Event: 71.265 Thread 0x00000182f2e39000 Uncommon trap: reason=unstable_if action=reinterpret pc=0x00000182df0db414 method=java.util.concurrent.ConcurrentLinkedQueue.offer(Ljava/lang/Object;)Z @ 42 c2
Event: 71.266 Thread 0x00000182f2e39000 DEOPT PACKING pc=0x00000182df0db414 sp=0x000000451fafe980
Event: 71.266 Thread 0x00000182f2e39000 DEOPT UNPACKING pc=0x00000182d716a1af sp=0x000000451fafe8c8 mode 2
Event: 71.652 Thread 0x00000182f0c07000 Uncommon trap: trap_request=0xffffff4d fr.pc=0x00000182df698dd4 relative=0x0000000000007754
Event: 71.653 Thread 0x00000182f0c07000 Uncommon trap: reason=unstable_if action=reinterpret pc=0x00000182df698dd4 method=com.android.tools.r8.code.y1.a(Ljava/nio/ShortBuffer;IILcom/android/tools/r8/internal/nL;)[Lcom/android/tools/r8/code/w1; @ 541 c2
Event: 71.653 Thread 0x00000182f0c07000 DEOPT PACKING pc=0x00000182df698dd4 sp=0x000000451fbfed40
Event: 71.653 Thread 0x00000182f0c07000 DEOPT UNPACKING pc=0x00000182d716a1af sp=0x000000451fbfed28 mode 2

Classes redefined (0 events):
No events

Internal exceptions (20 events):
Event: 68.353 Thread 0x00000182f2e2c800 Exception <a 'sun/nio/fs/WindowsException'{0x000000008ee3ed80}> (0x000000008ee3ed80) thrown at [./src/hotspot/share/prims/jni.cpp, line 616]
Event: 68.353 Thread 0x00000182f2e2c800 Exception <a 'sun/nio/fs/WindowsException'{0x000000008ee3fc38}> (0x000000008ee3fc38) thrown at [./src/hotspot/share/prims/jni.cpp, line 616]
Event: 68.354 Thread 0x00000182f2e2c800 Exception <a 'sun/nio/fs/WindowsException'{0x000000008ee3ff20}> (0x000000008ee3ff20) thrown at [./src/hotspot/share/prims/jni.cpp, line 616]
Event: 68.354 Thread 0x00000182f2e2c800 Exception <a 'sun/nio/fs/WindowsException'{0x000000008ee40da8}> (0x000000008ee40da8) thrown at [./src/hotspot/share/prims/jni.cpp, line 616]
Event: 68.354 Thread 0x00000182f2e2c800 Exception <a 'sun/nio/fs/WindowsException'{0x000000008ee410a8}> (0x000000008ee410a8) thrown at [./src/hotspot/share/prims/jni.cpp, line 616]
Event: 68.369 Thread 0x00000182f2e2c800 Exception <a 'java/lang/NoSuchMethodError'{0x000000008ed28ba8}: <clinit>> (0x000000008ed28ba8) thrown at [./src/hotspot/share/prims/jni.cpp, line 1366]
Event: 68.373 Thread 0x00000182f2e2c800 Exception <a 'java/lang/NoSuchMethodError'{0x000000008ed69ed0}: <clinit>> (0x000000008ed69ed0) thrown at [./src/hotspot/share/prims/jni.cpp, line 1366]
Event: 68.375 Thread 0x00000182f2e2c800 Exception <a 'java/lang/NoSuchMethodError'{0x000000008ed7cae8}: <clinit>> (0x000000008ed7cae8) thrown at [./src/hotspot/share/prims/jni.cpp, line 1366]
Event: 68.667 Thread 0x00000182f2e36800 Exception <a 'java/lang/NoSuchMethodError'{0x000000008eaa7478}: 'void java.lang.invoke.DirectMethodHandle$Holder.invokeStatic(java.lang.Object, long)'> (0x000000008eaa7478) thrown at [./src/hotspot/share/interpreter/linkResolver.cpp, line 773]
Event: 68.668 Thread 0x00000182f2e36800 Exception <a 'java/lang/NoSuchMethodError'{0x000000008e5e8bc8}: 'java.lang.Object java.lang.invoke.DirectMethodHandle$Holder.invokeStatic(java.lang.Object, long)'> (0x000000008e5e8bc8) thrown at [./src/hotspot/share/interpreter/linkResolver.cpp, line 773]
Event: 68.671 Thread 0x00000182f2e36800 Exception <a 'java/lang/NoSuchMethodError'{0x000000008e5f7b80}: 'java.lang.Object java.lang.invoke.DirectMethodHandle$Holder.invokeStaticInit(java.lang.Object, java.lang.Object, long, java.lang.Object)'> (0x000000008e5f7b80) thrown at [./src/hotspot/share/interpreter/linkResolver.cpp, line 773]
Event: 68.672 Thread 0x00000182f2e36800 Exception <a 'java/lang/NoSuchMethodError'{0x000000008e5fe1c8}: 'java.lang.Object java.lang.invoke.DirectMethodHandle$Holder.invokeStatic(java.lang.Object, java.lang.Object, long)'> (0x000000008e5fe1c8) thrown at [./src/hotspot/share/interpreter/linkResolver.cpp, line 773]
Event: 68.673 Thread 0x00000182f2e36800 Exception <a 'java/lang/NoSuchMethodError'{0x000000008e48a820}: 'java.lang.Object java.lang.invoke.Invokers$Holder.linkToTargetMethod(java.lang.Object, long, java.lang.Object)'> (0x000000008e48a820) thrown at [./src/hotspot/share/interpreter/linkResolver.cpp, line 773]
Event: 69.317 Thread 0x00000182f2e34800 Exception <a 'sun/nio/fs/WindowsException'{0x00000000909bdf30}> (0x00000000909bdf30) thrown at [./src/hotspot/share/prims/jni.cpp, line 616]
Event: 69.373 Thread 0x00000182f2e34800 Exception <a 'java/lang/NoSuchMethodError'{0x0000000090774210}: 'java.lang.Object java.lang.invoke.DirectMethodHandle$Holder.newInvokeSpecial(java.lang.Object, int)'> (0x0000000090774210) thrown at [./src/hotspot/share/interpreter/linkResolver.cpp, line 773]
Event: 69.604 Thread 0x00000182f2e34800 Exception <a 'java/lang/NoSuchMethodError'{0x0000000090895598}: 'java.lang.Object java.lang.invoke.DirectMethodHandle$Holder.invokeStaticInit(java.lang.Object, java.lang.Object, java.lang.Object, java.lang.Object, java.lang.Object, java.lang.Object, java.lang.Object, java.lang.Object, java.lang.Object, java.lang.Object, java.lang.Object, java.lang.Object, java.lang.Object, java.lang.Object, java.lang.Object, java.lang.Object, java.lang.Object, java.lang.Object, int, java.lang.Object, java.lang.Object)'> (0
Event: 70.811 Thread 0x00000182f0c02800 Exception <a 'java/lang/IncompatibleClassChangeError'{0x00000000949984a0}: Found class java.lang.Object, but interface was expected> (0x00000000949984a0) thrown at [./src/hotspot/share/interpreter/linkResolver.cpp, line 839]
Event: 70.934 Thread 0x00000182f2e39000 Exception <a 'java/lang/NoSuchMethodError'{0x00000000946f0678}: 'long java.lang.invoke.DirectMethodHandle$Holder.invokeStatic(java.lang.Object, java.lang.Object, java.lang.Object)'> (0x00000000946f0678) thrown at [./src/hotspot/share/interpreter/linkResolver.cpp, line 773]
Event: 70.935 Thread 0x00000182f0c07000 Exception <a 'java/lang/IncompatibleClassChangeError'{0x00000000946e29d0}: Found class java.lang.Object, but interface was expected> (0x00000000946e29d0) thrown at [./src/hotspot/share/interpreter/linkResolver.cpp, line 839]
Event: 70.936 Thread 0x00000182f0c02800 Exception <a 'java/lang/IncompatibleClassChangeError'{0x000000009450b4f8}: Found class java.lang.Object, but interface was expected> (0x000000009450b4f8) thrown at [./src/hotspot/share/interpreter/linkResolver.cpp, line 839]

Events (20 events):
Event: 71.242 Executing VM operation: CGC_Operation done
Event: 71.242 loading class com/android/tools/r8/internal/Uh
Event: 71.242 loading class com/android/tools/r8/internal/Uh done
Event: 71.434 Executing VM operation: G1CollectForAllocation
Event: 71.464 Executing VM operation: G1CollectForAllocation done
Event: 71.579 Executing VM operation: CGC_Operation
Event: 71.589 Executing VM operation: CGC_Operation done
Event: 71.603 loading class com/android/tools/r8/internal/Xe
Event: 71.603 loading class com/android/tools/r8/internal/Xe done
Event: 71.625 Executing VM operation: G1CollectForAllocation
Event: 71.650 Executing VM operation: G1CollectForAllocation done
Event: 71.662 loading class com/android/tools/r8/graph/a0$a
Event: 71.662 loading class com/android/tools/r8/graph/a0$a done
Event: 71.662 loading class com/android/tools/r8/graph/a0$a
Event: 71.662 loading class com/android/tools/r8/graph/a0$a done
Event: 71.662 loading class com/android/tools/r8/dex/i
Event: 71.662 loading class com/android/tools/r8/dex/i done
Event: 71.663 loading class com/android/tools/r8/dex/i
Event: 71.663 loading class com/android/tools/r8/dex/i done
Event: 71.749 Executing VM operation: G1CollectForAllocation


Dynamic libraries:
0x00007ff6f6d50000 - 0x00007ff6f6d5a000 	C:\Program Files\Android\Android Studio1\jre\bin\java.exe
0x00007ff8f5db0000 - 0x00007ff8f5fa8000 	C:\Windows\SYSTEM32\ntdll.dll
0x00007ff8f4a40000 - 0x00007ff8f4aff000 	C:\Windows\System32\KERNEL32.DLL
0x00007ff8f3690000 - 0x00007ff8f3962000 	C:\Windows\System32\KERNELBASE.dll
0x00007ff8f34a0000 - 0x00007ff8f35a0000 	C:\Windows\System32\ucrtbase.dll
0x00007ff8eae70000 - 0x00007ff8eae87000 	C:\Program Files\Android\Android Studio1\jre\bin\VCRUNTIME140.dll
0x00007ff8eacf0000 - 0x00007ff8ead09000 	C:\Program Files\Android\Android Studio1\jre\bin\jli.dll
0x00007ff8f5180000 - 0x00007ff8f5321000 	C:\Windows\System32\USER32.dll
0x00007ff8f3610000 - 0x00007ff8f3632000 	C:\Windows\System32\win32u.dll
0x00007ff8f50e0000 - 0x00007ff8f510b000 	C:\Windows\System32\GDI32.dll
0x00007ff8f3a40000 - 0x00007ff8f3b4f000 	C:\Windows\System32\gdi32full.dll
0x00007ff8f39a0000 - 0x00007ff8f3a3d000 	C:\Windows\System32\msvcp_win.dll
0x00007ff8e18b0000 - 0x00007ff8e1b4a000 	C:\Windows\WinSxS\amd64_microsoft.windows.common-controls_6595b64144ccf1df_6.0.19041.1110_none_60b5254171f9507e\COMCTL32.dll
0x00007ff8f5330000 - 0x00007ff8f53ce000 	C:\Windows\System32\msvcrt.dll
0x00007ff8f50a0000 - 0x00007ff8f50d2000 	C:\Windows\System32\IMM32.DLL
0x00007ff8c90d0000 - 0x00007ff8c916d000 	C:\Program Files\Android\Android Studio1\jre\bin\msvcp140.dll
0x00007ff8b41b0000 - 0x00007ff8b4cb2000 	C:\Program Files\Android\Android Studio1\jre\bin\server\jvm.dll
0x00007ff8f5cc0000 - 0x00007ff8f5d6e000 	C:\Windows\System32\ADVAPI32.dll
0x00007ff8f53d0000 - 0x00007ff8f546c000 	C:\Windows\System32\sechost.dll
0x00007ff8f4670000 - 0x00007ff8f4795000 	C:\Windows\System32\RPCRT4.dll
0x00007ff8f5110000 - 0x00007ff8f5118000 	C:\Windows\System32\PSAPI.DLL
0x00007ff8dedc0000 - 0x00007ff8dede7000 	C:\Windows\SYSTEM32\WINMM.dll
0x00007ff8bc700000 - 0x00007ff8bc709000 	C:\Windows\SYSTEM32\WSOCK32.dll
0x00007ff8f5470000 - 0x00007ff8f54db000 	C:\Windows\System32\WS2_32.dll
0x00007ff8f0b50000 - 0x00007ff8f0b5a000 	C:\Windows\SYSTEM32\VERSION.dll
0x00007ff8f13b0000 - 0x00007ff8f13c2000 	C:\Windows\SYSTEM32\kernel.appcore.dll
0x00007ff8bc6c0000 - 0x00007ff8bc6d1000 	C:\Program Files\Android\Android Studio1\jre\bin\verify.dll
0x00007ff8e0410000 - 0x00007ff8e05f4000 	C:\Windows\SYSTEM32\DBGHELP.DLL
0x00007ff8e02e0000 - 0x00007ff8e0315000 	C:\Windows\SYSTEM32\dbgcore.DLL
0x00007ff8f3b50000 - 0x00007ff8f3bd2000 	C:\Windows\System32\bcryptPrimitives.dll
0x00007ff8b4180000 - 0x00007ff8b41a9000 	C:\Program Files\Android\Android Studio1\jre\bin\java.dll
0x00007ff8bc6b0000 - 0x00007ff8bc6bb000 	C:\Program Files\Android\Android Studio1\jre\bin\jimage.dll
0x00007ff8a5730000 - 0x00007ff8a5748000 	C:\Program Files\Android\Android Studio1\jre\bin\zip.dll
0x00007ff8f5570000 - 0x00007ff8f5cb4000 	C:\Windows\System32\SHELL32.dll
0x00007ff8f1560000 - 0x00007ff8f1cf2000 	C:\Windows\SYSTEM32\windows.storage.dll
0x00007ff8f4b00000 - 0x00007ff8f4e55000 	C:\Windows\System32\combase.dll
0x00007ff8f2e20000 - 0x00007ff8f2e50000 	C:\Windows\SYSTEM32\Wldp.dll
0x00007ff8f4fe0000 - 0x00007ff8f508d000 	C:\Windows\System32\SHCORE.dll
0x00007ff8f3e10000 - 0x00007ff8f3e65000 	C:\Windows\System32\shlwapi.dll
0x00007ff8f33e0000 - 0x00007ff8f33ff000 	C:\Windows\SYSTEM32\profapi.dll
0x00007ff8a52d0000 - 0x00007ff8a52ea000 	C:\Program Files\Android\Android Studio1\jre\bin\net.dll
0x00007ff8e6b20000 - 0x00007ff8e6c2c000 	C:\Windows\SYSTEM32\WINHTTP.dll
0x00007ff8f2b80000 - 0x00007ff8f2bea000 	C:\Windows\system32\mswsock.dll
0x00007ff8a52b0000 - 0x00007ff8a52c4000 	C:\Program Files\Android\Android Studio1\jre\bin\nio.dll
0x00007ff8eacc0000 - 0x00007ff8eace7000 	D:\native\e1d6ef7f7dcc3fd88c89a11ec53ec762bb8ba0a96d01ffa2cd45eb1d1d8dd5c5\windows-amd64\native-platform.dll
0x00007ff8dd760000 - 0x00007ff8dd8a4000 	D:\native\0d407fdbe67a94daf76414ababcb853783967236a71b16ec16e742cd7a986fd3\windows-amd64\native-platform-file-events.dll
0x00007ff89e7c0000 - 0x00007ff89e7ca000 	C:\Program Files\Android\Android Studio1\jre\bin\management.dll
0x00007ff89e7b0000 - 0x00007ff89e7bd000 	C:\Program Files\Android\Android Studio1\jre\bin\management_ext.dll
0x00007ff8f2d80000 - 0x00007ff8f2d98000 	C:\Windows\SYSTEM32\CRYPTSP.dll
0x00007ff8f24a0000 - 0x00007ff8f24d4000 	C:\Windows\system32\rsaenh.dll
0x00007ff8f3970000 - 0x00007ff8f3997000 	C:\Windows\System32\bcrypt.dll
0x00007ff8f33a0000 - 0x00007ff8f33ce000 	C:\Windows\SYSTEM32\USERENV.dll
0x00007ff8f2d70000 - 0x00007ff8f2d7c000 	C:\Windows\SYSTEM32\CRYPTBASE.dll
0x00007ff8f2870000 - 0x00007ff8f28ab000 	C:\Windows\SYSTEM32\IPHLPAPI.DLL
0x00007ff8f54e0000 - 0x00007ff8f54e8000 	C:\Windows\System32\NSI.dll
0x00007ff8e7350000 - 0x00007ff8e7367000 	C:\Windows\SYSTEM32\dhcpcsvc6.DLL
0x00007ff8e7440000 - 0x00007ff8e745d000 	C:\Windows\SYSTEM32\dhcpcsvc.DLL
0x00007ff8f28b0000 - 0x00007ff8f297a000 	C:\Windows\SYSTEM32\DNSAPI.dll

dbghelp: loaded successfully - version: 4.0.5 - missing functions: none
symbol engine: initialized successfully - sym options: 0x614 - pdb path: .;C:\Program Files\Android\Android Studio1\jre\bin;C:\Windows\SYSTEM32;C:\Windows\WinSxS\amd64_microsoft.windows.common-controls_6595b64144ccf1df_6.0.19041.1110_none_60b5254171f9507e;C:\Program Files\Android\Android Studio1\jre\bin\server;D:\native\e1d6ef7f7dcc3fd88c89a11ec53ec762bb8ba0a96d01ffa2cd45eb1d1d8dd5c5\windows-amd64;D:\native\0d407fdbe67a94daf76414ababcb853783967236a71b16ec16e742cd7a986fd3\windows-amd64

VM Arguments:
jvm_args: --add-opens=java.base/java.util=ALL-UNNAMED --add-opens=java.base/java.lang=ALL-UNNAMED --add-opens=java.base/java.lang.invoke=ALL-UNNAMED --add-opens=java.base/java.util=ALL-UNNAMED --add-opens=java.prefs/java.util.prefs=ALL-UNNAMED --add-opens=java.prefs/java.util.prefs=ALL-UNNAMED --add-opens=java.base/java.nio.charset=ALL-UNNAMED --add-opens=java.base/java.net=ALL-UNNAMED --add-opens=java.base/java.util.concurrent.atomic=ALL-UNNAMED -Xmx2048m -Dfile.encoding=UTF-8 -Duser.country=US -Duser.language=en -Duser.variant 
java_command: org.gradle.launcher.daemon.bootstrap.GradleDaemon 7.4
java_class_path (initial): D:\wrapper\dists\gradle-7.4-bin\c0gwcg53nkjbqw7r0h0umtfvt\gradle-7.4\lib\gradle-launcher-7.4.jar
Launcher Type: SUN_STANDARD

[Global flags]
     intx CICompilerCount                          = 3                                         {product} {ergonomic}
     uint ConcGCThreads                            = 1                                         {product} {ergonomic}
     uint G1ConcRefinementThreads                  = 4                                         {product} {ergonomic}
   size_t G1HeapRegionSize                         = 1048576                                   {product} {ergonomic}
    uintx GCDrainStackTargetSize                   = 64                                        {product} {ergonomic}
   size_t InitialHeapSize                          = 134217728                                 {product} {ergonomic}
   size_t MarkStackSize                            = 4194304                                   {product} {ergonomic}
   size_t MaxHeapSize                              = 2147483648                                {product} {command line}
   size_t MaxNewSize                               = 1287651328                                {product} {ergonomic}
   size_t MinHeapDeltaBytes                        = 1048576                                   {product} {ergonomic}
    uintx NonNMethodCodeHeapSize                   = 5830732                                {pd product} {ergonomic}
    uintx NonProfiledCodeHeapSize                  = 122913754                              {pd product} {ergonomic}
    uintx ProfiledCodeHeapSize                     = 122913754                              {pd product} {ergonomic}
    uintx ReservedCodeCacheSize                    = 251658240                              {pd product} {ergonomic}
     bool SegmentedCodeCache                       = true                                      {product} {ergonomic}
     bool UseCompressedClassPointers               = true                                 {lp64_product} {ergonomic}
     bool UseCompressedOops                        = true                                 {lp64_product} {ergonomic}
     bool UseG1GC                                  = true                                      {product} {ergonomic}
     bool UseLargePagesIndividualAllocation        = false                                  {pd product} {ergonomic}

Logging:
Log output configuration:
 #0: stdout all=warning uptime,level,tags
 #1: stderr all=off uptime,level,tags

Environment Variables:
PATH=C:\Windows\system32;C:\Windows;C:\Windows\System32\Wbem;C:\Windows\System32\WindowsPowerShell\v1.0\;C:\Windows\System32\OpenSSH\;C:\Program Files\Git\cmd;C:\Program Files\dotnet\;C:\Users\Sammy\AppData\Local\Microsoft\WindowsApps;C:\Users\Sammy\.dotnet\tools
USERNAME=Sammy
OS=Windows_NT
PROCESSOR_IDENTIFIER=Intel64 Family 6 Model 69 Stepping 1, GenuineIntel



---------------  S Y S T E M  ---------------

OS: Windows 10 , 64 bit Build 19041 (10.0.19041.2364)
OS uptime: 0 days 0:53 hours

CPU:total 4 (initial active 4) (2 cores per cpu, 2 threads per core) family 6 model 69 stepping 1 microcode 0x25, cmov, cx8, fxsr, mmx, sse, sse2, sse3, ssse3, sse4.1, sse4.2, popcnt, avx, avx2, aes, clmul, erms, lzcnt, ht, tsc, tscinvbit, bmi1, bmi2, fma

Memory: 4k page, system-wide physical 8097M (666M free)
TotalPageFile size 8646M (AvailPageFile size 22M)
current process WorkingSet (physical memory assigned to process): 630M, peak: 630M
current process commit charge ("private bytes"): 706M, peak: 992M

vm_info: OpenJDK 64-Bit Server VM (11.0.13+0-b1751.21-8125866) for windows-amd64 JRE (11.0.13+0-b1751.21-8125866), built on Feb  2 2022 03:00:22 by "builder" with MS VC++ 14.0 (VS2015)

END.
