#
# There is insufficient memory for the Java Runtime Environment to continue.
# Native memory allocation (mmap) failed to map 205520896 bytes for Failed to commit area from 0x0000000095100000 to 0x00000000a1500000 of length 205520896.
# Possible reasons:
#   The system is out of physical RAM or swap space
#   The process is running with CompressedOops enabled, and the Java Heap may be blocking the growth of the native heap
# Possible solutions:
#   Reduce memory load on the system
#   Increase physical memory or swap space
#   Check if swap backing store is full
#   Decrease Java heap size (-Xmx/-Xms)
#   Decrease number of Java threads
#   Decrease Java thread stack sizes (-Xss)
#   Set larger code cache with -XX:ReservedCodeCacheSize=
#   JVM is running with Unscaled Compressed Oops mode in which the Java heap is
#     placed in the first 4GB address space. The Java Heap base address is the
#     maximum limit for the native heap growth. Please use -XX:HeapBaseMinAddress
#     to set the Java Heap base and to place the Java Heap above 4GB virtual address.
# This output file may be truncated or incomplete.
#
#  Out of Memory Error (./src/hotspot/os/windows/os_windows.cpp:3619), pid=2284, tid=10088
#
# JRE version: OpenJDK Runtime Environment (11.0.13) (build 11.0.13+0-b1751.21-8125866)
# Java VM: OpenJDK 64-Bit Server VM (11.0.13+0-b1751.21-8125866, mixed mode, tiered, compressed oops, g1 gc, windows-amd64)
# No core dump will be written. Minidumps are not enabled by default on client versions of Windows
#

---------------  S U M M A R Y ------------

Command Line: --add-opens=java.base/java.util=ALL-UNNAMED --add-opens=java.base/java.lang=ALL-UNNAMED --add-opens=java.base/java.lang.invoke=ALL-UNNAMED --add-opens=java.base/java.util=ALL-UNNAMED --add-opens=java.prefs/java.util.prefs=ALL-UNNAMED --add-opens=java.prefs/java.util.prefs=ALL-UNNAMED --add-opens=java.base/java.nio.charset=ALL-UNNAMED --add-opens=java.base/java.net=ALL-UNNAMED --add-opens=java.base/java.util.concurrent.atomic=ALL-UNNAMED -Xmx2048m -Dfile.encoding=UTF-8 -Duser.country=US -Duser.language=en -Duser.variant org.gradle.launcher.daemon.bootstrap.GradleDaemon 7.4

Host: Intel(R) Core(TM) i5-4310U CPU @ 2.00GHz, 4 cores, 7G,  Windows 10 , 64 bit Build 19041 (10.0.19041.2364)
Time: Fri May  5 11:53:54 2023 Egypt Standard Time elapsed time: 112.486813 seconds (0d 0h 1m 52s)

---------------  T H R E A D  ---------------

Current thread (0x0000019ca0407000):  VMThread "VM Thread" [stack: 0x0000002a76200000,0x0000002a76300000] [id=10088]

Stack: [0x0000002a76200000,0x0000002a76300000]
[error occurred during error reporting (printing stack bounds), id 0xc0000005, EXCEPTION_ACCESS_VIOLATION (0xc0000005) at pc=0x0000019c89bb112d]

Native frames: (J=compiled Java code, j=interpreted, Vv=VM code, C=native code)
V  [jvm.dll+0x6100fa]
V  [jvm.dll+0x747090]
V  [jvm.dll+0x7486ad]
V  [jvm.dll+0x748ce5]
V  [jvm.dll+0x748c9b]
V  [jvm.dll+0x60f224]
V  [jvm.dll+0x60f9b8]
C  [ntdll.dll+0xa241f]
C  [ntdll.dll+0x514a4]
C  [ntdll.dll+0xa0f4e]
C  0x0000019c89bb112d

VM_Operation (0x0000002a7ccfe610): G1CollectForAllocation, mode: safepoint, requested by thread 0x0000019cb0d7c800


---------------  P R O C E S S  ---------------

Threads class SMR info:
_java_thread_list=0x0000019cad19e7b0, length=104, elements={
0x0000019c848dc800, 0x0000019ca040c800, 0x0000019ca0410000, 0x0000019ca0da3800,
0x0000019ca0428800, 0x0000019ca042c000, 0x0000019ca0430000, 0x0000019ca0436000,
0x0000019ca043b800, 0x0000019ca0ed9800, 0x0000019ca352c000, 0x0000019ca24e2800,
0x0000019ca1132000, 0x0000019ca3370800, 0x0000019ca3243800, 0x0000019ca2ecd000,
0x0000019ca2ecc800, 0x0000019ca2ec9000, 0x0000019ca2ecb800, 0x0000019ca2ece000,
0x0000019ca3999000, 0x0000019ca3996800, 0x0000019ca3998000, 0x0000019ca39a0800,
0x0000019ca399b800, 0x0000019ca6182800, 0x0000019ca617f000, 0x0000019ca6188000,
0x0000019ca6183000, 0x0000019ca618a800, 0x0000019ca3a26800, 0x0000019ca3a28000,
0x0000019ca3a2a800, 0x0000019ca6180000, 0x0000019ca6180800, 0x0000019ca6181800,
0x0000019ca617c800, 0x0000019ca617e800, 0x0000019ca617d800, 0x0000019ca6186800,
0x0000019ca6184000, 0x0000019ca6189000, 0x0000019ca6187000, 0x0000019ca6189800,
0x0000019ca6185000, 0x0000019ca618b800, 0x0000019ca3a1f000, 0x0000019ca3a20000,
0x0000019ca3a1e800, 0x0000019ca3a21000, 0x0000019ca3a21800, 0x0000019ca3a1c000,
0x0000019ca3a1c800, 0x0000019ca3a25800, 0x0000019ca3a29000, 0x0000019ca3a23000,
0x0000019ca3a29800, 0x0000019ca399a800, 0x0000019ca39a1000, 0x0000019ca399f800,
0x0000019ca399d000, 0x0000019ca399e000, 0x0000019ca39a2000, 0x0000019ca399c000,
0x0000019ca399e800, 0x0000019ca2ece800, 0x0000019ca2eca800, 0x0000019ca2ecf800,
0x0000019ca2eca000, 0x0000019cb0d24800, 0x0000019cb0d21000, 0x0000019cb0d26000,
0x0000019cb0d22000, 0x0000019cb0d22800, 0x0000019cb0d23800, 0x0000019cb0d20800,
0x0000019cb0d29800, 0x0000019cb0d28800, 0x0000019cb0d2b000, 0x0000019cb0d2a000,
0x0000019cb0d25000, 0x0000019cb0d2b800, 0x0000019cb0d27800, 0x0000019cb0d2c800,
0x0000019cb0d27000, 0x0000019cb0d2d800, 0x0000019cb0d2e000, 0x0000019cb0d2f000,
0x0000019cb0d75000, 0x0000019cb0d72000, 0x0000019cb0d73000, 0x0000019cb0d71000,
0x0000019cb0d74800, 0x0000019cb0d76000, 0x0000019cb0d70800, 0x0000019cb0d77000,
0x0000019cb0d79800, 0x0000019cb0d77800, 0x0000019cb0d78800, 0x0000019cb0d73800,
0x0000019cb0d7e000, 0x0000019cb0d7f000, 0x0000019cb0d7c800, 0x0000019ca51c9800
}

Java Threads: ( => current thread )
  0x0000019c848dc800 JavaThread "main" [_thread_blocked, id=2996, stack(0x0000002a75c00000,0x0000002a75d00000)]
  0x0000019ca040c800 JavaThread "Reference Handler" daemon [_thread_blocked, id=10296, stack(0x0000002a76300000,0x0000002a76400000)]
  0x0000019ca0410000 JavaThread "Finalizer" daemon [_thread_blocked, id=13484, stack(0x0000002a76400000,0x0000002a76500000)]
  0x0000019ca0da3800 JavaThread "Signal Dispatcher" daemon [_thread_blocked, id=14024, stack(0x0000002a76500000,0x0000002a76600000)]
  0x0000019ca0428800 JavaThread "Attach Listener" daemon [_thread_blocked, id=13504, stack(0x0000002a76600000,0x0000002a76700000)]
  0x0000019ca042c000 JavaThread "Service Thread" daemon [_thread_blocked, id=13884, stack(0x0000002a76700000,0x0000002a76800000)]
  0x0000019ca0430000 JavaThread "C2 CompilerThread0" daemon [_thread_blocked, id=10804, stack(0x0000002a76800000,0x0000002a76900000)]
  0x0000019ca0436000 JavaThread "C1 CompilerThread0" daemon [_thread_blocked, id=624, stack(0x0000002a76900000,0x0000002a76a00000)]
  0x0000019ca043b800 JavaThread "Sweeper thread" daemon [_thread_blocked, id=11060, stack(0x0000002a76a00000,0x0000002a76b00000)]
  0x0000019ca0ed9800 JavaThread "Common-Cleaner" daemon [_thread_blocked, id=8408, stack(0x0000002a76b00000,0x0000002a76c00000)]
  0x0000019ca352c000 JavaThread "Daemon health stats" [_thread_blocked, id=13596, stack(0x0000002a77000000,0x0000002a77100000)]
  0x0000019ca24e2800 JavaThread "Incoming local TCP Connector on port 1715" [_thread_in_native, id=8560, stack(0x0000002a76d00000,0x0000002a76e00000)]
  0x0000019ca1132000 JavaThread "Daemon periodic checks" [_thread_blocked, id=7352, stack(0x0000002a77100000,0x0000002a77200000)]
  0x0000019ca3370800 JavaThread "Daemon" [_thread_blocked, id=11828, stack(0x0000002a77200000,0x0000002a77300000)]
  0x0000019ca3243800 JavaThread "Daemon worker" [_thread_blocked, id=2392, stack(0x0000002a77500000,0x0000002a77600000)]
  0x0000019ca2ecd000 JavaThread "Cache worker for journal cache (D:\caches\journal-1)" [_thread_blocked, id=6588, stack(0x0000002a77a00000,0x0000002a77b00000)]
  0x0000019ca2ecc800 JavaThread "File lock request listener" [_thread_in_native, id=13764, stack(0x0000002a77b00000,0x0000002a77c00000)]
  0x0000019ca2ec9000 JavaThread "Cache worker for file hash cache (D:\caches\7.4\fileHashes)" [_thread_blocked, id=32, stack(0x0000002a77c00000,0x0000002a77d00000)]
  0x0000019ca2ecb800 JavaThread "File watcher server" daemon [_thread_blocked, id=9436, stack(0x0000002a77e00000,0x0000002a77f00000)]
  0x0000019ca2ece000 JavaThread "File watcher consumer" daemon [_thread_blocked, id=13924, stack(0x0000002a77f00000,0x0000002a78000000)]
  0x0000019ca3999000 JavaThread "Cache worker for execution history cache (D:\caches\7.4\executionHistory)" [_thread_blocked, id=13352, stack(0x0000002a78400000,0x0000002a78500000)]
  0x0000019ca3996800 JavaThread "jar transforms" [_thread_blocked, id=12004, stack(0x0000002a78500000,0x0000002a78600000)]
  0x0000019ca3998000 JavaThread "Cache worker for file content cache (D:\caches\7.4\fileContent)" [_thread_blocked, id=13908, stack(0x0000002a78600000,0x0000002a78700000)]
  0x0000019ca39a0800 JavaThread "jar transforms Thread 2" [_thread_blocked, id=12720, stack(0x0000002a78700000,0x0000002a78800000)]
  0x0000019ca399b800 JavaThread "jar transforms Thread 3" [_thread_blocked, id=8868, stack(0x0000002a78900000,0x0000002a78a00000)]
  0x0000019ca6182800 JavaThread "jar transforms Thread 4" [_thread_blocked, id=1720, stack(0x0000002a7b300000,0x0000002a7b400000)]
  0x0000019ca617f000 JavaThread "Memory manager" [_thread_blocked, id=4856, stack(0x0000002a7b400000,0x0000002a7b500000)]
  0x0000019ca6188000 JavaThread "pool-3-thread-1" [_thread_blocked, id=6908, stack(0x0000002a7b600000,0x0000002a7b700000)]
  0x0000019ca6183000 JavaThread "included builds" [_thread_blocked, id=1296, stack(0x0000002a7b800000,0x0000002a7b900000)]
  0x0000019ca618a800 JavaThread "Cache worker for Java compile cache (D:\caches\7.4\javaCompile)" [_thread_blocked, id=5128, stack(0x0000002a7be00000,0x0000002a7bf00000)]
  0x0000019ca3a26800 JavaThread "ForkJoinPool.commonPool-worker-3" daemon [_thread_blocked, id=2612, stack(0x0000002a77d00000,0x0000002a77e00000)]
  0x0000019ca3a28000 JavaThread "ForkJoinPool.commonPool-worker-5" daemon [_thread_blocked, id=7500, stack(0x0000002a7c700000,0x0000002a7c800000)]
  0x0000019ca3a2a800 JavaThread "ForkJoinPool.commonPool-worker-7" daemon [_thread_blocked, id=5880, stack(0x0000002a7c800000,0x0000002a7c900000)]
  0x0000019ca6180000 JavaThread "Handler for socket connection from /127.0.0.1:1715 to /127.0.0.1:1729" [_thread_in_native, id=7964, stack(0x0000002a75900000,0x0000002a75a00000)]
  0x0000019ca6180800 JavaThread "Cancel handler" [_thread_blocked, id=11344, stack(0x0000002a75a00000,0x0000002a75b00000)]
  0x0000019ca6181800 JavaThread "Asynchronous log dispatcher for DefaultDaemonConnection: socket connection from /127.0.0.1:1715 to /127.0.0.1:1729" [_thread_blocked, id=12368, stack(0x0000002a77300000,0x0000002a77400000)]
  0x0000019ca617c800 JavaThread "Stdin handler" [_thread_blocked, id=14100, stack(0x0000002a77400000,0x0000002a77500000)]
  0x0000019ca617e800 JavaThread "Daemon client event forwarder" [_thread_blocked, id=4340, stack(0x0000002a77600000,0x0000002a77700000)]
  0x0000019ca617d800 JavaThread "Cache worker for checksums cache (C:\Users\Sammy\AndroidStudioProjects\SaidalyTech\.gradle\7.4\checksums)" [_thread_blocked, id=13404, stack(0x0000002a77800000,0x0000002a77900000)]
  0x0000019ca6186800 JavaThread "Cache worker for cache directory md-rule (D:\caches\7.4\md-rule)" [_thread_blocked, id=6444, stack(0x0000002a78000000,0x0000002a78100000)]
  0x0000019ca6184000 JavaThread "Cache worker for file hash cache (C:\Users\Sammy\AndroidStudioProjects\SaidalyTech\.gradle\7.4\fileHashes)" [_thread_blocked, id=13956, stack(0x0000002a78100000,0x0000002a78200000)]
  0x0000019ca6189000 JavaThread "Cache worker for cache directory md-supplier (D:\caches\7.4\md-supplier)" [_thread_blocked, id=2408, stack(0x0000002a78200000,0x0000002a78300000)]
  0x0000019ca6187000 JavaThread "Cache worker for dependencies-accessors (C:\Users\Sammy\AndroidStudioProjects\SaidalyTech\.gradle\7.4\dependencies-accessors)" [_thread_blocked, id=10140, stack(0x0000002a78300000,0x0000002a78400000)]
  0x0000019ca6189800 JavaThread "Cache worker for Build Output Cleanup Cache (C:\Users\Sammy\AndroidStudioProjects\SaidalyTech\.gradle\buildOutputCleanup)" [_thread_blocked, id=12332, stack(0x0000002a78800000,0x0000002a78900000)]
  0x0000019ca6185000 JavaThread "Unconstrained build operations" [_thread_blocked, id=8416, stack(0x0000002a78a00000,0x0000002a78b00000)]
  0x0000019ca618b800 JavaThread "Unconstrained build operations Thread 2" [_thread_blocked, id=13856, stack(0x0000002a78b00000,0x0000002a78c00000)]
  0x0000019ca3a1f000 JavaThread "Unconstrained build operations Thread 3" [_thread_blocked, id=10380, stack(0x0000002a78c00000,0x0000002a78d00000)]
  0x0000019ca3a20000 JavaThread "Unconstrained build operations Thread 4" [_thread_blocked, id=10812, stack(0x0000002a78d00000,0x0000002a78e00000)]
  0x0000019ca3a1e800 JavaThread "Unconstrained build operations Thread 5" [_thread_blocked, id=4040, stack(0x0000002a78e00000,0x0000002a78f00000)]
  0x0000019ca3a21000 JavaThread "Unconstrained build operations Thread 6" [_thread_blocked, id=8400, stack(0x0000002a78f00000,0x0000002a79000000)]
  0x0000019ca3a21800 JavaThread "Unconstrained build operations Thread 7" [_thread_blocked, id=2664, stack(0x0000002a79000000,0x0000002a79100000)]
  0x0000019ca3a1c000 JavaThread "Unconstrained build operations Thread 8" [_thread_blocked, id=3292, stack(0x0000002a79100000,0x0000002a79200000)]
  0x0000019ca3a1c800 JavaThread "Unconstrained build operations Thread 9" [_thread_blocked, id=13428, stack(0x0000002a79200000,0x0000002a79300000)]
  0x0000019ca3a25800 JavaThread "Unconstrained build operations Thread 10" [_thread_blocked, id=8196, stack(0x0000002a79300000,0x0000002a79400000)]
  0x0000019ca3a29000 JavaThread "Unconstrained build operations Thread 11" [_thread_blocked, id=9744, stack(0x0000002a79400000,0x0000002a79500000)]
  0x0000019ca3a23000 JavaThread "Unconstrained build operations Thread 12" [_thread_blocked, id=13308, stack(0x0000002a79500000,0x0000002a79600000)]
  0x0000019ca3a29800 JavaThread "Unconstrained build operations Thread 13" [_thread_blocked, id=7296, stack(0x0000002a79600000,0x0000002a79700000)]
  0x0000019ca399a800 JavaThread "Unconstrained build operations Thread 14" [_thread_blocked, id=3140, stack(0x0000002a79700000,0x0000002a79800000)]
  0x0000019ca39a1000 JavaThread "Unconstrained build operations Thread 15" [_thread_blocked, id=3416, stack(0x0000002a79800000,0x0000002a79900000)]
  0x0000019ca399f800 JavaThread "Unconstrained build operations Thread 16" [_thread_blocked, id=8204, stack(0x0000002a79900000,0x0000002a79a00000)]
  0x0000019ca399d000 JavaThread "Unconstrained build operations Thread 17" [_thread_blocked, id=7684, stack(0x0000002a79a00000,0x0000002a79b00000)]
  0x0000019ca399e000 JavaThread "Unconstrained build operations Thread 18" [_thread_blocked, id=6156, stack(0x0000002a79b00000,0x0000002a79c00000)]
  0x0000019ca39a2000 JavaThread "Unconstrained build operations Thread 19" [_thread_blocked, id=14000, stack(0x0000002a79c00000,0x0000002a79d00000)]
  0x0000019ca399c000 JavaThread "Unconstrained build operations Thread 20" [_thread_blocked, id=8144, stack(0x0000002a79d00000,0x0000002a79e00000)]
  0x0000019ca399e800 JavaThread "Unconstrained build operations Thread 21" [_thread_blocked, id=8120, stack(0x0000002a79e00000,0x0000002a79f00000)]
  0x0000019ca2ece800 JavaThread "Unconstrained build operations Thread 22" [_thread_blocked, id=9304, stack(0x0000002a79f00000,0x0000002a7a000000)]
  0x0000019ca2eca800 JavaThread "Unconstrained build operations Thread 23" [_thread_blocked, id=10248, stack(0x0000002a7a000000,0x0000002a7a100000)]
  0x0000019ca2ecf800 JavaThread "Unconstrained build operations Thread 24" [_thread_blocked, id=6024, stack(0x0000002a7a100000,0x0000002a7a200000)]
  0x0000019ca2eca000 JavaThread "Unconstrained build operations Thread 25" [_thread_blocked, id=7432, stack(0x0000002a7a200000,0x0000002a7a300000)]
  0x0000019cb0d24800 JavaThread "Unconstrained build operations Thread 26" [_thread_blocked, id=12512, stack(0x0000002a7a300000,0x0000002a7a400000)]
  0x0000019cb0d21000 JavaThread "Unconstrained build operations Thread 27" [_thread_blocked, id=4360, stack(0x0000002a7a400000,0x0000002a7a500000)]
  0x0000019cb0d26000 JavaThread "Unconstrained build operations Thread 28" [_thread_blocked, id=12784, stack(0x0000002a7a500000,0x0000002a7a600000)]
  0x0000019cb0d22000 JavaThread "Unconstrained build operations Thread 29" [_thread_blocked, id=3012, stack(0x0000002a7a600000,0x0000002a7a700000)]
  0x0000019cb0d22800 JavaThread "Unconstrained build operations Thread 30" [_thread_blocked, id=13344, stack(0x0000002a7a700000,0x0000002a7a800000)]
  0x0000019cb0d23800 JavaThread "Unconstrained build operations Thread 31" [_thread_blocked, id=9296, stack(0x0000002a7a800000,0x0000002a7a900000)]
  0x0000019cb0d20800 JavaThread "Unconstrained build operations Thread 32" [_thread_blocked, id=7320, stack(0x0000002a7a900000,0x0000002a7aa00000)]
  0x0000019cb0d29800 JavaThread "Unconstrained build operations Thread 33" [_thread_blocked, id=9592, stack(0x0000002a7aa00000,0x0000002a7ab00000)]
  0x0000019cb0d28800 JavaThread "Unconstrained build operations Thread 34" [_thread_blocked, id=9312, stack(0x0000002a7ab00000,0x0000002a7ac00000)]
  0x0000019cb0d2b000 JavaThread "Unconstrained build operations Thread 35" [_thread_blocked, id=6504, stack(0x0000002a7ac00000,0x0000002a7ad00000)]
  0x0000019cb0d2a000 JavaThread "Unconstrained build operations Thread 36" [_thread_blocked, id=4772, stack(0x0000002a7ad00000,0x0000002a7ae00000)]
  0x0000019cb0d25000 JavaThread "Unconstrained build operations Thread 37" [_thread_blocked, id=8628, stack(0x0000002a7ae00000,0x0000002a7af00000)]
  0x0000019cb0d2b800 JavaThread "Unconstrained build operations Thread 38" [_thread_blocked, id=3240, stack(0x0000002a7af00000,0x0000002a7b000000)]
  0x0000019cb0d27800 JavaThread "Unconstrained build operations Thread 39" [_thread_blocked, id=14272, stack(0x0000002a7b000000,0x0000002a7b100000)]
  0x0000019cb0d2c800 JavaThread "Unconstrained build operations Thread 40" [_thread_blocked, id=13212, stack(0x0000002a7b100000,0x0000002a7b200000)]
  0x0000019cb0d27000 JavaThread "build event listener" [_thread_blocked, id=13936, stack(0x0000002a7b200000,0x0000002a7b300000)]
  0x0000019cb0d2d800 JavaThread "pool-7-thread-1" [_thread_blocked, id=2092, stack(0x0000002a7b500000,0x0000002a7b600000)]
  0x0000019cb0d2e000 JavaThread "build event listener" [_thread_blocked, id=8164, stack(0x0000002a7b700000,0x0000002a7b800000)]
  0x0000019cb0d2f000 JavaThread "included builds" [_thread_blocked, id=8724, stack(0x0000002a7b900000,0x0000002a7ba00000)]
  0x0000019cb0d75000 JavaThread "Execution worker for ':'" [_thread_blocked, id=8940, stack(0x0000002a7ba00000,0x0000002a7bb00000)]
  0x0000019cb0d72000 JavaThread "Execution worker for ':' Thread 2" [_thread_blocked, id=4608, stack(0x0000002a7bb00000,0x0000002a7bc00000)]
  0x0000019cb0d73000 JavaThread "Execution worker for ':' Thread 3" [_thread_blocked, id=13732, stack(0x0000002a7bc00000,0x0000002a7bd00000)]
  0x0000019cb0d71000 JavaThread "Cache worker for execution history cache (C:\Users\Sammy\AndroidStudioProjects\SaidalyTech\.gradle\7.4\executionHistory)" [_thread_blocked, id=12880, stack(0x0000002a7bf00000,0x0000002a7c000000)]
  0x0000019cb0d74800 JavaThread "WorkerExecutor Queue" [_thread_blocked, id=2640, stack(0x0000002a7c000000,0x0000002a7c100000)]
  0x0000019cb0d76000 JavaThread "WorkerExecutor Queue Thread 2" [_thread_blocked, id=5916, stack(0x0000002a7c100000,0x0000002a7c200000)]
  0x0000019cb0d70800 JavaThread "WorkerExecutor Queue Thread 3" [_thread_blocked, id=13556, stack(0x0000002a7c200000,0x0000002a7c300000)]
  0x0000019cb0d77000 JavaThread "WorkerExecutor Queue Thread 4" [_thread_blocked, id=12832, stack(0x0000002a7c300000,0x0000002a7c400000)]
  0x0000019cb0d79800 JavaThread "pool-8-thread-1" [_thread_blocked, id=12768, stack(0x0000002a7c400000,0x0000002a7c500000)]
  0x0000019cb0d77800 JavaThread "stderr" [_thread_in_native, id=13888, stack(0x0000002a7c500000,0x0000002a7c600000)]
  0x0000019cb0d78800 JavaThread "stdout" [_thread_in_native, id=2516, stack(0x0000002a7c600000,0x0000002a7c700000)]
  0x0000019cb0d73800 JavaThread "ForkJoinPool-1-worker-3" daemon [_thread_blocked, id=13420, stack(0x0000002a7c900000,0x0000002a7ca00000)]
  0x0000019cb0d7e000 JavaThread "ForkJoinPool-1-worker-5" daemon [_thread_blocked, id=10516, stack(0x0000002a7ca00000,0x0000002a7cb00000)]
  0x0000019cb0d7f000 JavaThread "ForkJoinPool-1-worker-7" daemon [_thread_blocked, id=9812, stack(0x0000002a7cb00000,0x0000002a7cc00000)]
  0x0000019cb0d7c800 JavaThread "ForkJoinPool-1-worker-1" daemon [_thread_blocked, id=2940, stack(0x0000002a7cc00000,0x0000002a7cd00000)]
  0x0000019ca51c9800 JavaThread "C2 CompilerThread1" daemon [_thread_blocked, id=1992, stack(0x0000002a77700000,0x0000002a77800000)]

Other Threads:
=>0x0000019ca0407000 VMThread "VM Thread" [stack: 0x0000002a76200000,0x0000002a76300000] [id=10088]
  0x0000019ca0ef4000 WatcherThread [stack: 0x0000002a76c00000,0x0000002a76d00000] [id=13756]
  0x0000019c848f5000 GCTaskThread "GC Thread#0" [stack: 0x0000002a75d00000,0x0000002a75e00000] [id=6128]
  0x0000019ca1420000 GCTaskThread "GC Thread#1" [stack: 0x0000002a76e00000,0x0000002a76f00000] [id=5624]
  0x0000019ca13c0800 GCTaskThread "GC Thread#2" [stack: 0x0000002a76f00000,0x0000002a77000000] [id=14136]
  0x0000019ca1ac8800 GCTaskThread "GC Thread#3" [stack: 0x0000002a77900000,0x0000002a77a00000] [id=3608]
  0x0000019c84926800 ConcurrentGCThread "G1 Main Marker" [stack: 0x0000002a75e00000,0x0000002a75f00000] [id=2228]
  0x0000019c84928800 ConcurrentGCThread "G1 Conc#0" [stack: 0x0000002a75f00000,0x0000002a76000000] [id=6956]
  0x0000019c849b3800 ConcurrentGCThread "G1 Refine#0" [stack: 0x0000002a76000000,0x0000002a76100000] [id=12156]
  0x0000019c849b4800 ConcurrentGCThread "G1 Young RemSet Sampling" [stack: 0x0000002a76100000,0x0000002a76200000] [id=13324]

Threads with active compile tasks:
C2 CompilerThread0 112513 25619       4       com.android.tools.r8.internal.dL::a (200 bytes)
C2 CompilerThread1 112513 25620       4       com.android.tools.r8.internal.eL$$Lambda$2893/0x00000001012ac440::compare (20 bytes)

VM state:at safepoint (normal execution)

VM Mutex/Monitor currently owned by a thread:  ([mutex/lock_event])
[0x0000019c848d9300] Threads_lock - owner thread: 0x0000019ca0407000
[0x0000019c848d9030] Heap_lock - owner thread: 0x0000019cb0d7c800

Heap address: 0x0000000080000000, size: 2048 MB, Compressed Oops mode: 32-bit
Narrow klass base: 0x0000000000000000, Narrow klass shift: 3
Compressed class space size: 1073741824 Address: 0x0000000100000000

Heap:
 garbage-first heap   total 545792K, used 255168K [0x0000000080000000, 0x0000000100000000)
  region size 1024K, 1 young (1024K), 1 survivors (1024K)
 Metaspace       used 137296K, capacity 140927K, committed 143376K, reserved 1173504K
  class space    used 16808K, capacity 18222K, committed 19276K, reserved 1048576K
Heap Regions: E=young(eden), S=young(survivor), O=old, HS=humongous(starts), HC=humongous(continues), CS=collection set, F=free, A=archive, TAMS=top-at-mark-start (previous, next)
|   0|0x0000000080000000, 0x0000000080100000, 0x0000000080100000|100%| O|  |TAMS 0x0000000080100000, 0x0000000080000000| Untracked 
|   1|0x0000000080100000, 0x0000000080200000, 0x0000000080200000|100%| O|  |TAMS 0x0000000080200000, 0x0000000080100000| Untracked 
|   2|0x0000000080200000, 0x0000000080300000, 0x0000000080300000|100%| O|  |TAMS 0x0000000080300000, 0x0000000080200000| Untracked 
|   3|0x0000000080300000, 0x0000000080400000, 0x0000000080400000|100%|HS|  |TAMS 0x0000000080400000, 0x0000000080300000| Complete 
|   4|0x0000000080400000, 0x0000000080500000, 0x0000000080500000|100%|HC|  |TAMS 0x0000000080500000, 0x0000000080400000| Complete 
|   5|0x0000000080500000, 0x0000000080600000, 0x0000000080600000|100%|HC|  |TAMS 0x0000000080600000, 0x0000000080500000| Complete 
|   6|0x0000000080600000, 0x0000000080700000, 0x0000000080700000|100%| O|  |TAMS 0x0000000080700000, 0x0000000080600000| Untracked 
|   7|0x0000000080700000, 0x0000000080800000, 0x0000000080800000|100%| O|  |TAMS 0x0000000080800000, 0x0000000080700000| Untracked 
|   8|0x0000000080800000, 0x0000000080900000, 0x0000000080900000|100%| O|  |TAMS 0x0000000080900000, 0x0000000080800000| Untracked 
|   9|0x0000000080900000, 0x0000000080a00000, 0x0000000080a00000|100%| O|  |TAMS 0x0000000080a00000, 0x0000000080900000| Untracked 
|  10|0x0000000080a00000, 0x0000000080b00000, 0x0000000080b00000|100%| O|  |TAMS 0x0000000080b00000, 0x0000000080a00000| Untracked 
|  11|0x0000000080b00000, 0x0000000080c00000, 0x0000000080c00000|100%| O|  |TAMS 0x0000000080c00000, 0x0000000080b00000| Untracked 
|  12|0x0000000080c00000, 0x0000000080d00000, 0x0000000080d00000|100%| O|  |TAMS 0x0000000080d00000, 0x0000000080c00000| Untracked 
|  13|0x0000000080d00000, 0x0000000080e00000, 0x0000000080e00000|100%| O|  |TAMS 0x0000000080e00000, 0x0000000080d00000| Untracked 
|  14|0x0000000080e00000, 0x0000000080f00000, 0x0000000080f00000|100%| O|  |TAMS 0x0000000080f00000, 0x0000000080e00000| Untracked 
|  15|0x0000000080f00000, 0x0000000081000000, 0x0000000081000000|100%| O|  |TAMS 0x0000000081000000, 0x0000000080f00000| Untracked 
|  16|0x0000000081000000, 0x0000000081100000, 0x0000000081100000|100%|HS|  |TAMS 0x0000000081100000, 0x0000000081000000| Complete 
|  17|0x0000000081100000, 0x0000000081200000, 0x0000000081200000|100%| O|  |TAMS 0x0000000081200000, 0x0000000081100000| Untracked 
|  18|0x0000000081200000, 0x0000000081300000, 0x0000000081300000|100%| O|  |TAMS 0x0000000081300000, 0x0000000081200000| Untracked 
|  19|0x0000000081300000, 0x0000000081400000, 0x0000000081400000|100%| O|  |TAMS 0x0000000081400000, 0x0000000081300000| Untracked 
|  20|0x0000000081400000, 0x0000000081500000, 0x0000000081500000|100%| O|  |TAMS 0x0000000081500000, 0x0000000081400000| Complete 
|  21|0x0000000081500000, 0x0000000081600000, 0x0000000081600000|100%| O|  |TAMS 0x0000000081600000, 0x0000000081500000| Complete 
|  22|0x0000000081600000, 0x0000000081700000, 0x0000000081700000|100%| O|  |TAMS 0x0000000081700000, 0x0000000081600000| Complete 
|  23|0x0000000081700000, 0x0000000081800000, 0x0000000081800000|100%|HS|  |TAMS 0x0000000081800000, 0x0000000081700000| Complete 
|  24|0x0000000081800000, 0x0000000081900000, 0x0000000081900000|100%|HS|  |TAMS 0x0000000081900000, 0x0000000081800000| Complete 
|  25|0x0000000081900000, 0x0000000081a00000, 0x0000000081a00000|100%|HS|  |TAMS 0x0000000081a00000, 0x0000000081900000| Complete 
|  26|0x0000000081a00000, 0x0000000081b00000, 0x0000000081b00000|100%|HC|  |TAMS 0x0000000081b00000, 0x0000000081a00000| Complete 
|  27|0x0000000081b00000, 0x0000000081c00000, 0x0000000081c00000|100%|HC|  |TAMS 0x0000000081c00000, 0x0000000081b00000| Complete 
|  28|0x0000000081c00000, 0x0000000081d00000, 0x0000000081d00000|100%| O|  |TAMS 0x0000000081d00000, 0x0000000081c00000| Untracked 
|  29|0x0000000081d00000, 0x0000000081e00000, 0x0000000081e00000|100%|HS|  |TAMS 0x0000000081e00000, 0x0000000081d00000| Complete 
|  30|0x0000000081e00000, 0x0000000081f00000, 0x0000000081f00000|100%|HC|  |TAMS 0x0000000081f00000, 0x0000000081e00000| Complete 
|  31|0x0000000081f00000, 0x0000000082000000, 0x0000000082000000|100%| O|  |TAMS 0x0000000082000000, 0x0000000081f00000| Untracked 
|  32|0x0000000082000000, 0x0000000082100000, 0x0000000082100000|100%| O|  |TAMS 0x0000000082100000, 0x0000000082000000| Untracked 
|  33|0x0000000082100000, 0x0000000082200000, 0x0000000082200000|100%| O|  |TAMS 0x0000000082200000, 0x0000000082100000| Untracked 
|  34|0x0000000082200000, 0x0000000082300000, 0x0000000082300000|100%| O|  |TAMS 0x0000000082300000, 0x0000000082200000| Untracked 
|  35|0x0000000082300000, 0x0000000082400000, 0x0000000082400000|100%| O|  |TAMS 0x0000000082400000, 0x0000000082300000| Untracked 
|  36|0x0000000082400000, 0x0000000082500000, 0x0000000082500000|100%| O|  |TAMS 0x0000000082500000, 0x0000000082400000| Untracked 
|  37|0x0000000082500000, 0x0000000082600000, 0x0000000082600000|100%| O|  |TAMS 0x0000000082600000, 0x0000000082500000| Complete 
|  38|0x0000000082600000, 0x0000000082700000, 0x0000000082700000|100%| O|  |TAMS 0x0000000082700000, 0x0000000082600000| Untracked 
|  39|0x0000000082700000, 0x0000000082800000, 0x0000000082800000|100%| O|  |TAMS 0x0000000082800000, 0x0000000082700000| Untracked 
|  40|0x0000000082800000, 0x0000000082900000, 0x0000000082900000|100%| O|  |TAMS 0x0000000082900000, 0x0000000082800000| Untracked 
|  41|0x0000000082900000, 0x0000000082900000, 0x0000000082a00000|  0%| F|  |TAMS 0x0000000082900000, 0x0000000082900000| Untracked 
|  42|0x0000000082a00000, 0x0000000082b00000, 0x0000000082b00000|100%| O|  |TAMS 0x0000000082b00000, 0x0000000082a00000| Untracked 
|  43|0x0000000082b00000, 0x0000000082c00000, 0x0000000082c00000|100%| O|  |TAMS 0x0000000082c00000, 0x0000000082b00000| Untracked 
|  44|0x0000000082c00000, 0x0000000082d00000, 0x0000000082d00000|100%| O|  |TAMS 0x0000000082d00000, 0x0000000082c00000| Complete 
|  45|0x0000000082d00000, 0x0000000082e00000, 0x0000000082e00000|100%| O|  |TAMS 0x0000000082e00000, 0x0000000082d00000| Untracked 
|  46|0x0000000082e00000, 0x0000000082f00000, 0x0000000082f00000|100%| O|  |TAMS 0x0000000082f00000, 0x0000000082e00000| Untracked 
|  47|0x0000000082f00000, 0x0000000083000000, 0x0000000083000000|100%| O|  |TAMS 0x0000000083000000, 0x0000000082f00000| Complete 
|  48|0x0000000083000000, 0x0000000083100000, 0x0000000083100000|100%| O|  |TAMS 0x0000000083100000, 0x0000000083000000| Untracked 
|  49|0x0000000083100000, 0x0000000083200000, 0x0000000083200000|100%| O|  |TAMS 0x0000000083200000, 0x0000000083100000| Complete 
|  50|0x0000000083200000, 0x0000000083200000, 0x0000000083300000|  0%| F|  |TAMS 0x0000000083200000, 0x0000000083200000| Untracked 
|  51|0x0000000083300000, 0x0000000083400000, 0x0000000083400000|100%| O|  |TAMS 0x0000000083400000, 0x0000000083300000| Complete 
|  52|0x0000000083400000, 0x0000000083500000, 0x0000000083500000|100%| O|  |TAMS 0x0000000083500000, 0x0000000083400000| Untracked 
|  53|0x0000000083500000, 0x0000000083600000, 0x0000000083600000|100%| O|  |TAMS 0x0000000083600000, 0x0000000083500000| Untracked 
|  54|0x0000000083600000, 0x0000000083700000, 0x0000000083700000|100%| O|  |TAMS 0x0000000083700000, 0x0000000083600000| Untracked 
|  55|0x0000000083700000, 0x0000000083800000, 0x0000000083800000|100%| O|  |TAMS 0x0000000083800000, 0x0000000083700000| Untracked 
|  56|0x0000000083800000, 0x0000000083900000, 0x0000000083900000|100%| O|  |TAMS 0x0000000083900000, 0x0000000083800000| Untracked 
|  57|0x0000000083900000, 0x0000000083a00000, 0x0000000083a00000|100%| O|  |TAMS 0x0000000083a00000, 0x0000000083900000| Untracked 
|  58|0x0000000083a00000, 0x0000000083b00000, 0x0000000083b00000|100%| O|  |TAMS 0x0000000083b00000, 0x0000000083a00000| Complete 
|  59|0x0000000083b00000, 0x0000000083c00000, 0x0000000083c00000|100%| O|  |TAMS 0x0000000083c00000, 0x0000000083b00000| Complete 
|  60|0x0000000083c00000, 0x0000000083d00000, 0x0000000083d00000|100%| O|  |TAMS 0x0000000083d00000, 0x0000000083c00000| Untracked 
|  61|0x0000000083d00000, 0x0000000083e00000, 0x0000000083e00000|100%| O|  |TAMS 0x0000000083e00000, 0x0000000083d00000| Untracked 
|  62|0x0000000083e00000, 0x0000000083f00000, 0x0000000083f00000|100%| O|  |TAMS 0x0000000083f00000, 0x0000000083e00000| Untracked 
|  63|0x0000000083f00000, 0x0000000084000000, 0x0000000084000000|100%| O|  |TAMS 0x0000000084000000, 0x0000000083f00000| Complete 
|  64|0x0000000084000000, 0x0000000084000000, 0x0000000084100000|  0%| F|  |TAMS 0x0000000084000000, 0x0000000084000000| Untracked 
|  65|0x0000000084100000, 0x0000000084100000, 0x0000000084200000|  0%| F|  |TAMS 0x0000000084100000, 0x0000000084100000| Untracked 
|  66|0x0000000084200000, 0x0000000084300000, 0x0000000084300000|100%| O|  |TAMS 0x0000000084300000, 0x0000000084200000| Complete 
|  67|0x0000000084300000, 0x0000000084400000, 0x0000000084400000|100%| O|  |TAMS 0x0000000084400000, 0x0000000084300000| Untracked 
|  68|0x0000000084400000, 0x0000000084500000, 0x0000000084500000|100%| O|  |TAMS 0x0000000084500000, 0x0000000084400000| Untracked 
|  69|0x0000000084500000, 0x0000000084600000, 0x0000000084600000|100%| O|  |TAMS 0x0000000084600000, 0x0000000084500000| Complete 
|  70|0x0000000084600000, 0x0000000084700000, 0x0000000084700000|100%| O|  |TAMS 0x0000000084700000, 0x0000000084600000| Complete 
|  71|0x0000000084700000, 0x0000000084800000, 0x0000000084800000|100%| O|  |TAMS 0x0000000084800000, 0x0000000084700000| Untracked 
|  72|0x0000000084800000, 0x0000000084900000, 0x0000000084900000|100%| O|  |TAMS 0x0000000084900000, 0x0000000084800000| Untracked 
|  73|0x0000000084900000, 0x0000000084a00000, 0x0000000084a00000|100%| O|  |TAMS 0x0000000084a00000, 0x0000000084900000| Complete 
|  74|0x0000000084a00000, 0x0000000084b00000, 0x0000000084b00000|100%| O|  |TAMS 0x0000000084b00000, 0x0000000084a00000| Complete 
|  75|0x0000000084b00000, 0x0000000084c00000, 0x0000000084c00000|100%| O|  |TAMS 0x0000000084c00000, 0x0000000084b00000| Complete 
|  76|0x0000000084c00000, 0x0000000084c00000, 0x0000000084d00000|  0%| F|  |TAMS 0x0000000084c00000, 0x0000000084c00000| Untracked 
|  77|0x0000000084d00000, 0x0000000084d00000, 0x0000000084e00000|  0%| F|  |TAMS 0x0000000084d00000, 0x0000000084d00000| Untracked 
|  78|0x0000000084e00000, 0x0000000084f00000, 0x0000000084f00000|100%| O|  |TAMS 0x0000000084f00000, 0x0000000084e00000| Untracked 
|  79|0x0000000084f00000, 0x0000000085000000, 0x0000000085000000|100%| O|  |TAMS 0x0000000085000000, 0x0000000084f00000| Untracked 
|  80|0x0000000085000000, 0x0000000085100000, 0x0000000085100000|100%| O|  |TAMS 0x000000008508c200, 0x0000000085000000| Untracked 
|  81|0x0000000085100000, 0x0000000085200000, 0x0000000085200000|100%|HS|  |TAMS 0x0000000085100000, 0x0000000085100000| Complete 
|  82|0x0000000085200000, 0x0000000085200000, 0x0000000085300000|  0%| F|  |TAMS 0x0000000085200000, 0x0000000085200000| Untracked 
|  83|0x0000000085300000, 0x0000000085400000, 0x0000000085400000|100%| O|  |TAMS 0x0000000085400000, 0x0000000085300000| Untracked 
|  84|0x0000000085400000, 0x0000000085500000, 0x0000000085500000|100%| O|  |TAMS 0x0000000085500000, 0x0000000085400000| Untracked 
|  85|0x0000000085500000, 0x0000000085600000, 0x0000000085600000|100%| O|  |TAMS 0x0000000085600000, 0x0000000085500000| Untracked 
|  86|0x0000000085600000, 0x0000000085600000, 0x0000000085700000|  0%| F|  |TAMS 0x0000000085600000, 0x0000000085600000| Untracked 
|  87|0x0000000085700000, 0x0000000085800000, 0x0000000085800000|100%|HS|  |TAMS 0x0000000085700000, 0x0000000085700000| Complete 
|  88|0x0000000085800000, 0x0000000085900000, 0x0000000085900000|100%|HS|  |TAMS 0x0000000085800000, 0x0000000085800000| Complete 
|  89|0x0000000085900000, 0x0000000085a00000, 0x0000000085a00000|100%| O|  |TAMS 0x0000000085a00000, 0x0000000085900000| Complete 
|  90|0x0000000085a00000, 0x0000000085b00000, 0x0000000085b00000|100%| O|  |TAMS 0x0000000085b00000, 0x0000000085a00000| Complete 
|  91|0x0000000085b00000, 0x0000000085c00000, 0x0000000085c00000|100%| O|  |TAMS 0x0000000085c00000, 0x0000000085b00000| Complete 
|  92|0x0000000085c00000, 0x0000000085d00000, 0x0000000085d00000|100%| O|  |TAMS 0x0000000085d00000, 0x0000000085c00000| Untracked 
|  93|0x0000000085d00000, 0x0000000085e00000, 0x0000000085e00000|100%|HS|  |TAMS 0x0000000085d00000, 0x0000000085d00000| Complete 
|  94|0x0000000085e00000, 0x0000000085f00000, 0x0000000085f00000|100%|HC|  |TAMS 0x0000000085e00000, 0x0000000085e00000| Complete 
|  95|0x0000000085f00000, 0x0000000085f00000, 0x0000000086000000|  0%| F|  |TAMS 0x0000000085f00000, 0x0000000085f00000| Untracked 
|  96|0x0000000086000000, 0x0000000086100000, 0x0000000086100000|100%| O|  |TAMS 0x0000000086100000, 0x0000000086000000| Untracked 
|  97|0x0000000086100000, 0x0000000086200000, 0x0000000086200000|100%| O|  |TAMS 0x0000000086200000, 0x0000000086100000| Untracked 
|  98|0x0000000086200000, 0x0000000086300000, 0x0000000086300000|100%| O|  |TAMS 0x0000000086300000, 0x0000000086200000| Complete 
|  99|0x0000000086300000, 0x0000000086400000, 0x0000000086400000|100%| O|  |TAMS 0x0000000086400000, 0x0000000086300000| Untracked 
| 100|0x0000000086400000, 0x0000000086500000, 0x0000000086500000|100%| O|  |TAMS 0x0000000086500000, 0x0000000086400000| Untracked 
| 101|0x0000000086500000, 0x0000000086600000, 0x0000000086600000|100%| O|  |TAMS 0x0000000086600000, 0x0000000086500000| Complete 
| 102|0x0000000086600000, 0x0000000086700000, 0x0000000086700000|100%|HS|  |TAMS 0x0000000086600000, 0x0000000086600000| Complete 
| 103|0x0000000086700000, 0x0000000086800000, 0x0000000086800000|100%|HC|  |TAMS 0x0000000086700000, 0x0000000086700000| Complete 
| 104|0x0000000086800000, 0x0000000086900000, 0x0000000086900000|100%| O|  |TAMS 0x0000000086900000, 0x0000000086800000| Untracked 
| 105|0x0000000086900000, 0x0000000086900000, 0x0000000086a00000|  0%| F|  |TAMS 0x0000000086900000, 0x0000000086900000| Untracked 
| 106|0x0000000086a00000, 0x0000000086b00000, 0x0000000086b00000|100%| O|  |TAMS 0x0000000086a00000, 0x0000000086a00000| Untracked 
| 107|0x0000000086b00000, 0x0000000086c00000, 0x0000000086c00000|100%| O|  |TAMS 0x0000000086b00000, 0x0000000086b00000| Untracked 
| 108|0x0000000086c00000, 0x0000000086d00000, 0x0000000086d00000|100%| O|  |TAMS 0x0000000086d00000, 0x0000000086c00000| Complete 
| 109|0x0000000086d00000, 0x0000000086e00000, 0x0000000086e00000|100%| O|  |TAMS 0x0000000086e00000, 0x0000000086d00000| Complete 
| 110|0x0000000086e00000, 0x0000000086f00000, 0x0000000086f00000|100%| O|  |TAMS 0x0000000086f00000, 0x0000000086e00000| Complete 
| 111|0x0000000086f00000, 0x0000000087000000, 0x0000000087000000|100%|HS|  |TAMS 0x0000000086f00000, 0x0000000086f00000| Complete 
| 112|0x0000000087000000, 0x0000000087100000, 0x0000000087100000|100%|HS|  |TAMS 0x0000000087100000, 0x0000000087000000| Complete 
| 113|0x0000000087100000, 0x0000000087200000, 0x0000000087200000|100%|HC|  |TAMS 0x0000000087200000, 0x0000000087100000| Complete 
| 114|0x0000000087200000, 0x0000000087200000, 0x0000000087300000|  0%| F|  |TAMS 0x0000000087200000, 0x0000000087200000| Untracked 
| 115|0x0000000087300000, 0x0000000087400000, 0x0000000087400000|100%| O|  |TAMS 0x0000000087400000, 0x0000000087300000| Complete 
| 116|0x0000000087400000, 0x0000000087500000, 0x0000000087500000|100%| O|  |TAMS 0x0000000087500000, 0x0000000087400000| Untracked 
| 117|0x0000000087500000, 0x0000000087600000, 0x0000000087600000|100%| O|  |TAMS 0x0000000087600000, 0x0000000087500000| Complete 
| 118|0x0000000087600000, 0x0000000087700000, 0x0000000087700000|100%| O|  |TAMS 0x0000000087700000, 0x0000000087600000| Untracked 
| 119|0x0000000087700000, 0x0000000087800000, 0x0000000087800000|100%|HS|  |TAMS 0x0000000087700000, 0x0000000087700000| Complete 
| 120|0x0000000087800000, 0x0000000087900000, 0x0000000087900000|100%| O|  |TAMS 0x0000000087800000, 0x0000000087800000| Untracked 
| 121|0x0000000087900000, 0x0000000087a00000, 0x0000000087a00000|100%| O|  |TAMS 0x0000000087a00000, 0x0000000087900000| Untracked 
| 122|0x0000000087a00000, 0x0000000087b00000, 0x0000000087b00000|100%|HS|  |TAMS 0x0000000087b00000, 0x0000000087a00000| Complete 
| 123|0x0000000087b00000, 0x0000000087c00000, 0x0000000087c00000|100%|HS|  |TAMS 0x0000000087c00000, 0x0000000087b00000| Complete 
| 124|0x0000000087c00000, 0x0000000087d00000, 0x0000000087d00000|100%| O|  |TAMS 0x0000000087d00000, 0x0000000087c00000| Untracked 
| 125|0x0000000087d00000, 0x0000000087e00000, 0x0000000087e00000|100%|HS|  |TAMS 0x0000000087e00000, 0x0000000087d00000| Complete 
| 126|0x0000000087e00000, 0x0000000087f00000, 0x0000000087f00000|100%| O|  |TAMS 0x0000000087f00000, 0x0000000087e00000| Complete 
| 127|0x0000000087f00000, 0x0000000088000000, 0x0000000088000000|100%| O|  |TAMS 0x0000000088000000, 0x0000000087f00000| Untracked 
| 128|0x0000000088000000, 0x0000000088100000, 0x0000000088100000|100%| O|  |TAMS 0x0000000088100000, 0x0000000088000000| Untracked 
| 129|0x0000000088100000, 0x0000000088100000, 0x0000000088200000|  0%| F|  |TAMS 0x0000000088100000, 0x0000000088100000| Untracked 
| 130|0x0000000088200000, 0x0000000088200000, 0x0000000088300000|  0%| F|  |TAMS 0x0000000088200000, 0x0000000088200000| Untracked 
| 131|0x0000000088300000, 0x0000000088300000, 0x0000000088400000|  0%| F|  |TAMS 0x0000000088300000, 0x0000000088300000| Untracked 
| 132|0x0000000088400000, 0x0000000088500000, 0x0000000088500000|100%| O|  |TAMS 0x0000000088400000, 0x0000000088400000| Untracked 
| 133|0x0000000088500000, 0x0000000088500000, 0x0000000088600000|  0%| F|  |TAMS 0x0000000088500000, 0x0000000088500000| Untracked 
| 134|0x0000000088600000, 0x0000000088700000, 0x0000000088700000|100%| O|  |TAMS 0x0000000088700000, 0x0000000088600000| Untracked 
| 135|0x0000000088700000, 0x0000000088800000, 0x0000000088800000|100%|HS|  |TAMS 0x0000000088700000, 0x0000000088700000| Complete 
| 136|0x0000000088800000, 0x0000000088900000, 0x0000000088900000|100%|HC|  |TAMS 0x0000000088800000, 0x0000000088800000| Complete 
| 137|0x0000000088900000, 0x0000000088a00000, 0x0000000088a00000|100%| O|  |TAMS 0x0000000088900000, 0x0000000088900000| Untracked 
| 138|0x0000000088a00000, 0x0000000088a00000, 0x0000000088b00000|  0%| F|  |TAMS 0x0000000088a00000, 0x0000000088a00000| Untracked 
| 139|0x0000000088b00000, 0x0000000088c00000, 0x0000000088c00000|100%| O|  |TAMS 0x0000000088b00000, 0x0000000088b00000| Untracked 
| 140|0x0000000088c00000, 0x0000000088d00000, 0x0000000088d00000|100%|HS|  |TAMS 0x0000000088d00000, 0x0000000088c00000| Complete 
| 141|0x0000000088d00000, 0x0000000088e00000, 0x0000000088e00000|100%| O|  |TAMS 0x0000000088d00000, 0x0000000088d00000| Untracked 
| 142|0x0000000088e00000, 0x0000000088f00000, 0x0000000088f00000|100%| O|  |TAMS 0x0000000088e00000, 0x0000000088e00000| Untracked 
| 143|0x0000000088f00000, 0x0000000089000000, 0x0000000089000000|100%| O|  |TAMS 0x0000000088f00000, 0x0000000088f00000| Untracked 
| 144|0x0000000089000000, 0x0000000089100000, 0x0000000089100000|100%| O|  |TAMS 0x0000000089000000, 0x0000000089000000| Untracked 
| 145|0x0000000089100000, 0x0000000089200000, 0x0000000089200000|100%| O|  |TAMS 0x0000000089200000, 0x0000000089100000| Complete 
| 146|0x0000000089200000, 0x0000000089300000, 0x0000000089300000|100%| O|  |TAMS 0x0000000089300000, 0x0000000089200000| Complete 
| 147|0x0000000089300000, 0x0000000089400000, 0x0000000089400000|100%| O|  |TAMS 0x0000000089400000, 0x0000000089300000| Untracked 
| 148|0x0000000089400000, 0x0000000089500000, 0x0000000089500000|100%|HS|  |TAMS 0x0000000089500000, 0x0000000089400000| Complete 
| 149|0x0000000089500000, 0x0000000089600000, 0x0000000089600000|100%|HC|  |TAMS 0x0000000089600000, 0x0000000089500000| Complete 
| 150|0x0000000089600000, 0x0000000089700000, 0x0000000089700000|100%| O|  |TAMS 0x0000000089700000, 0x0000000089600000| Untracked 
| 151|0x0000000089700000, 0x0000000089800000, 0x0000000089800000|100%| O|  |TAMS 0x0000000089800000, 0x0000000089700000| Untracked 
| 152|0x0000000089800000, 0x0000000089900000, 0x0000000089900000|100%| O|  |TAMS 0x0000000089800000, 0x0000000089800000| Untracked 
| 153|0x0000000089900000, 0x0000000089a00000, 0x0000000089a00000|100%| O|  |TAMS 0x0000000089a00000, 0x0000000089900000| Untracked 
| 154|0x0000000089a00000, 0x0000000089b00000, 0x0000000089b00000|100%| O|  |TAMS 0x0000000089a00000, 0x0000000089a00000| Untracked 
| 155|0x0000000089b00000, 0x0000000089c00000, 0x0000000089c00000|100%|HS|  |TAMS 0x0000000089c00000, 0x0000000089b00000| Complete 
| 156|0x0000000089c00000, 0x0000000089d00000, 0x0000000089d00000|100%|HC|  |TAMS 0x0000000089d00000, 0x0000000089c00000| Complete 
| 157|0x0000000089d00000, 0x0000000089e00000, 0x0000000089e00000|100%|HS|  |TAMS 0x0000000089e00000, 0x0000000089d00000| Complete 
| 158|0x0000000089e00000, 0x0000000089f00000, 0x0000000089f00000|100%|HC|  |TAMS 0x0000000089f00000, 0x0000000089e00000| Complete 
| 159|0x0000000089f00000, 0x000000008a000000, 0x000000008a000000|100%|HC|  |TAMS 0x000000008a000000, 0x0000000089f00000| Complete 
| 160|0x000000008a000000, 0x000000008a100000, 0x000000008a100000|100%| O|  |TAMS 0x000000008a100000, 0x000000008a000000| Untracked 
| 161|0x000000008a100000, 0x000000008a200000, 0x000000008a200000|100%| O|  |TAMS 0x000000008a200000, 0x000000008a100000| Untracked 
| 162|0x000000008a200000, 0x000000008a200000, 0x000000008a300000|  0%| F|  |TAMS 0x000000008a200000, 0x000000008a200000| Untracked 
| 163|0x000000008a300000, 0x000000008a400000, 0x000000008a400000|100%| O|  |TAMS 0x000000008a300000, 0x000000008a300000| Untracked 
| 164|0x000000008a400000, 0x000000008a500000, 0x000000008a500000|100%| O|  |TAMS 0x000000008a400000, 0x000000008a400000| Untracked 
| 165|0x000000008a500000, 0x000000008a600000, 0x000000008a600000|100%| O|  |TAMS 0x000000008a600000, 0x000000008a500000| Untracked 
| 166|0x000000008a600000, 0x000000008a700000, 0x000000008a700000|100%| O|  |TAMS 0x000000008a600000, 0x000000008a600000| Untracked 
| 167|0x000000008a700000, 0x000000008a800000, 0x000000008a800000|100%| O|  |TAMS 0x000000008a800000, 0x000000008a700000| Complete 
| 168|0x000000008a800000, 0x000000008a900000, 0x000000008a900000|100%| O|  |TAMS 0x000000008a800000, 0x000000008a800000| Untracked 
| 169|0x000000008a900000, 0x000000008aa00000, 0x000000008aa00000|100%| O|  |TAMS 0x000000008a900000, 0x000000008a900000| Untracked 
| 170|0x000000008aa00000, 0x000000008ab00000, 0x000000008ab00000|100%| O|  |TAMS 0x000000008aa00000, 0x000000008aa00000| Untracked 
| 171|0x000000008ab00000, 0x000000008ac00000, 0x000000008ac00000|100%| O|  |TAMS 0x000000008ac00000, 0x000000008ab00000| Untracked 
| 172|0x000000008ac00000, 0x000000008ad00000, 0x000000008ad00000|100%| O|  |TAMS 0x000000008ac00000, 0x000000008ac00000| Untracked 
| 173|0x000000008ad00000, 0x000000008ae00000, 0x000000008ae00000|100%| O|  |TAMS 0x000000008ae00000, 0x000000008ad00000| Complete 
| 174|0x000000008ae00000, 0x000000008af00000, 0x000000008af00000|100%| O|  |TAMS 0x000000008af00000, 0x000000008ae00000| Untracked 
| 175|0x000000008af00000, 0x000000008b000000, 0x000000008b000000|100%| O|  |TAMS 0x000000008b000000, 0x000000008af00000| Untracked 
| 176|0x000000008b000000, 0x000000008b100000, 0x000000008b100000|100%| O|  |TAMS 0x000000008b000000, 0x000000008b000000| Untracked 
| 177|0x000000008b100000, 0x000000008b200000, 0x000000008b200000|100%| O|  |TAMS 0x000000008b100000, 0x000000008b100000| Untracked 
| 178|0x000000008b200000, 0x000000008b300000, 0x000000008b300000|100%| O|  |TAMS 0x000000008b300000, 0x000000008b200000| Complete 
| 179|0x000000008b300000, 0x000000008b400000, 0x000000008b400000|100%| O|  |TAMS 0x000000008b300000, 0x000000008b300000| Untracked 
| 180|0x000000008b400000, 0x000000008b500000, 0x000000008b500000|100%| O|  |TAMS 0x000000008b500000, 0x000000008b400000| Complete 
| 181|0x000000008b500000, 0x000000008b600000, 0x000000008b600000|100%| O|  |TAMS 0x000000008b600000, 0x000000008b500000| Complete 
| 182|0x000000008b600000, 0x000000008b700000, 0x000000008b700000|100%| O|  |TAMS 0x000000008b700000, 0x000000008b600000| Untracked 
| 183|0x000000008b700000, 0x000000008b800000, 0x000000008b800000|100%| O|  |TAMS 0x000000008b700000, 0x000000008b700000| Untracked 
| 184|0x000000008b800000, 0x000000008b900000, 0x000000008b900000|100%| O|  |TAMS 0x000000008b800000, 0x000000008b800000| Untracked 
| 185|0x000000008b900000, 0x000000008ba00000, 0x000000008ba00000|100%| O|  |TAMS 0x000000008ba00000, 0x000000008b900000| Untracked 
| 186|0x000000008ba00000, 0x000000008bb00000, 0x000000008bb00000|100%| O|  |TAMS 0x000000008bb00000, 0x000000008ba00000| Untracked 
| 187|0x000000008bb00000, 0x000000008bc00000, 0x000000008bc00000|100%| O|  |TAMS 0x000000008bc00000, 0x000000008bb00000| Untracked 
| 188|0x000000008bc00000, 0x000000008bd00000, 0x000000008bd00000|100%| O|  |TAMS 0x000000008bd00000, 0x000000008bc00000| Untracked 
| 189|0x000000008bd00000, 0x000000008be00000, 0x000000008be00000|100%| O|  |TAMS 0x000000008be00000, 0x000000008bd00000| Complete 
| 190|0x000000008be00000, 0x000000008bf00000, 0x000000008bf00000|100%| O|  |TAMS 0x000000008bf00000, 0x000000008be00000| Untracked 
| 191|0x000000008bf00000, 0x000000008c000000, 0x000000008c000000|100%| O|  |TAMS 0x000000008bf00000, 0x000000008bf00000| Untracked 
| 192|0x000000008c000000, 0x000000008c0a1e00, 0x000000008c100000| 63%| O|  |TAMS 0x000000008c000000, 0x000000008c000000| Untracked 
| 193|0x000000008c100000, 0x000000008c100000, 0x000000008c200000|  0%| F|  |TAMS 0x000000008c100000, 0x000000008c100000| Untracked 
| 194|0x000000008c200000, 0x000000008c300000, 0x000000008c300000|100%|HS|  |TAMS 0x000000008c300000, 0x000000008c200000| Complete 
| 195|0x000000008c300000, 0x000000008c400000, 0x000000008c400000|100%|HS|  |TAMS 0x000000008c400000, 0x000000008c300000| Complete 
| 196|0x000000008c400000, 0x000000008c500000, 0x000000008c500000|100%| O|  |TAMS 0x000000008c500000, 0x000000008c400000| Untracked 
| 197|0x000000008c500000, 0x000000008c600000, 0x000000008c600000|100%| O|  |TAMS 0x000000008c600000, 0x000000008c500000| Complete 
| 198|0x000000008c600000, 0x000000008c700000, 0x000000008c700000|100%| O|  |TAMS 0x000000008c700000, 0x000000008c600000| Untracked 
| 199|0x000000008c700000, 0x000000008c800000, 0x000000008c800000|100%| O|  |TAMS 0x000000008c800000, 0x000000008c700000| Untracked 
| 200|0x000000008c800000, 0x000000008c900000, 0x000000008c900000|100%| O|  |TAMS 0x000000008c900000, 0x000000008c800000| Complete 
| 201|0x000000008c900000, 0x000000008ca00000, 0x000000008ca00000|100%| O|  |TAMS 0x000000008ca00000, 0x000000008c900000| Complete 
| 202|0x000000008ca00000, 0x000000008cb00000, 0x000000008cb00000|100%| O|  |TAMS 0x000000008cb00000, 0x000000008ca00000| Complete 
| 203|0x000000008cb00000, 0x000000008cc00000, 0x000000008cc00000|100%| O|  |TAMS 0x000000008cc00000, 0x000000008cb00000| Untracked 
| 204|0x000000008cc00000, 0x000000008cd00000, 0x000000008cd00000|100%| O|  |TAMS 0x000000008cd00000, 0x000000008cc00000| Complete 
| 205|0x000000008cd00000, 0x000000008ce00000, 0x000000008ce00000|100%| O|  |TAMS 0x000000008ce00000, 0x000000008cd00000| Complete 
| 206|0x000000008ce00000, 0x000000008cf00000, 0x000000008cf00000|100%| O|  |TAMS 0x000000008cf00000, 0x000000008ce00000| Untracked 
| 207|0x000000008cf00000, 0x000000008d000000, 0x000000008d000000|100%| O|  |TAMS 0x000000008d000000, 0x000000008cf00000| Complete 
| 208|0x000000008d000000, 0x000000008d100000, 0x000000008d100000|100%| O|  |TAMS 0x000000008d100000, 0x000000008d000000| Untracked 
| 209|0x000000008d100000, 0x000000008d200000, 0x000000008d200000|100%| O|  |TAMS 0x000000008d200000, 0x000000008d100000| Untracked 
| 210|0x000000008d200000, 0x000000008d200000, 0x000000008d300000|  0%| F|  |TAMS 0x000000008d200000, 0x000000008d200000| Untracked 
| 211|0x000000008d300000, 0x000000008d400000, 0x000000008d400000|100%| O|  |TAMS 0x000000008d400000, 0x000000008d300000| Untracked 
| 212|0x000000008d400000, 0x000000008d500000, 0x000000008d500000|100%| O|  |TAMS 0x000000008d500000, 0x000000008d400000| Complete 
| 213|0x000000008d500000, 0x000000008d600000, 0x000000008d600000|100%| O|  |TAMS 0x000000008d600000, 0x000000008d500000| Untracked 
| 214|0x000000008d600000, 0x000000008d700000, 0x000000008d700000|100%| O|  |TAMS 0x000000008d700000, 0x000000008d600000| Untracked 
| 215|0x000000008d700000, 0x000000008d800000, 0x000000008d800000|100%| O|  |TAMS 0x000000008d800000, 0x000000008d700000| Untracked 
| 216|0x000000008d800000, 0x000000008d900000, 0x000000008d900000|100%| O|  |TAMS 0x000000008d900000, 0x000000008d800000| Complete 
| 217|0x000000008d900000, 0x000000008da00000, 0x000000008da00000|100%| O|  |TAMS 0x000000008da00000, 0x000000008d900000| Untracked 
| 218|0x000000008da00000, 0x000000008db00000, 0x000000008db00000|100%| O|  |TAMS 0x000000008db00000, 0x000000008da00000| Untracked 
| 219|0x000000008db00000, 0x000000008dc00000, 0x000000008dc00000|100%| O|  |TAMS 0x000000008dc00000, 0x000000008db00000| Untracked 
| 220|0x000000008dc00000, 0x000000008dd00000, 0x000000008dd00000|100%| O|  |TAMS 0x000000008dd00000, 0x000000008dc00000| Complete 
| 221|0x000000008dd00000, 0x000000008dd00000, 0x000000008de00000|  0%| F|  |TAMS 0x000000008dd00000, 0x000000008dd00000| Untracked 
| 222|0x000000008de00000, 0x000000008df00000, 0x000000008df00000|100%| O|  |TAMS 0x000000008df00000, 0x000000008de00000| Untracked 
| 223|0x000000008df00000, 0x000000008e000000, 0x000000008e000000|100%| O|  |TAMS 0x000000008e000000, 0x000000008df00000| Complete 
| 224|0x000000008e000000, 0x000000008e100000, 0x000000008e100000|100%| O|  |TAMS 0x000000008e100000, 0x000000008e000000| Complete 
| 225|0x000000008e100000, 0x000000008e100000, 0x000000008e200000|  0%| F|  |TAMS 0x000000008e100000, 0x000000008e100000| Untracked 
| 226|0x000000008e200000, 0x000000008e200000, 0x000000008e300000|  0%| F|  |TAMS 0x000000008e200000, 0x000000008e200000| Untracked 
| 227|0x000000008e300000, 0x000000008e300000, 0x000000008e400000|  0%| F|  |TAMS 0x000000008e300000, 0x000000008e300000| Untracked 
| 228|0x000000008e400000, 0x000000008e400000, 0x000000008e500000|  0%| F|  |TAMS 0x000000008e400000, 0x000000008e400000| Untracked 
| 229|0x000000008e500000, 0x000000008e600000, 0x000000008e600000|100%| O|  |TAMS 0x000000008e600000, 0x000000008e500000| Complete 
| 230|0x000000008e600000, 0x000000008e700000, 0x000000008e700000|100%| O|  |TAMS 0x000000008e700000, 0x000000008e600000| Untracked 
| 231|0x000000008e700000, 0x000000008e800000, 0x000000008e800000|100%| O|  |TAMS 0x000000008e800000, 0x000000008e700000| Untracked 
| 232|0x000000008e800000, 0x000000008e900000, 0x000000008e900000|100%| O|  |TAMS 0x000000008e900000, 0x000000008e800000| Complete 
| 233|0x000000008e900000, 0x000000008ea00000, 0x000000008ea00000|100%| O|  |TAMS 0x000000008ea00000, 0x000000008e900000| Complete 
| 234|0x000000008ea00000, 0x000000008ea00000, 0x000000008eb00000|  0%| F|  |TAMS 0x000000008ea00000, 0x000000008ea00000| Untracked 
| 235|0x000000008eb00000, 0x000000008eb00000, 0x000000008ec00000|  0%| F|  |TAMS 0x000000008eb00000, 0x000000008eb00000| Untracked 
| 236|0x000000008ec00000, 0x000000008ec00000, 0x000000008ed00000|  0%| F|  |TAMS 0x000000008ec00000, 0x000000008ec00000| Untracked 
| 237|0x000000008ed00000, 0x000000008ee00000, 0x000000008ee00000|100%| O|  |TAMS 0x000000008ee00000, 0x000000008ed00000| Untracked 
| 238|0x000000008ee00000, 0x000000008ef00000, 0x000000008ef00000|100%| O|  |TAMS 0x000000008ef00000, 0x000000008ee00000| Untracked 
| 239|0x000000008ef00000, 0x000000008f000000, 0x000000008f000000|100%| O|  |TAMS 0x000000008f000000, 0x000000008ef00000| Complete 
| 240|0x000000008f000000, 0x000000008f100000, 0x000000008f100000|100%| O|  |TAMS 0x000000008f100000, 0x000000008f000000| Untracked 
| 241|0x000000008f100000, 0x000000008f200000, 0x000000008f200000|100%| O|  |TAMS 0x000000008f200000, 0x000000008f100000| Untracked 
| 242|0x000000008f200000, 0x000000008f300000, 0x000000008f300000|100%| O|  |TAMS 0x000000008f300000, 0x000000008f200000| Untracked 
| 243|0x000000008f300000, 0x000000008f400000, 0x000000008f400000|100%| O|  |TAMS 0x000000008f400000, 0x000000008f300000| Complete 
| 244|0x000000008f400000, 0x000000008f500000, 0x000000008f500000|100%| O|  |TAMS 0x000000008f500000, 0x000000008f400000| Untracked 
| 245|0x000000008f500000, 0x000000008f600000, 0x000000008f600000|100%| O|  |TAMS 0x000000008f600000, 0x000000008f500000| Complete 
| 246|0x000000008f600000, 0x000000008f700000, 0x000000008f700000|100%| O|  |TAMS 0x000000008f700000, 0x000000008f600000| Untracked 
| 247|0x000000008f700000, 0x000000008f800000, 0x000000008f800000|100%| O|  |TAMS 0x000000008f800000, 0x000000008f700000| Untracked 
| 248|0x000000008f800000, 0x000000008f900000, 0x000000008f900000|100%| O|  |TAMS 0x000000008f900000, 0x000000008f800000| Untracked 
| 249|0x000000008f900000, 0x000000008f900000, 0x000000008fa00000|  0%| F|  |TAMS 0x000000008f900000, 0x000000008f900000| Untracked 
| 250|0x000000008fa00000, 0x000000008fa00000, 0x000000008fb00000|  0%| F|  |TAMS 0x000000008fa00000, 0x000000008fa00000| Untracked 
| 251|0x000000008fb00000, 0x000000008fc00000, 0x000000008fc00000|100%| O|  |TAMS 0x000000008fc00000, 0x000000008fb00000| Untracked 
| 252|0x000000008fc00000, 0x000000008fd00000, 0x000000008fd00000|100%| O|  |TAMS 0x000000008fd00000, 0x000000008fc00000| Untracked 
| 253|0x000000008fd00000, 0x000000008fe00000, 0x000000008fe00000|100%| O|  |TAMS 0x000000008fe00000, 0x000000008fd00000| Untracked 
| 254|0x000000008fe00000, 0x000000008fe00000, 0x000000008ff00000|  0%| F|  |TAMS 0x000000008fe00000, 0x000000008fe00000| Untracked 
| 255|0x000000008ff00000, 0x000000008ff00000, 0x0000000090000000|  0%| F|  |TAMS 0x000000008ff00000, 0x000000008ff00000| Untracked 
| 256|0x0000000090000000, 0x0000000090100000, 0x0000000090100000|100%| O|  |TAMS 0x0000000090100000, 0x0000000090000000| Untracked 
| 257|0x0000000090100000, 0x0000000090200000, 0x0000000090200000|100%| O|  |TAMS 0x0000000090200000, 0x0000000090100000| Untracked 
| 258|0x0000000090200000, 0x0000000090300000, 0x0000000090300000|100%| O|  |TAMS 0x0000000090300000, 0x0000000090200000| Untracked 
| 259|0x0000000090300000, 0x0000000090300000, 0x0000000090400000|  0%| F|  |TAMS 0x0000000090300000, 0x0000000090300000| Untracked 
| 260|0x0000000090400000, 0x0000000090500000, 0x0000000090500000|100%| O|  |TAMS 0x0000000090500000, 0x0000000090400000| Untracked 
| 261|0x0000000090500000, 0x0000000090600000, 0x0000000090600000|100%| O|  |TAMS 0x0000000090600000, 0x0000000090500000| Untracked 
| 262|0x0000000090600000, 0x0000000090700000, 0x0000000090700000|100%| O|  |TAMS 0x0000000090700000, 0x0000000090600000| Untracked 
| 263|0x0000000090700000, 0x0000000090800000, 0x0000000090800000|100%| O|  |TAMS 0x0000000090800000, 0x0000000090700000| Untracked 
| 264|0x0000000090800000, 0x0000000090900000, 0x0000000090900000|100%| O|  |TAMS 0x0000000090900000, 0x0000000090800000| Untracked 
| 265|0x0000000090900000, 0x0000000090a00000, 0x0000000090a00000|100%| O|  |TAMS 0x0000000090a00000, 0x0000000090900000| Untracked 
| 266|0x0000000090a00000, 0x0000000090b00000, 0x0000000090b00000|100%| O|  |TAMS 0x0000000090b00000, 0x0000000090a00000| Untracked 
| 267|0x0000000090b00000, 0x0000000090b00000, 0x0000000090c00000|  0%| F|  |TAMS 0x0000000090b00000, 0x0000000090b00000| Untracked 
| 268|0x0000000090c00000, 0x0000000090c00000, 0x0000000090d00000|  0%| F|  |TAMS 0x0000000090c00000, 0x0000000090c00000| Untracked 
| 269|0x0000000090d00000, 0x0000000090d00000, 0x0000000090e00000|  0%| F|  |TAMS 0x0000000090d00000, 0x0000000090d00000| Untracked 
| 270|0x0000000090e00000, 0x0000000090e00000, 0x0000000090f00000|  0%| F|  |TAMS 0x0000000090e00000, 0x0000000090e00000| Untracked 
| 271|0x0000000090f00000, 0x0000000090f00000, 0x0000000091000000|  0%| F|  |TAMS 0x0000000090f00000, 0x0000000090f00000| Untracked 
| 272|0x0000000091000000, 0x0000000091000000, 0x0000000091100000|  0%| F|  |TAMS 0x0000000091000000, 0x0000000091000000| Untracked 
| 273|0x0000000091100000, 0x0000000091100000, 0x0000000091200000|  0%| F|  |TAMS 0x0000000091100000, 0x0000000091100000| Untracked 
| 274|0x0000000091200000, 0x0000000091200000, 0x0000000091300000|  0%| F|  |TAMS 0x0000000091200000, 0x0000000091200000| Untracked 
| 275|0x0000000091300000, 0x0000000091300000, 0x0000000091400000|  0%| F|  |TAMS 0x0000000091300000, 0x0000000091300000| Untracked 
| 276|0x0000000091400000, 0x0000000091400000, 0x0000000091500000|  0%| F|  |TAMS 0x0000000091400000, 0x0000000091400000| Untracked 
| 277|0x0000000091500000, 0x0000000091500000, 0x0000000091600000|  0%| F|  |TAMS 0x0000000091500000, 0x0000000091500000| Untracked 
| 278|0x0000000091600000, 0x0000000091600000, 0x0000000091700000|  0%| F|  |TAMS 0x0000000091600000, 0x0000000091600000| Untracked 
| 279|0x0000000091700000, 0x0000000091700000, 0x0000000091800000|  0%| F|  |TAMS 0x0000000091700000, 0x0000000091700000| Untracked 
| 280|0x0000000091800000, 0x0000000091800000, 0x0000000091900000|  0%| F|  |TAMS 0x0000000091800000, 0x0000000091800000| Untracked 
| 281|0x0000000091900000, 0x0000000091900000, 0x0000000091a00000|  0%| F|  |TAMS 0x0000000091900000, 0x0000000091900000| Untracked 
| 282|0x0000000091a00000, 0x0000000091a00000, 0x0000000091b00000|  0%| F|  |TAMS 0x0000000091a00000, 0x0000000091a00000| Untracked 
| 283|0x0000000091b00000, 0x0000000091b00000, 0x0000000091c00000|  0%| F|  |TAMS 0x0000000091b00000, 0x0000000091b00000| Untracked 
| 284|0x0000000091c00000, 0x0000000091c00000, 0x0000000091d00000|  0%| F|  |TAMS 0x0000000091c00000, 0x0000000091c00000| Untracked 
| 285|0x0000000091d00000, 0x0000000091d00000, 0x0000000091e00000|  0%| F|  |TAMS 0x0000000091d00000, 0x0000000091d00000| Untracked 
| 286|0x0000000091e00000, 0x0000000091e00000, 0x0000000091f00000|  0%| F|  |TAMS 0x0000000091e00000, 0x0000000091e00000| Untracked 
| 287|0x0000000091f00000, 0x0000000091f00000, 0x0000000092000000|  0%| F|  |TAMS 0x0000000091f00000, 0x0000000091f00000| Untracked 
| 288|0x0000000092000000, 0x0000000092000000, 0x0000000092100000|  0%| F|  |TAMS 0x0000000092000000, 0x0000000092000000| Untracked 
| 289|0x0000000092100000, 0x0000000092100000, 0x0000000092200000|  0%| F|  |TAMS 0x0000000092100000, 0x0000000092100000| Untracked 
| 290|0x0000000092200000, 0x0000000092200000, 0x0000000092300000|  0%| F|  |TAMS 0x0000000092200000, 0x0000000092200000| Untracked 
| 291|0x0000000092300000, 0x0000000092300000, 0x0000000092400000|  0%| F|  |TAMS 0x0000000092300000, 0x0000000092300000| Untracked 
| 292|0x0000000092400000, 0x0000000092400000, 0x0000000092500000|  0%| F|  |TAMS 0x0000000092400000, 0x0000000092400000| Untracked 
| 293|0x0000000092500000, 0x0000000092500000, 0x0000000092600000|  0%| F|  |TAMS 0x0000000092500000, 0x0000000092500000| Untracked 
| 294|0x0000000092600000, 0x0000000092600000, 0x0000000092700000|  0%| F|  |TAMS 0x0000000092600000, 0x0000000092600000| Untracked 
| 295|0x0000000092700000, 0x0000000092700000, 0x0000000092800000|  0%| F|  |TAMS 0x0000000092700000, 0x0000000092700000| Untracked 
| 296|0x0000000092800000, 0x0000000092800000, 0x0000000092900000|  0%| F|  |TAMS 0x0000000092800000, 0x0000000092800000| Untracked 
| 297|0x0000000092900000, 0x0000000092900000, 0x0000000092a00000|  0%| F|  |TAMS 0x0000000092900000, 0x0000000092900000| Untracked 
| 298|0x0000000092a00000, 0x0000000092a00000, 0x0000000092b00000|  0%| F|  |TAMS 0x0000000092a00000, 0x0000000092a00000| Untracked 
| 299|0x0000000092b00000, 0x0000000092b00000, 0x0000000092c00000|  0%| F|  |TAMS 0x0000000092b00000, 0x0000000092b00000| Untracked 
| 300|0x0000000092c00000, 0x0000000092c00000, 0x0000000092d00000|  0%| F|  |TAMS 0x0000000092c00000, 0x0000000092c00000| Untracked 
| 301|0x0000000092d00000, 0x0000000092d00000, 0x0000000092e00000|  0%| F|  |TAMS 0x0000000092d00000, 0x0000000092d00000| Untracked 
| 302|0x0000000092e00000, 0x0000000092e00000, 0x0000000092f00000|  0%| F|  |TAMS 0x0000000092e00000, 0x0000000092e00000| Untracked 
| 303|0x0000000092f00000, 0x0000000092f00000, 0x0000000093000000|  0%| F|  |TAMS 0x0000000092f00000, 0x0000000092f00000| Untracked 
| 304|0x0000000093000000, 0x0000000093000000, 0x0000000093100000|  0%| F|  |TAMS 0x0000000093000000, 0x0000000093000000| Untracked 
| 305|0x0000000093100000, 0x0000000093100000, 0x0000000093200000|  0%| F|  |TAMS 0x0000000093100000, 0x0000000093100000| Untracked 
| 306|0x0000000093200000, 0x0000000093200000, 0x0000000093300000|  0%| F|  |TAMS 0x0000000093200000, 0x0000000093200000| Untracked 
| 307|0x0000000093300000, 0x000000009338e208, 0x0000000093400000| 55%| S|CS|TAMS 0x0000000093300000, 0x0000000093300000| Complete 
| 308|0x0000000093400000, 0x0000000093400000, 0x0000000093500000|  0%| F|  |TAMS 0x0000000093400000, 0x0000000093400000| Untracked 
| 309|0x0000000093500000, 0x0000000093500000, 0x0000000093600000|  0%| F|  |TAMS 0x0000000093500000, 0x0000000093500000| Untracked 
| 310|0x0000000093600000, 0x0000000093600000, 0x0000000093700000|  0%| F|  |TAMS 0x0000000093600000, 0x0000000093600000| Untracked 
| 311|0x0000000093700000, 0x0000000093700000, 0x0000000093800000|  0%| F|  |TAMS 0x0000000093700000, 0x0000000093700000| Untracked 
| 312|0x0000000093800000, 0x0000000093800000, 0x0000000093900000|  0%| F|  |TAMS 0x0000000093800000, 0x0000000093800000| Untracked 
| 313|0x0000000093900000, 0x0000000093900000, 0x0000000093a00000|  0%| F|  |TAMS 0x0000000093900000, 0x0000000093900000| Untracked 
| 314|0x0000000093a00000, 0x0000000093a00000, 0x0000000093b00000|  0%| F|  |TAMS 0x0000000093a00000, 0x0000000093a00000| Untracked 
| 315|0x0000000093b00000, 0x0000000093b00000, 0x0000000093c00000|  0%| F|  |TAMS 0x0000000093b00000, 0x0000000093b00000| Untracked 
| 316|0x0000000093c00000, 0x0000000093c00000, 0x0000000093d00000|  0%| F|  |TAMS 0x0000000093c00000, 0x0000000093c00000| Untracked 
| 317|0x0000000093d00000, 0x0000000093d00000, 0x0000000093e00000|  0%| F|  |TAMS 0x0000000093d00000, 0x0000000093d00000| Untracked 
| 318|0x0000000093e00000, 0x0000000093e00000, 0x0000000093f00000|  0%| F|  |TAMS 0x0000000093e00000, 0x0000000093e00000| Untracked 
| 319|0x0000000093f00000, 0x0000000093f00000, 0x0000000094000000|  0%| F|  |TAMS 0x0000000093f00000, 0x0000000093f00000| Untracked 
| 320|0x0000000094000000, 0x0000000094000000, 0x0000000094100000|  0%| F|  |TAMS 0x0000000094000000, 0x0000000094000000| Untracked 
| 321|0x0000000094100000, 0x0000000094200000, 0x0000000094200000|100%| O|  |TAMS 0x0000000094200000, 0x0000000094100000| Untracked 
| 322|0x0000000094200000, 0x0000000094300000, 0x0000000094300000|100%| O|  |TAMS 0x0000000094300000, 0x0000000094200000| Complete 
| 323|0x0000000094300000, 0x0000000094400000, 0x0000000094400000|100%| O|  |TAMS 0x0000000094400000, 0x0000000094300000| Untracked 
| 324|0x0000000094400000, 0x0000000094500000, 0x0000000094500000|100%| O|  |TAMS 0x0000000094500000, 0x0000000094400000| Complete 
| 325|0x0000000094500000, 0x0000000094600000, 0x0000000094600000|100%| O|  |TAMS 0x0000000094600000, 0x0000000094500000| Complete 
| 326|0x0000000094600000, 0x0000000094700000, 0x0000000094700000|100%| O|  |TAMS 0x0000000094700000, 0x0000000094600000| Complete 
| 327|0x0000000094700000, 0x0000000094800000, 0x0000000094800000|100%| O|  |TAMS 0x0000000094800000, 0x0000000094700000| Complete 
| 328|0x0000000094800000, 0x0000000094900000, 0x0000000094900000|100%| O|  |TAMS 0x0000000094900000, 0x0000000094800000| Complete 
| 329|0x0000000094900000, 0x0000000094a00000, 0x0000000094a00000|100%| O|  |TAMS 0x0000000094a00000, 0x0000000094900000| Complete 
| 330|0x0000000094a00000, 0x0000000094b00000, 0x0000000094b00000|100%| O|  |TAMS 0x0000000094b00000, 0x0000000094a00000| Complete 
| 331|0x0000000094b00000, 0x0000000094c00000, 0x0000000094c00000|100%| O|  |TAMS 0x0000000094c00000, 0x0000000094b00000| Untracked 
| 332|0x0000000094c00000, 0x0000000094c00000, 0x0000000094d00000|  0%| F|  |TAMS 0x0000000094c00000, 0x0000000094c00000| Untracked 
| 333|0x0000000094d00000, 0x0000000094e00000, 0x0000000094e00000|100%| O|  |TAMS 0x0000000094e00000, 0x0000000094d00000| Untracked 
| 334|0x0000000094e00000, 0x0000000094f00000, 0x0000000094f00000|100%| O|  |TAMS 0x0000000094f00000, 0x0000000094e00000| Complete 
| 335|0x0000000094f00000, 0x0000000094f00000, 0x0000000095000000|  0%| F|  |TAMS 0x0000000094f00000, 0x0000000094f00000| Untracked 
| 336|0x0000000095000000, 0x0000000095100000, 0x0000000095100000|100%| O|  |TAMS 0x0000000095100000, 0x0000000095000000| Complete 

Card table byte_map: [0x0000019c995d0000,0x0000019c999d0000] _byte_map_base: 0x0000019c991d0000

Marking Bits (Prev, Next): (CMBitMap*) 0x0000019c8491dd38, (CMBitMap*) 0x0000019c8491dd70
 Prev Bits: [0x0000019c99dd0000, 0x0000019c9bdd0000)
 Next Bits: [0x0000019c9bdd0000, 0x0000019c9ddd0000)

Polling page: 0x0000019c84760000

Metaspace:

Usage:
  Non-class:    119.83 MB capacity,   117.66 MB ( 98%) used,     1.70 MB (  1%) free+waste,   475.25 KB ( <1%) overhead. 
      Class:     17.79 MB capacity,    16.41 MB ( 92%) used,     1.18 MB (  7%) free+waste,   202.88 KB (  1%) overhead. 
       Both:    137.62 MB capacity,   134.08 MB ( 97%) used,     2.88 MB (  2%) free+waste,   678.13 KB ( <1%) overhead. 

Virtual space:
  Non-class space:      122.00 MB reserved,     121.19 MB (>99%) committed 
      Class space:        1.00 GB reserved,      18.82 MB (  2%) committed 
             Both:        1.12 GB reserved,     140.02 MB ( 12%) committed 

Chunk freelists:
   Non-Class:  1.24 MB
       Class:  1.01 MB
        Both:  2.25 MB

MaxMetaspaceSize: 17179869184.00 GB
CompressedClassSpaceSize: 1.00 GB
Initial GC threshold: 20.80 MB
Current GC threshold: 233.36 MB
CDS: off

CodeHeap 'non-profiled nmethods': size=120064Kb used=13392Kb max_used=13565Kb free=106671Kb
 bounds [0x0000019c91670000, 0x0000019c923d0000, 0x0000019c98bb0000]
CodeHeap 'profiled nmethods': size=120000Kb used=48037Kb max_used=50612Kb free=71962Kb
 bounds [0x0000019c8a140000, 0x0000019c8d2e0000, 0x0000019c91670000]
CodeHeap 'non-nmethods': size=5696Kb used=2468Kb max_used=2533Kb free=3227Kb
 bounds [0x0000019c89bb0000, 0x0000019c89e50000, 0x0000019c8a140000]
 total_blobs=22882 nmethods=21880 adapters=912
 compilation: enabled
              stopped_count=0, restarted_count=0
 full_count=0

Compilation events (20 events):
Event: 111.870 Thread 0x0000019ca51c9800 nmethod 25609 0x0000019c91d97210 code [0x0000019c91d973e0, 0x0000019c91d976c8]
Event: 111.870 Thread 0x0000019ca51c9800 25615       4       com.android.tools.r8.internal.mS::b (176 bytes)
Event: 111.877 Thread 0x0000019ca0430000 nmethod 25607 0x0000019c91d94610 code [0x0000019c91d948c0, 0x0000019c91d96350]
Event: 111.877 Thread 0x0000019ca0430000 25619       4       com.android.tools.r8.internal.dL::a (200 bytes)
Event: 111.886 Thread 0x0000019ca51c9800 nmethod 25615 0x0000019c91d93c90 code [0x0000019c91d93e80, 0x0000019c91d942c8]
Event: 111.886 Thread 0x0000019ca51c9800 25620       4       com.android.tools.r8.internal.eL$$Lambda$2893/0x00000001012ac440::compare (20 bytes)
Event: 111.943 Thread 0x0000019ca0436000 25625 %     3       com.android.tools.r8.internal.mS::f @ 106 (192 bytes)
Event: 111.946 Thread 0x0000019ca0436000 nmethod 25625% 0x0000019c8a34ac90 code [0x0000019c8a34af40, 0x0000019c8a34bd98]
Event: 111.946 Thread 0x0000019ca0436000 25626       3       com.android.tools.r8.internal.mS::f (192 bytes)
Event: 111.949 Thread 0x0000019ca0436000 nmethod 25626 0x0000019c8bcda490 code [0x0000019c8bcda720, 0x0000019c8bcdb318]
Event: 111.965 Thread 0x0000019ca0436000 25628 %     3       java.util.stream.SortedOps$SizedRefSortingSink::end @ 39 (129 bytes)
Event: 111.967 Thread 0x0000019ca0436000 nmethod 25628% 0x0000019c8bfe0990 code [0x0000019c8bfe0be0, 0x0000019c8bfe13f8]
Event: 112.049 Thread 0x0000019ca0436000 25631       1       java.lang.management.DefaultPlatformMBeanProvider$2::mbeanInterfaceNames (5 bytes)
Event: 112.049 Thread 0x0000019ca0436000 nmethod 25631 0x0000019c91d93990 code [0x0000019c91d93b40, 0x0000019c91d93bf8]
Event: 112.049 Thread 0x0000019ca0436000 25632       1       java.lang.management.DefaultPlatformMBeanProvider$9::mbeanInterfaceNames (5 bytes)
Event: 112.050 Thread 0x0000019ca0436000 nmethod 25632 0x0000019c91d93610 code [0x0000019c91d937c0, 0x0000019c91d93878]
Event: 112.050 Thread 0x0000019ca0436000 25633       1       com.sun.management.internal.PlatformMBeanProviderImpl$5::mbeanInterfaceNames (5 bytes)
Event: 112.050 Thread 0x0000019ca0436000 nmethod 25633 0x0000019c91d65a90 code [0x0000019c91d65c40, 0x0000019c91d65cf8]
Event: 112.050 Thread 0x0000019ca0436000 25634       1       com.sun.management.internal.PlatformMBeanProviderImpl$1::mbeanInterfaceNames (5 bytes)
Event: 112.050 Thread 0x0000019ca0436000 nmethod 25634 0x0000019c91d65790 code [0x0000019c91d65940, 0x0000019c91d659f8]

GC Heap History (20 events):
Event: 104.847 GC heap after
{Heap after GC invocations=53 (full 0):
 garbage-first heap   total 345088K, used 246272K [0x0000000080000000, 0x0000000100000000)
  region size 1024K, 9 young (9216K), 9 survivors (9216K)
 Metaspace       used 137086K, capacity 140757K, committed 143376K, reserved 1173504K
  class space    used 16804K, capacity 18214K, committed 19276K, reserved 1048576K
}
Event: 105.129 GC heap before
{Heap before GC invocations=53 (full 0):
 garbage-first heap   total 345088K, used 281088K [0x0000000080000000, 0x0000000100000000)
  region size 1024K, 43 young (44032K), 9 survivors (9216K)
 Metaspace       used 137096K, capacity 140757K, committed 143376K, reserved 1173504K
  class space    used 16804K, capacity 18214K, committed 19276K, reserved 1048576K
}
Event: 105.215 GC heap after
{Heap after GC invocations=54 (full 0):
 garbage-first heap   total 345088K, used 264704K [0x0000000080000000, 0x0000000100000000)
  region size 1024K, 6 young (6144K), 6 survivors (6144K)
 Metaspace       used 137096K, capacity 140757K, committed 143376K, reserved 1173504K
  class space    used 16804K, capacity 18214K, committed 19276K, reserved 1048576K
}
Event: 106.704 GC heap before
{Heap before GC invocations=54 (full 0):
 garbage-first heap   total 345088K, used 286208K [0x0000000080000000, 0x0000000100000000)
  region size 1024K, 28 young (28672K), 6 survivors (6144K)
 Metaspace       used 137114K, capacity 140751K, committed 143376K, reserved 1173504K
  class space    used 16803K, capacity 18212K, committed 19276K, reserved 1048576K
}
Event: 106.761 GC heap after
{Heap after GC invocations=55 (full 0):
 garbage-first heap   total 345088K, used 277504K [0x0000000080000000, 0x0000000100000000)
  region size 1024K, 4 young (4096K), 4 survivors (4096K)
 Metaspace       used 137114K, capacity 140751K, committed 143376K, reserved 1173504K
  class space    used 16803K, capacity 18212K, committed 19276K, reserved 1048576K
}
Event: 107.560 GC heap before
{Heap before GC invocations=56 (full 0):
 garbage-first heap   total 345088K, used 292864K [0x0000000080000000, 0x0000000100000000)
  region size 1024K, 19 young (19456K), 4 survivors (4096K)
 Metaspace       used 137164K, capacity 140754K, committed 143376K, reserved 1173504K
  class space    used 16803K, capacity 18212K, committed 19276K, reserved 1048576K
}
Event: 107.590 GC heap after
{Heap after GC invocations=57 (full 0):
 garbage-first heap   total 345088K, used 279040K [0x0000000080000000, 0x0000000100000000)
  region size 1024K, 1 young (1024K), 1 survivors (1024K)
 Metaspace       used 137164K, capacity 140754K, committed 143376K, reserved 1173504K
  class space    used 16803K, capacity 18212K, committed 19276K, reserved 1048576K
}
Event: 108.002 GC heap before
{Heap before GC invocations=57 (full 0):
 garbage-first heap   total 345088K, used 293376K [0x0000000080000000, 0x0000000100000000)
  region size 1024K, 16 young (16384K), 1 survivors (1024K)
 Metaspace       used 137243K, capacity 140858K, committed 143376K, reserved 1173504K
  class space    used 16808K, capacity 18222K, committed 19276K, reserved 1048576K
}
Event: 108.075 GC heap after
{Heap after GC invocations=58 (full 0):
 garbage-first heap   total 345088K, used 260793K [0x0000000080000000, 0x0000000100000000)
  region size 1024K, 2 young (2048K), 2 survivors (2048K)
 Metaspace       used 137243K, capacity 140858K, committed 143376K, reserved 1173504K
  class space    used 16808K, capacity 18222K, committed 19276K, reserved 1048576K
}
Event: 108.769 GC heap before
{Heap before GC invocations=58 (full 0):
 garbage-first heap   total 345088K, used 283321K [0x0000000080000000, 0x0000000100000000)
  region size 1024K, 25 young (25600K), 2 survivors (2048K)
 Metaspace       used 137257K, capacity 140863K, committed 143376K, reserved 1173504K
  class space    used 16808K, capacity 18222K, committed 19276K, reserved 1048576K
}
Event: 108.801 GC heap after
{Heap after GC invocations=59 (full 0):
 garbage-first heap   total 345088K, used 264704K [0x0000000080000000, 0x0000000100000000)
  region size 1024K, 4 young (4096K), 4 survivors (4096K)
 Metaspace       used 137257K, capacity 140863K, committed 143376K, reserved 1173504K
  class space    used 16808K, capacity 18222K, committed 19276K, reserved 1048576K
}
Event: 109.164 GC heap before
{Heap before GC invocations=59 (full 0):
 garbage-first heap   total 345088K, used 286208K [0x0000000080000000, 0x0000000100000000)
  region size 1024K, 26 young (26624K), 4 survivors (4096K)
 Metaspace       used 137266K, capacity 140863K, committed 143376K, reserved 1173504K
  class space    used 16808K, capacity 18222K, committed 19276K, reserved 1048576K
}
Event: 109.182 GC heap after
{Heap after GC invocations=60 (full 0):
 garbage-first heap   total 345088K, used 266621K [0x0000000080000000, 0x0000000100000000)
  region size 1024K, 2 young (2048K), 2 survivors (2048K)
 Metaspace       used 137266K, capacity 140863K, committed 143376K, reserved 1173504K
  class space    used 16808K, capacity 18222K, committed 19276K, reserved 1048576K
}
Event: 109.471 GC heap before
{Heap before GC invocations=60 (full 0):
 garbage-first heap   total 345088K, used 277885K [0x0000000080000000, 0x0000000100000000)
  region size 1024K, 14 young (14336K), 2 survivors (2048K)
 Metaspace       used 137279K, capacity 140863K, committed 143376K, reserved 1173504K
  class space    used 16808K, capacity 18222K, committed 19276K, reserved 1048576K
}
Event: 109.488 GC heap after
{Heap after GC invocations=61 (full 0):
 garbage-first heap   total 345088K, used 267481K [0x0000000080000000, 0x0000000100000000)
  region size 1024K, 3 young (3072K), 3 survivors (3072K)
 Metaspace       used 137279K, capacity 140863K, committed 143376K, reserved 1173504K
  class space    used 16808K, capacity 18222K, committed 19276K, reserved 1048576K
}
Event: 110.601 GC heap before
{Heap before GC invocations=61 (full 0):
 garbage-first heap   total 345088K, used 297177K [0x0000000080000000, 0x0000000100000000)
  region size 1024K, 25 young (25600K), 3 survivors (3072K)
 Metaspace       used 137291K, capacity 140927K, committed 143376K, reserved 1173504K
  class space    used 16808K, capacity 18222K, committed 19276K, reserved 1048576K
}
Event: 110.640 GC heap after
{Heap after GC invocations=62 (full 0):
 garbage-first heap   total 345088K, used 275536K [0x0000000080000000, 0x0000000100000000)
  region size 1024K, 3 young (3072K), 3 survivors (3072K)
 Metaspace       used 137291K, capacity 140927K, committed 143376K, reserved 1173504K
  class space    used 16808K, capacity 18222K, committed 19276K, reserved 1048576K
}
Event: 111.999 GC heap before
{Heap before GC invocations=63 (full 0):
 garbage-first heap   total 345088K, used 286800K [0x0000000080000000, 0x0000000100000000)
  region size 1024K, 23 young (23552K), 3 survivors (3072K)
 Metaspace       used 137296K, capacity 140927K, committed 143376K, reserved 1173504K
  class space    used 16808K, capacity 18222K, committed 19276K, reserved 1048576K
}
Event: 112.048 GC heap after
{Heap after GC invocations=64 (full 0):
 garbage-first heap   total 345088K, used 268398K [0x0000000080000000, 0x0000000100000000)
  region size 1024K, 3 young (3072K), 3 survivors (3072K)
 Metaspace       used 137296K, capacity 140927K, committed 143376K, reserved 1173504K
  class space    used 16808K, capacity 18222K, committed 19276K, reserved 1048576K
}
Event: 112.382 GC heap before
{Heap before GC invocations=64 (full 0):
 garbage-first heap   total 345088K, used 280686K [0x0000000080000000, 0x0000000100000000)
  region size 1024K, 16 young (16384K), 3 survivors (3072K)
 Metaspace       used 137296K, capacity 140927K, committed 143376K, reserved 1173504K
  class space    used 16808K, capacity 18222K, committed 19276K, reserved 1048576K
}

Deoptimization events (20 events):
Event: 111.602 Thread 0x0000019cb0d73800 Uncommon trap: trap_request=0xffffffc6 fr.pc=0x0000019c91e8fc6c relative=0x000000000000068c
Event: 111.602 Thread 0x0000019cb0d73800 Uncommon trap: reason=bimorphic_or_optimized_type_check action=maybe_recompile pc=0x0000019c91e8fc6c method=com.android.tools.r8.internal.eL.a(Lcom/android/tools/r8/internal/rc;Lcom/android/tools/r8/internal/tY;Lcom/android/tools/r8/internal/tY;)I @ 3 c2
Event: 111.602 Thread 0x0000019cb0d73800 DEOPT PACKING pc=0x0000019c91e8fc6c sp=0x0000002a7c9feaa0
Event: 111.602 Thread 0x0000019cb0d73800 DEOPT UNPACKING pc=0x0000019c89bfa1af sp=0x0000002a7c9fe9e8 mode 2
Event: 111.602 Thread 0x0000019cb0d73800 Uncommon trap: trap_request=0xffffffc6 fr.pc=0x0000019c91e8fc6c relative=0x000000000000068c
Event: 111.602 Thread 0x0000019cb0d73800 Uncommon trap: reason=bimorphic_or_optimized_type_check action=maybe_recompile pc=0x0000019c91e8fc6c method=com.android.tools.r8.internal.eL.a(Lcom/android/tools/r8/internal/rc;Lcom/android/tools/r8/internal/tY;Lcom/android/tools/r8/internal/tY;)I @ 3 c2
Event: 111.602 Thread 0x0000019cb0d73800 DEOPT PACKING pc=0x0000019c91e8fc6c sp=0x0000002a7c9feb40
Event: 111.602 Thread 0x0000019cb0d73800 DEOPT UNPACKING pc=0x0000019c89bfa1af sp=0x0000002a7c9fea88 mode 2
Event: 111.602 Thread 0x0000019cb0d73800 Uncommon trap: trap_request=0xffffffc6 fr.pc=0x0000019c91e8fc6c relative=0x000000000000068c
Event: 111.602 Thread 0x0000019cb0d73800 Uncommon trap: reason=bimorphic_or_optimized_type_check action=maybe_recompile pc=0x0000019c91e8fc6c method=com.android.tools.r8.internal.eL.a(Lcom/android/tools/r8/internal/rc;Lcom/android/tools/r8/internal/tY;Lcom/android/tools/r8/internal/tY;)I @ 3 c2
Event: 111.602 Thread 0x0000019cb0d73800 DEOPT PACKING pc=0x0000019c91e8fc6c sp=0x0000002a7c9feb40
Event: 111.602 Thread 0x0000019cb0d73800 DEOPT UNPACKING pc=0x0000019c89bfa1af sp=0x0000002a7c9fea88 mode 2
Event: 111.771 Thread 0x0000019cb0d7c800 DEOPT PACKING pc=0x0000019c8abfb221 sp=0x0000002a7ccfea90
Event: 111.771 Thread 0x0000019cb0d7c800 DEOPT UNPACKING pc=0x0000019c89bfa95e sp=0x0000002a7ccfdfa0 mode 0
Event: 111.786 Thread 0x0000019cb0d7c800 Uncommon trap: trap_request=0xffffff4d fr.pc=0x0000019c91d98ab4 relative=0x00000000000007f4
Event: 111.786 Thread 0x0000019cb0d7c800 Uncommon trap: reason=unstable_if action=reinterpret pc=0x0000019c91d98ab4 method=com.android.tools.r8.internal.eL.a(Ljava/util/Collection;Ljava/util/Comparator;Ljava/util/function/Consumer;I)Lcom/android/tools/r8/internal/aS; @ 84 c2
Event: 111.786 Thread 0x0000019cb0d7c800 DEOPT PACKING pc=0x0000019c91d98ab4 sp=0x0000002a7ccfeae0
Event: 111.786 Thread 0x0000019cb0d7c800 DEOPT UNPACKING pc=0x0000019c89bfa1af sp=0x0000002a7ccfeaa0 mode 2
Event: 111.947 Thread 0x0000019cb0d7c800 DEOPT PACKING pc=0x0000019c8a6f90b0 sp=0x0000002a7ccfe600
Event: 111.947 Thread 0x0000019cb0d7c800 DEOPT UNPACKING pc=0x0000019c89bfa95e sp=0x0000002a7ccfdb68 mode 0

Classes redefined (0 events):
No events

Internal exceptions (20 events):
Event: 98.157 Thread 0x0000019ca3243800 Exception <a 'sun/nio/fs/WindowsException'{0x0000000091b583a0}> (0x0000000091b583a0) thrown at [./src/hotspot/share/prims/jni.cpp, line 616]
Event: 98.177 Thread 0x0000019ca3243800 Exception <a 'sun/nio/fs/WindowsException'{0x0000000091bf4ea0}> (0x0000000091bf4ea0) thrown at [./src/hotspot/share/prims/jni.cpp, line 616]
Event: 98.178 Thread 0x0000019ca3243800 Exception <a 'sun/nio/fs/WindowsException'{0x0000000091bf6218}> (0x0000000091bf6218) thrown at [./src/hotspot/share/prims/jni.cpp, line 616]
Event: 98.178 Thread 0x0000019ca3243800 Exception <a 'sun/nio/fs/WindowsException'{0x0000000091bf75e0}> (0x0000000091bf75e0) thrown at [./src/hotspot/share/prims/jni.cpp, line 616]
Event: 98.179 Thread 0x0000019ca3243800 Exception <a 'sun/nio/fs/WindowsException'{0x0000000091bf89a8}> (0x0000000091bf89a8) thrown at [./src/hotspot/share/prims/jni.cpp, line 616]
Event: 98.440 Thread 0x0000019ca3243800 Exception <a 'sun/nio/fs/WindowsException'{0x000000009138ed90}> (0x000000009138ed90) thrown at [./src/hotspot/share/prims/jni.cpp, line 616]
Event: 102.003 Thread 0x0000019cb0d72000 Exception <a 'sun/nio/fs/WindowsException'{0x0000000092d36498}> (0x0000000092d36498) thrown at [./src/hotspot/share/prims/jni.cpp, line 616]
Event: 102.003 Thread 0x0000019cb0d72000 Exception <a 'sun/nio/fs/WindowsException'{0x0000000092d37358}> (0x0000000092d37358) thrown at [./src/hotspot/share/prims/jni.cpp, line 616]
Event: 102.006 Thread 0x0000019cb0d72000 Exception <a 'sun/nio/fs/WindowsException'{0x0000000092d37b78}> (0x0000000092d37b78) thrown at [./src/hotspot/share/prims/jni.cpp, line 616]
Event: 102.006 Thread 0x0000019cb0d72000 Exception <a 'sun/nio/fs/WindowsException'{0x0000000092d38a30}> (0x0000000092d38a30) thrown at [./src/hotspot/share/prims/jni.cpp, line 616]
Event: 102.006 Thread 0x0000019cb0d72000 Exception <a 'sun/nio/fs/WindowsException'{0x0000000092d38d08}> (0x0000000092d38d08) thrown at [./src/hotspot/share/prims/jni.cpp, line 616]
Event: 102.006 Thread 0x0000019cb0d72000 Exception <a 'sun/nio/fs/WindowsException'{0x0000000092d39b90}> (0x0000000092d39b90) thrown at [./src/hotspot/share/prims/jni.cpp, line 616]
Event: 102.007 Thread 0x0000019cb0d72000 Exception <a 'sun/nio/fs/WindowsException'{0x0000000092d39e80}> (0x0000000092d39e80) thrown at [./src/hotspot/share/prims/jni.cpp, line 616]
Event: 102.026 Thread 0x0000019cb0d72000 Exception <a 'java/lang/NoSuchMethodError'{0x0000000092c78300}: <clinit>> (0x0000000092c78300) thrown at [./src/hotspot/share/prims/jni.cpp, line 1366]
Event: 102.159 Thread 0x0000019cb0d77000 Exception <a 'java/lang/NoSuchMethodError'{0x00000000929b4038}: 'void java.lang.invoke.DirectMethodHandle$Holder.invokeStatic(java.lang.Object, long)'> (0x00000000929b4038) thrown at [./src/hotspot/share/interpreter/linkResolver.cpp, line 773]
Event: 102.163 Thread 0x0000019cb0d77000 Exception <a 'java/lang/NoSuchMethodError'{0x00000000929d4640}: 'java.lang.Object java.lang.invoke.DirectMethodHandle$Holder.invokeStaticInit(java.lang.Object, java.lang.Object, long, java.lang.Object)'> (0x00000000929d4640) thrown at [./src/hotspot/share/interpreter/linkResolver.cpp, line 773]
Event: 102.164 Thread 0x0000019cb0d77000 Exception <a 'java/lang/NoSuchMethodError'{0x00000000929da880}: 'java.lang.Object java.lang.invoke.DirectMethodHandle$Holder.invokeStatic(java.lang.Object, java.lang.Object, long)'> (0x00000000929da880) thrown at [./src/hotspot/share/interpreter/linkResolver.cpp, line 773]
Event: 102.165 Thread 0x0000019cb0d77000 Exception <a 'java/lang/NoSuchMethodError'{0x00000000929e0df8}: 'java.lang.Object java.lang.invoke.Invokers$Holder.linkToTargetMethod(java.lang.Object, long, java.lang.Object)'> (0x00000000929e0df8) thrown at [./src/hotspot/share/interpreter/linkResolver.cpp, line 773]
Event: 102.303 Thread 0x0000019cb0d77000 Exception <a 'java/lang/NoSuchMethodError'{0x00000000927a7be8}: 'int java.lang.invoke.DirectMethodHandle$Holder.invokeSpecialIFC(java.lang.Object, java.lang.Object, java.lang.Object)'> (0x00000000927a7be8) thrown at [./src/hotspot/share/interpreter/linkResolver.cpp, line 773]
Event: 103.264 Thread 0x0000019cb0d76000 Exception <a 'sun/nio/fs/WindowsException'{0x0000000092346168}> (0x0000000092346168) thrown at [./src/hotspot/share/prims/jni.cpp, line 616]

Events (20 events):
Event: 108.801 Executing VM operation: G1CollectForAllocation done
Event: 108.806 Executing VM operation: RevokeBias
Event: 108.806 Executing VM operation: RevokeBias done
Event: 109.164 Executing VM operation: G1CollectForAllocation
Event: 109.182 Executing VM operation: G1CollectForAllocation done
Event: 109.471 Executing VM operation: G1CollectForAllocation
Event: 109.488 Executing VM operation: G1CollectForAllocation done
Event: 110.600 Executing VM operation: G1CollectForAllocation
Event: 110.640 Executing VM operation: G1CollectForAllocation done
Event: 111.079 Executing VM operation: CGC_Operation
Event: 111.120 Executing VM operation: CGC_Operation done
Event: 111.405 Executing VM operation: BulkRevokeBias
Event: 111.411 Executing VM operation: BulkRevokeBias done
Event: 111.817 Thread 0x0000019ca51c9800 Thread exited: 0x0000019ca51c9800
Event: 111.856 Thread 0x0000019ca51c9800 Thread added: 0x0000019ca51c9800
Event: 111.946 Executing VM operation: CGC_Operation
Event: 111.947 Executing VM operation: CGC_Operation done
Event: 111.999 Executing VM operation: G1CollectForAllocation
Event: 112.049 Executing VM operation: G1CollectForAllocation done
Event: 112.381 Executing VM operation: G1CollectForAllocation


Dynamic libraries:
0x00007ff74d8f0000 - 0x00007ff74d8fa000 	C:\Program Files\Android\Android Studio1\jre\bin\java.exe
0x00007ffb8f430000 - 0x00007ffb8f628000 	C:\Windows\SYSTEM32\ntdll.dll
0x00007ffb8dc70000 - 0x00007ffb8dd2f000 	C:\Windows\System32\KERNEL32.DLL
0x00007ffb8cf70000 - 0x00007ffb8d242000 	C:\Windows\System32\KERNELBASE.dll
0x00007ffb8cd60000 - 0x00007ffb8ce60000 	C:\Windows\System32\ucrtbase.dll
0x00007ffb7b180000 - 0x00007ffb7b199000 	C:\Program Files\Android\Android Studio1\jre\bin\jli.dll
0x00007ffb7ad90000 - 0x00007ffb7ada7000 	C:\Program Files\Android\Android Studio1\jre\bin\VCRUNTIME140.dll
0x00007ffb8ee30000 - 0x00007ffb8efd1000 	C:\Windows\System32\USER32.dll
0x00007ffb8cd30000 - 0x00007ffb8cd52000 	C:\Windows\System32\win32u.dll
0x00007ffb8e150000 - 0x00007ffb8e17b000 	C:\Windows\System32\GDI32.dll
0x00007ffb8ce60000 - 0x00007ffb8cf6f000 	C:\Windows\System32\gdi32full.dll
0x00007ffb8d3d0000 - 0x00007ffb8d46d000 	C:\Windows\System32\msvcp_win.dll
0x00007ffb7bdf0000 - 0x00007ffb7c08a000 	C:\Windows\WinSxS\amd64_microsoft.windows.common-controls_6595b64144ccf1df_6.0.19041.1110_none_60b5254171f9507e\COMCTL32.dll
0x00007ffb8f1a0000 - 0x00007ffb8f23e000 	C:\Windows\System32\msvcrt.dll
0x00007ffb8e590000 - 0x00007ffb8e5c2000 	C:\Windows\System32\IMM32.DLL
0x00007ffb760f0000 - 0x00007ffb7618d000 	C:\Program Files\Android\Android Studio1\jre\bin\msvcp140.dll
0x00007ffb277c0000 - 0x00007ffb282c2000 	C:\Program Files\Android\Android Studio1\jre\bin\server\jvm.dll
0x00007ffb8e700000 - 0x00007ffb8e7ae000 	C:\Windows\System32\ADVAPI32.dll
0x00007ffb8dd30000 - 0x00007ffb8ddcc000 	C:\Windows\System32\sechost.dll
0x00007ffb8f250000 - 0x00007ffb8f375000 	C:\Windows\System32\RPCRT4.dll
0x00007ffb8f240000 - 0x00007ffb8f248000 	C:\Windows\System32\PSAPI.DLL
0x00007ffb34c80000 - 0x00007ffb34c89000 	C:\Windows\SYSTEM32\WSOCK32.dll
0x00007ffb77970000 - 0x00007ffb77997000 	C:\Windows\SYSTEM32\WINMM.dll
0x00007ffb8e940000 - 0x00007ffb8e9ab000 	C:\Windows\System32\WS2_32.dll
0x00007ffb7d100000 - 0x00007ffb7d10a000 	C:\Windows\SYSTEM32\VERSION.dll
0x00007ffb8b370000 - 0x00007ffb8b382000 	C:\Windows\SYSTEM32\kernel.appcore.dll
0x00007ffb277a0000 - 0x00007ffb277b1000 	C:\Program Files\Android\Android Studio1\jre\bin\verify.dll
0x00007ffb794d0000 - 0x00007ffb796b4000 	C:\Windows\SYSTEM32\DBGHELP.DLL
0x00007ffb780c0000 - 0x00007ffb780f5000 	C:\Windows\SYSTEM32\dbgcore.DLL
0x00007ffb8d280000 - 0x00007ffb8d302000 	C:\Windows\System32\bcryptPrimitives.dll
0x00007ffb27770000 - 0x00007ffb27799000 	C:\Program Files\Android\Android Studio1\jre\bin\java.dll
0x00007ffb27760000 - 0x00007ffb2776b000 	C:\Program Files\Android\Android Studio1\jre\bin\jimage.dll
0x00007ffb27740000 - 0x00007ffb27758000 	C:\Program Files\Android\Android Studio1\jre\bin\zip.dll
0x00007ffb8d520000 - 0x00007ffb8dc64000 	C:\Windows\System32\SHELL32.dll
0x00007ffb8aad0000 - 0x00007ffb8b262000 	C:\Windows\SYSTEM32\windows.storage.dll
0x00007ffb8ddd0000 - 0x00007ffb8e125000 	C:\Windows\System32\combase.dll
0x00007ffb8c4a0000 - 0x00007ffb8c4d0000 	C:\Windows\SYSTEM32\Wldp.dll
0x00007ffb8d470000 - 0x00007ffb8d51d000 	C:\Windows\System32\SHCORE.dll
0x00007ffb8e260000 - 0x00007ffb8e2b5000 	C:\Windows\System32\shlwapi.dll
0x00007ffb8ca60000 - 0x00007ffb8ca7f000 	C:\Windows\SYSTEM32\profapi.dll
0x00007ffb27720000 - 0x00007ffb2773a000 	C:\Program Files\Android\Android Studio1\jre\bin\net.dll
0x00007ffb7dd30000 - 0x00007ffb7de3c000 	C:\Windows\SYSTEM32\WINHTTP.dll
0x00007ffb8c200000 - 0x00007ffb8c26a000 	C:\Windows\system32\mswsock.dll
0x00007ffb27700000 - 0x00007ffb27714000 	C:\Program Files\Android\Android Studio1\jre\bin\nio.dll
0x00007ffb83030000 - 0x00007ffb83057000 	D:\native\e1d6ef7f7dcc3fd88c89a11ec53ec762bb8ba0a96d01ffa2cd45eb1d1d8dd5c5\windows-amd64\native-platform.dll
0x00007ffb75fa0000 - 0x00007ffb760e4000 	D:\native\0d407fdbe67a94daf76414ababcb853783967236a71b16ec16e742cd7a986fd3\windows-amd64\native-platform-file-events.dll
0x00007ffb276b0000 - 0x00007ffb276ba000 	C:\Program Files\Android\Android Studio1\jre\bin\management.dll
0x00007ffb276a0000 - 0x00007ffb276ad000 	C:\Program Files\Android\Android Studio1\jre\bin\management_ext.dll
0x00007ffb8c3f0000 - 0x00007ffb8c408000 	C:\Windows\SYSTEM32\CRYPTSP.dll
0x00007ffb8bb20000 - 0x00007ffb8bb54000 	C:\Windows\system32\rsaenh.dll
0x00007ffb8d250000 - 0x00007ffb8d277000 	C:\Windows\System32\bcrypt.dll
0x00007ffb8c9e0000 - 0x00007ffb8ca0e000 	C:\Windows\SYSTEM32\USERENV.dll
0x00007ffb8c410000 - 0x00007ffb8c41c000 	C:\Windows\SYSTEM32\CRYPTBASE.dll
0x00007ffb8bef0000 - 0x00007ffb8bf2b000 	C:\Windows\SYSTEM32\IPHLPAPI.DLL
0x00007ffb8f380000 - 0x00007ffb8f388000 	C:\Windows\System32\NSI.dll
0x00007ffb7e2c0000 - 0x00007ffb7e2d7000 	C:\Windows\SYSTEM32\dhcpcsvc6.DLL
0x00007ffb7f0a0000 - 0x00007ffb7f0bd000 	C:\Windows\SYSTEM32\dhcpcsvc.DLL
0x00007ffb8bf30000 - 0x00007ffb8bffa000 	C:\Windows\SYSTEM32\DNSAPI.dll
0x00007ffb8bc40000 - 0x00007ffb8bc73000 	C:\Windows\SYSTEM32\ntmarta.dll
0x00007ffb259f0000 - 0x00007ffb25a17000 	C:\Program Files\Android\Android Studio1\jre\bin\sunec.dll

dbghelp: loaded successfully - version: 4.0.5 - missing functions: none
symbol engine: initialized successfully - sym options: 0x614 - pdb path: .;C:\Program Files\Android\Android Studio1\jre\bin;C:\Windows\SYSTEM32;C:\Windows\WinSxS\amd64_microsoft.windows.common-controls_6595b64144ccf1df_6.0.19041.1110_none_60b5254171f9507e;C:\Program Files\Android\Android Studio1\jre\bin\server;D:\native\e1d6ef7f7dcc3fd88c89a11ec53ec762bb8ba0a96d01ffa2cd45eb1d1d8dd5c5\windows-amd64;D:\native\0d407fdbe67a94daf76414ababcb853783967236a71b16ec16e742cd7a986fd3\windows-amd64

VM Arguments:
jvm_args: --add-opens=java.base/java.util=ALL-UNNAMED --add-opens=java.base/java.lang=ALL-UNNAMED --add-opens=java.base/java.lang.invoke=ALL-UNNAMED --add-opens=java.base/java.util=ALL-UNNAMED --add-opens=java.prefs/java.util.prefs=ALL-UNNAMED --add-opens=java.prefs/java.util.prefs=ALL-UNNAMED --add-opens=java.base/java.nio.charset=ALL-UNNAMED --add-opens=java.base/java.net=ALL-UNNAMED --add-opens=java.base/java.util.concurrent.atomic=ALL-UNNAMED -Xmx2048m -Dfile.encoding=UTF-8 -Duser.country=US -Duser.language=en -Duser.variant 
java_command: org.gradle.launcher.daemon.bootstrap.GradleDaemon 7.4
java_class_path (initial): D:\wrapper\dists\gradle-7.4-bin\c0gwcg53nkjbqw7r0h0umtfvt\gradle-7.4\lib\gradle-launcher-7.4.jar
Launcher Type: SUN_STANDARD

[Global flags]
     intx CICompilerCount                          = 3                                         {product} {ergonomic}
     uint ConcGCThreads                            = 1                                         {product} {ergonomic}
     uint G1ConcRefinementThreads                  = 4                                         {product} {ergonomic}
   size_t G1HeapRegionSize                         = 1048576                                   {product} {ergonomic}
    uintx GCDrainStackTargetSize                   = 64                                        {product} {ergonomic}
   size_t InitialHeapSize                          = 134217728                                 {product} {ergonomic}
   size_t MarkStackSize                            = 4194304                                   {product} {ergonomic}
   size_t MaxHeapSize                              = 2147483648                                {product} {command line}
   size_t MaxNewSize                               = 1287651328                                {product} {ergonomic}
   size_t MinHeapDeltaBytes                        = 1048576                                   {product} {ergonomic}
    uintx NonNMethodCodeHeapSize                   = 5830732                                {pd product} {ergonomic}
    uintx NonProfiledCodeHeapSize                  = 122913754                              {pd product} {ergonomic}
    uintx ProfiledCodeHeapSize                     = 122913754                              {pd product} {ergonomic}
    uintx ReservedCodeCacheSize                    = 251658240                              {pd product} {ergonomic}
     bool SegmentedCodeCache                       = true                                      {product} {ergonomic}
     bool UseCompressedClassPointers               = true                                 {lp64_product} {ergonomic}
     bool UseCompressedOops                        = true                                 {lp64_product} {ergonomic}
     bool UseG1GC                                  = true                                      {product} {ergonomic}
     bool UseLargePagesIndividualAllocation        = false                                  {pd product} {ergonomic}

Logging:
Log output configuration:
 #0: stdout all=warning uptime,level,tags
 #1: stderr all=off uptime,level,tags

Environment Variables:
PATH=C:\Windows\system32;C:\Windows;C:\Windows\System32\Wbem;C:\Windows\System32\WindowsPowerShell\v1.0\;C:\Windows\System32\OpenSSH\;C:\Program Files\Git\cmd;C:\Program Files\dotnet\;C:\Users\Sammy\AppData\Local\Microsoft\WindowsApps;C:\Users\Sammy\.dotnet\tools
USERNAME=Sammy
OS=Windows_NT
PROCESSOR_IDENTIFIER=Intel64 Family 6 Model 69 Stepping 1, GenuineIntel



---------------  S Y S T E M  ---------------

OS: Windows 10 , 64 bit Build 19041 (10.0.19041.2364)
OS uptime: 0 days 0:46 hours

CPU:total 4 (initial active 4) (2 cores per cpu, 2 threads per core) family 6 model 69 stepping 1 microcode 0x25, cmov, cx8, fxsr, mmx, sse, sse2, sse3, ssse3, sse4.1, sse4.2, popcnt, avx, avx2, aes, clmul, erms, lzcnt, ht, tsc, tscinvbit, bmi1, bmi2, fma

Memory: 4k page, system-wide physical 8097M (905M free)
TotalPageFile size 9305M (AvailPageFile size 193M)
current process WorkingSet (physical memory assigned to process): 727M, peak: 766M
current process commit charge ("private bytes"): 757M, peak: 953M

vm_info: OpenJDK 64-Bit Server VM (11.0.13+0-b1751.21-8125866) for windows-amd64 JRE (11.0.13+0-b1751.21-8125866), built on Feb  2 2022 03:00:22 by "builder" with MS VC++ 14.0 (VS2015)

END.
